[dotenv@17.2.1] injecting env (9) from .env -- tip: ⚙️  specify custom .env file path with { path: '/custom/path/.env' }

============================================================
  비정상 가격 보정 (v3 - 2단계만)
  동작: dealAmount × 1000
============================================================

[2단계] 레코드 ×1000 보정 중...
[배치 1] 10000건 보정 (누적: 10,000건)
[배치 2] 10000건 보정 (누적: 20,000건)
[배치 3] 10000건 보정 (누적: 30,000건)
[배치 4] 10000건 보정 (누적: 40,000건)
[배치 5] 10000건 보정 (누적: 50,000건)
[배치 6] 10000건 보정 (누적: 60,000건)
[배치 7] 10000건 보정 (누적: 70,000건)
[배치 8] 10000건 보정 (누적: 80,000건)
[배치 9] 10000건 보정 (누적: 90,000건)
[배치 10] 10000건 보정 (누적: 100,000건)
[배치 11] 10000건 보정 (누적: 110,000건)
[배치 12] 10000건 보정 (누적: 120,000건)
[배치 13] 10000건 보정 (누적: 130,000건)
[배치 14] 10000건 보정 (누적: 140,000건)
[배치 15] 10000건 보정 (누적: 150,000건)
[배치 16] 10000건 보정 (누적: 160,000건)
[배치 17] 10000건 보정 (누적: 170,000건)
[배치 18] 10000건 보정 (누적: 180,000건)
[배치 19] 10000건 보정 (누적: 190,000건)
[배치 20] 10000건 보정 (누적: 200,000건)
[배치 21] 10000건 보정 (누적: 210,000건)
[배치 22] 10000건 보정 (누적: 220,000건)
[배치 23] 10000건 보정 (누적: 230,000건)
[배치 24] 10000건 보정 (누적: 240,000건)
[배치 25] 10000건 보정 (누적: 250,000건)
[배치 26] 10000건 보정 (누적: 260,000건)
[배치 27] 10000건 보정 (누적: 270,000건)
[배치 28] 10000건 보정 (누적: 280,000건)
[배치 29] 10000건 보정 (누적: 290,000건)
[배치 30] 10000건 보정 (누적: 300,000건)
[배치 31] 10000건 보정 (누적: 310,000건)
[배치 32] 10000건 보정 (누적: 320,000건)
[배치 33] 10000건 보정 (누적: 330,000건)
[배치 34] 10000건 보정 (누적: 340,000건)
[배치 35] 10000건 보정 (누적: 350,000건)
[배치 36] 10000건 보정 (누적: 360,000건)
[배치 37] 10000건 보정 (누적: 370,000건)
[배치 38] 10000건 보정 (누적: 380,000건)
[배치 39] 10000건 보정 (누적: 390,000건)
[배치 40] 10000건 보정 (누적: 400,000건)
[배치 41] 10000건 보정 (누적: 410,000건)
[배치 42] 10000건 보정 (누적: 420,000건)
[배치 43] 10000건 보정 (누적: 430,000건)
[배치 44] 10000건 보정 (누적: 440,000건)
[배치 45] 10000건 보정 (누적: 450,000건)
[배치 46] 10000건 보정 (누적: 460,000건)
[배치 47] 10000건 보정 (누적: 470,000건)
[배치 48] 10000건 보정 (누적: 480,000건)
[배치 49] 10000건 보정 (누적: 490,000건)
[배치 50] 10000건 보정 (누적: 500,000건)
[배치 51] 10000건 보정 (누적: 510,000건)
[배치 52] 10000건 보정 (누적: 520,000건)
[배치 53] 10000건 보정 (누적: 530,000건)
[배치 54] 10000건 보정 (누적: 540,000건)
[배치 55] 10000건 보정 (누적: 550,000건)
[배치 56] 10000건 보정 (누적: 560,000건)
[배치 57] 10000건 보정 (누적: 570,000건)
[배치 58] 10000건 보정 (누적: 580,000건)
[배치 59] 10000건 보정 (누적: 590,000건)
[배치 60] 10000건 보정 (누적: 600,000건)
[배치 61] 10000건 보정 (누적: 610,000건)
[배치 62] 10000건 보정 (누적: 620,000건)
[배치 63] 10000건 보정 (누적: 630,000건)
[배치 64] 10000건 보정 (누적: 640,000건)
[배치 65] 10000건 보정 (누적: 650,000건)
[배치 66] 10000건 보정 (누적: 660,000건)
[배치 67] 10000건 보정 (누적: 670,000건)
[배치 68] 10000건 보정 (누적: 680,000건)
[배치 69] 7899건 보정 (누적: 687,899건)

✅ 더 이상 보정할 레코드가 없습니다.

============================================================
  보정 완료!
  
  보정된 레코드: 687,899건
  남은 비정상 레코드: 0건
  소요 시간: 23.3분
============================================================

