[dotenv@17.2.1] injecting env (9) from .env -- tip: β™οΈ  load multiple .env files with { path: ['.env.local', '.env'] }

============================================================
  π”„ μΌμΌ λ°μ΄ν„° λ™κΈ°ν™”
  κ²€μ¦ κΈ°κ°„: μµκ·Ό 3κ°μ›”
  μ‹μ‘ μ‹κ°„: 2025-12-13T22:52:44.652Z
============================================================

[2025-12-13T22:52:44.659Z] μ§€μ—­ μ½”λ“ λ΅λ“ μ™„λ£: 280κ°
β… MySQL μ—°κ²° μ„±κ³µ!
[2025-12-13T22:52:45.023Z] κ²€μ¦ λ€μƒ: 3κ°μ›” Γ— 280κ° μ§€μ—­ Γ— 2 (λ§¤λ§¤/μ „μ›”μ„Έ)
[2025-12-13T22:52:45.025Z] κ²€μ¦ κΈ°κ°„: 2025-10 ~ 2025-12

π“… 2025λ…„ 12μ›” κ²€μ¦ μ¤‘...
[2025-12-13T22:52:45.966Z] β οΈ [deal] μ„μΈνΉλ³„μ‹ κ°•λ‚¨κµ¬ 2025-12: API(12) > DB(8), μ°¨μ΄ 4κ±΄ β†’ λ³µκµ¬ μ‹μ‘
[2025-12-13T22:52:46.490Z] [deal] μ„μΈνΉλ³„μ‹ κ°•λ‚¨κµ¬ 2025-12: 12κ±΄ λ³µκµ¬ μ™„λ£
[2025-12-13T22:52:46.861Z] β οΈ [rent] μ„μΈνΉλ³„μ‹ κ°•λ‚¨κµ¬ 2025-12: API(453) > DB(442), μ°¨μ΄ 11κ±΄ β†’ λ³µκµ¬ μ‹μ‘
[2025-12-13T22:52:56.497Z] [rent] μ„μΈνΉλ³„μ‹ κ°•λ‚¨κµ¬ 2025-12: 453κ±΄ λ³µκµ¬ μ™„λ£
[2025-12-13T22:52:56.812Z] β οΈ [deal] μ„μΈνΉλ³„μ‹ κ°•λ™κµ¬ 2025-12: API(13) > DB(4), μ°¨μ΄ 9κ±΄ β†’ λ³µκµ¬ μ‹μ‘
[2025-12-13T22:52:57.274Z] [deal] μ„μΈνΉλ³„μ‹ κ°•λ™κµ¬ 2025-12: 13κ±΄ λ³µκµ¬ μ™„λ£
[2025-12-13T22:52:57.924Z] β οΈ [rent] μ„μΈνΉλ³„μ‹ κ°•λ™κµ¬ 2025-12: API(360) > DB(350), μ°¨μ΄ 10κ±΄ β†’ λ³µκµ¬ μ‹μ‘
[2025-12-13T22:53:06.055Z] [rent] μ„μΈνΉλ³„μ‹ κ°•λ™κµ¬ 2025-12: 360κ±΄ λ³µκµ¬ μ™„λ£
[2025-12-13T22:53:06.370Z] β οΈ [deal] μ„μΈνΉλ³„μ‹ κ°•λ¶κµ¬ 2025-12: API(15) > DB(11), μ°¨μ΄ 4κ±΄ β†’ λ³µκµ¬ μ‹μ‘
[2025-12-13T22:53:06.886Z] [deal] μ„μΈνΉλ³„μ‹ κ°•λ¶κµ¬ 2025-12: 15κ±΄ λ³µκµ¬ μ™„λ£
[2025-12-13T22:53:07.945Z] β οΈ [rent] μ„μΈνΉλ³„μ‹ κ°•λ¶κµ¬ 2025-12: API(84) > DB(83), μ°¨μ΄ 1κ±΄ β†’ λ³µκµ¬ μ‹μ‘
[2025-12-13T22:53:09.593Z] [rent] μ„μΈνΉλ³„μ‹ κ°•λ¶κµ¬ 2025-12: 84κ±΄ λ³µκµ¬ μ™„λ£
[2025-12-13T22:53:10.470Z] β οΈ [deal] μ„μΈνΉλ³„μ‹ κ°•μ„κµ¬ 2025-12: API(15) > DB(7), μ°¨μ΄ 8κ±΄ β†’ λ³µκµ¬ μ‹μ‘
[2025-12-13T22:53:11.025Z] [deal] μ„μΈνΉλ³„μ‹ κ°•μ„κµ¬ 2025-12: 15κ±΄ λ³µκµ¬ μ™„λ£
[2025-12-13T22:53:11.345Z] β οΈ [rent] μ„μΈνΉλ³„μ‹ κ°•μ„κµ¬ 2025-12: API(365) > DB(351), μ°¨μ΄ 14κ±΄ β†’ λ³µκµ¬ μ‹μ‘
[2025-12-13T22:53:18.856Z] [rent] μ„μΈνΉλ³„μ‹ κ°•μ„κµ¬ 2025-12: 365κ±΄ λ³µκµ¬ μ™„λ£
[2025-12-13T22:53:19.139Z] β οΈ [deal] μ„μΈνΉλ³„μ‹ κ΄€μ•…κµ¬ 2025-12: API(23) > DB(16), μ°¨μ΄ 7κ±΄ β†’ λ³µκµ¬ μ‹μ‘
[2025-12-13T22:53:20.028Z] [deal] μ„μΈνΉλ³„μ‹ κ΄€μ•…κµ¬ 2025-12: 23κ±΄ λ³µκµ¬ μ™„λ£
[2025-12-13T22:53:20.345Z] β οΈ [rent] μ„μΈνΉλ³„μ‹ κ΄€μ•…κµ¬ 2025-12: API(127) > DB(121), μ°¨μ΄ 6κ±΄ β†’ λ³µκµ¬ μ‹μ‘
[2025-12-13T22:53:23.696Z] [rent] μ„μΈνΉλ³„μ‹ κ΄€μ•…κµ¬ 2025-12: 127κ±΄ λ³µκµ¬ μ™„λ£
[2025-12-13T22:53:24.342Z] β οΈ [rent] μ„μΈνΉλ³„μ‹ κ΄‘μ§„κµ¬ 2025-12: API(102) > DB(100), μ°¨μ΄ 2κ±΄ β†’ λ³µκµ¬ μ‹μ‘
[2025-12-13T22:53:27.283Z] [rent] μ„μΈνΉλ³„μ‹ κ΄‘μ§„κµ¬ 2025-12: 102κ±΄ λ³µκµ¬ μ™„λ£
[2025-12-13T22:53:27.560Z] β οΈ [deal] μ„μΈνΉλ³„μ‹ κµ¬λ΅κµ¬ 2025-12: API(40) > DB(30), μ°¨μ΄ 10κ±΄ β†’ λ³µκµ¬ μ‹μ‘
[2025-12-13T22:53:28.526Z] [deal] μ„μΈνΉλ³„μ‹ κµ¬λ΅κµ¬ 2025-12: 40κ±΄ λ³µκµ¬ μ™„λ£
[2025-12-13T22:53:28.857Z] β οΈ [rent] μ„μΈνΉλ³„μ‹ κµ¬λ΅κµ¬ 2025-12: API(296) > DB(276), μ°¨μ΄ 20κ±΄ β†’ λ³µκµ¬ μ‹μ‘
[2025-12-13T22:53:34.463Z] [rent] μ„μΈνΉλ³„μ‹ κµ¬λ΅κµ¬ 2025-12: 296κ±΄ λ³µκµ¬ μ™„λ£
[2025-12-13T22:53:34.715Z] β οΈ [deal] μ„μΈνΉλ³„μ‹ κΈμ²κµ¬ 2025-12: API(16) > DB(10), μ°¨μ΄ 6κ±΄ β†’ λ³µκµ¬ μ‹μ‘
[2025-12-13T22:53:35.373Z] [deal] μ„μΈνΉλ³„μ‹ κΈμ²κµ¬ 2025-12: 16κ±΄ λ³µκµ¬ μ™„λ£
[2025-12-13T22:53:35.910Z] β οΈ [deal] μ„μΈνΉλ³„μ‹ λ…Έμ›κµ¬ 2025-12: API(27) > DB(18), μ°¨μ΄ 9κ±΄ β†’ λ³µκµ¬ μ‹μ‘
[2025-12-13T22:53:37.213Z] [deal] μ„μΈνΉλ³„μ‹ λ…Έμ›κµ¬ 2025-12: 27κ±΄ λ³µκµ¬ μ™„λ£
[2025-12-13T22:53:37.568Z] β οΈ [rent] μ„μΈνΉλ³„μ‹ λ…Έμ›κµ¬ 2025-12: API(309) > DB(297), μ°¨μ΄ 12κ±΄ β†’ λ³µκµ¬ μ‹μ‘
[2025-12-13T22:53:45.533Z] [rent] μ„μΈνΉλ³„μ‹ λ…Έμ›κµ¬ 2025-12: 309κ±΄ λ³µκµ¬ μ™„λ£
[2025-12-13T22:53:45.838Z] β οΈ [deal] μ„μΈνΉλ³„μ‹ λ„λ΄‰κµ¬ 2025-12: API(18) > DB(15), μ°¨μ΄ 3κ±΄ β†’ λ³µκµ¬ μ‹μ‘
[2025-12-13T22:53:46.430Z] [deal] μ„μΈνΉλ³„μ‹ λ„λ΄‰κµ¬ 2025-12: 18κ±΄ λ³µκµ¬ μ™„λ£
[2025-12-13T22:53:46.720Z] β οΈ [rent] μ„μΈνΉλ³„μ‹ λ„λ΄‰κµ¬ 2025-12: API(108) > DB(103), μ°¨μ΄ 5κ±΄ β†’ λ³µκµ¬ μ‹μ‘
[2025-12-13T22:53:49.365Z] [rent] μ„μΈνΉλ³„μ‹ λ„λ΄‰κµ¬ 2025-12: 108κ±΄ λ³µκµ¬ μ™„λ£
[2025-12-13T22:53:49.618Z] β οΈ [deal] μ„μΈνΉλ³„μ‹ λ™λ€λ¬Έκµ¬ 2025-12: API(29) > DB(24), μ°¨μ΄ 5κ±΄ β†’ λ³µκµ¬ μ‹μ‘
[2025-12-13T22:53:50.404Z] [deal] μ„μΈνΉλ³„μ‹ λ™λ€λ¬Έκµ¬ 2025-12: 29κ±΄ λ³µκµ¬ μ™„λ£
[2025-12-13T22:53:50.713Z] β οΈ [rent] μ„μΈνΉλ³„μ‹ λ™λ€λ¬Έκµ¬ 2025-12: API(138) > DB(131), μ°¨μ΄ 7κ±΄ β†’ λ³µκµ¬ μ‹μ‘
[2025-12-13T22:53:53.802Z] [rent] μ„μΈνΉλ³„μ‹ λ™λ€λ¬Έκµ¬ 2025-12: 138κ±΄ λ³µκµ¬ μ™„λ£
[2025-12-13T22:53:54.062Z] β οΈ [deal] μ„μΈνΉλ³„μ‹ λ™μ‘κµ¬ 2025-12: API(12) > DB(8), μ°¨μ΄ 4κ±΄ β†’ λ³µκµ¬ μ‹μ‘
[2025-12-13T22:53:54.694Z] [deal] μ„μΈνΉλ³„μ‹ λ™μ‘κµ¬ 2025-12: 12κ±΄ λ³µκµ¬ μ™„λ£
[2025-12-13T22:53:55.171Z] β οΈ [rent] μ„μΈνΉλ³„μ‹ λ™μ‘κµ¬ 2025-12: API(169) > DB(166), μ°¨μ΄ 3κ±΄ β†’ λ³µκµ¬ μ‹μ‘
[2025-12-13T22:53:58.856Z] [rent] μ„μΈνΉλ³„μ‹ λ™μ‘κµ¬ 2025-12: 169κ±΄ λ³µκµ¬ μ™„λ£
[2025-12-13T22:53:59.150Z] β οΈ [deal] μ„μΈνΉλ³„μ‹ λ§ν¬κµ¬ 2025-12: API(4) > DB(3), μ°¨μ΄ 1κ±΄ β†’ λ³µκµ¬ μ‹μ‘
[2025-12-13T22:53:59.530Z] [deal] μ„μΈνΉλ³„μ‹ λ§ν¬κµ¬ 2025-12: 4κ±΄ λ³µκµ¬ μ™„λ£
[2025-12-13T22:53:59.854Z] β οΈ [rent] μ„μΈνΉλ³„μ‹ λ§ν¬κµ¬ 2025-12: API(208) > DB(206), μ°¨μ΄ 2κ±΄ β†’ λ³µκµ¬ μ‹μ‘
[2025-12-13T22:54:04.425Z] [rent] μ„μΈνΉλ³„μ‹ λ§ν¬κµ¬ 2025-12: 208κ±΄ λ³µκµ¬ μ™„λ£
[2025-12-13T22:54:04.711Z] β οΈ [deal] μ„μΈνΉλ³„μ‹ μ„λ€λ¬Έκµ¬ 2025-12: API(32) > DB(21), μ°¨μ΄ 11κ±΄ β†’ λ³µκµ¬ μ‹μ‘
[2025-12-13T22:54:05.521Z] [deal] μ„μΈνΉλ³„μ‹ μ„λ€λ¬Έκµ¬ 2025-12: 32κ±΄ λ³µκµ¬ μ™„λ£
[2025-12-13T22:54:05.814Z] β οΈ [rent] μ„μΈνΉλ³„μ‹ μ„λ€λ¬Έκµ¬ 2025-12: API(212) > DB(201), μ°¨μ΄ 11κ±΄ β†’ λ³µκµ¬ μ‹μ‘
[2025-12-13T22:54:14.695Z] [rent] μ„μΈνΉλ³„μ‹ μ„λ€λ¬Έκµ¬ 2025-12: 212κ±΄ λ³µκµ¬ μ™„λ£
[2025-12-13T22:54:15.180Z] β οΈ [deal] μ„μΈνΉλ³„μ‹ μ„μ΄κµ¬ 2025-12: API(11) > DB(5), μ°¨μ΄ 6κ±΄ β†’ λ³µκµ¬ μ‹μ‘
[2025-12-13T22:54:16.321Z] [deal] μ„μΈνΉλ³„μ‹ μ„μ΄κµ¬ 2025-12: 11κ±΄ λ³µκµ¬ μ™„λ£
[2025-12-13T22:54:16.659Z] β οΈ [rent] μ„μΈνΉλ³„μ‹ μ„μ΄κµ¬ 2025-12: API(320) > DB(307), μ°¨μ΄ 13κ±΄ β†’ λ³µκµ¬ μ‹μ‘
[2025-12-13T22:54:25.074Z] [rent] μ„μΈνΉλ³„μ‹ μ„μ΄κµ¬ 2025-12: 320κ±΄ λ³µκµ¬ μ™„λ£
[2025-12-13T22:54:25.406Z] β οΈ [deal] μ„μΈνΉλ³„μ‹ μ„±λ™κµ¬ 2025-12: API(99) > DB(35), μ°¨μ΄ 64κ±΄ β†’ λ³µκµ¬ μ‹μ‘
[2025-12-13T22:54:27.195Z] [deal] μ„μΈνΉλ³„μ‹ μ„±λ™κµ¬ 2025-12: 99κ±΄ λ³µκµ¬ μ™„λ£
[2025-12-13T22:54:27.542Z] β οΈ [rent] μ„μΈνΉλ³„μ‹ μ„±λ™κµ¬ 2025-12: API(174) > DB(169), μ°¨μ΄ 5κ±΄ β†’ λ³µκµ¬ μ‹μ‘
[2025-12-13T22:54:30.998Z] [rent] μ„μΈνΉλ³„μ‹ μ„±λ™κµ¬ 2025-12: 174κ±΄ λ³µκµ¬ μ™„λ£
[2025-12-13T22:54:31.259Z] β οΈ [deal] μ„μΈνΉλ³„μ‹ μ„±λ¶κµ¬ 2025-12: API(45) > DB(35), μ°¨μ΄ 10κ±΄ β†’ λ³µκµ¬ μ‹μ‘
[2025-12-13T22:54:32.273Z] [deal] μ„μΈνΉλ³„μ‹ μ„±λ¶κµ¬ 2025-12: 45κ±΄ λ³µκµ¬ μ™„λ£
[2025-12-13T22:54:32.587Z] β οΈ [rent] μ„μΈνΉλ³„μ‹ μ„±λ¶κµ¬ 2025-12: API(221) > DB(213), μ°¨μ΄ 8κ±΄ β†’ λ³µκµ¬ μ‹μ‘
[2025-12-13T22:54:37.106Z] [rent] μ„μΈνΉλ³„μ‹ μ„±λ¶κµ¬ 2025-12: 221κ±΄ λ³µκµ¬ μ™„λ£
[2025-12-13T22:54:37.749Z] β οΈ [deal] μ„μΈνΉλ³„μ‹ μ†΅νκµ¬ 2025-12: API(35) > DB(15), μ°¨μ΄ 20κ±΄ β†’ λ³µκµ¬ μ‹μ‘
[2025-12-13T22:54:38.624Z] [deal] μ„μΈνΉλ³„μ‹ μ†΅νκµ¬ 2025-12: 35κ±΄ λ³µκµ¬ μ™„λ£
[2025-12-13T22:54:39.300Z] β οΈ [rent] μ„μΈνΉλ³„μ‹ μ†΅νκµ¬ 2025-12: API(689) > DB(642), μ°¨μ΄ 47κ±΄ β†’ λ³µκµ¬ μ‹μ‘
