[2025-12-11T15:39:12.271Z]    실패: 서울특별시 강남구 - (intermediate value) is not iterable
[2025-12-11T15:39:15.898Z]    실패: 서울특별시 강동구 - (intermediate value) is not iterable
[2025-12-11T15:39:17.355Z]    실패: 서울특별시 강북구 - (intermediate value) is not iterable
[2025-12-11T15:39:20.650Z]    실패: 서울특별시 강서구 - (intermediate value) is not iterable
[2025-12-11T15:39:22.643Z]    실패: 서울특별시 관악구 - (intermediate value) is not iterable
[2025-12-11T15:39:23.574Z]    실패: 서울특별시 광진구 - (intermediate value) is not iterable
[2025-12-11T15:39:25.158Z]    실패: 서울특별시 구로구 - (intermediate value) is not iterable
[2025-12-11T15:39:25.810Z]    실패: 서울특별시 금천구 - (intermediate value) is not iterable
[2025-12-11T15:39:28.449Z]    실패: 서울특별시 노원구 - (intermediate value) is not iterable
[2025-12-11T15:39:29.382Z]    실패: 서울특별시 도봉구 - (intermediate value) is not iterable
[2025-12-11T15:39:31.273Z]    실패: 서울특별시 동대문구 - (intermediate value) is not iterable
[2025-12-11T15:39:32.722Z]    실패: 서울특별시 동작구 - (intermediate value) is not iterable
[2025-12-11T15:39:34.572Z]    실패: 서울특별시 마포구 - (intermediate value) is not iterable
[2025-12-11T15:39:35.804Z]    실패: 서울특별시 서대문구 - (intermediate value) is not iterable
[2025-12-11T15:39:37.906Z]    실패: 서울특별시 서초구 - (intermediate value) is not iterable
[2025-12-11T15:39:39.119Z]    실패: 서울특별시 성동구 - (intermediate value) is not iterable
[2025-12-11T15:39:40.661Z]    실패: 서울특별시 성북구 - (intermediate value) is not iterable
[2025-12-11T15:39:43.085Z]    실패: 서울특별시 송파구 - (intermediate value) is not iterable
[2025-12-11T15:39:44.377Z]    실패: 서울특별시 양천구 - (intermediate value) is not iterable
[2025-12-11T15:39:46.147Z]    실패: 서울특별시 영등포구 - (intermediate value) is not iterable
[2025-12-11T15:39:46.915Z]    실패: 서울특별시 용산구 - (intermediate value) is not iterable
[2025-12-11T15:39:48.280Z]    실패: 서울특별시 은평구 - (intermediate value) is not iterable
[2025-12-11T15:39:48.816Z]    실패: 서울특별시 종로구 - (intermediate value) is not iterable
[2025-12-11T15:39:49.511Z]    실패: 서울특별시 중구 - (intermediate value) is not iterable
[2025-12-11T15:39:50.268Z]    실패: 서울특별시 중랑구 - (intermediate value) is not iterable
[2025-12-11T15:39:50.986Z]    실패: 경기도 가평군 - (intermediate value) is not iterable
[2025-12-11T15:39:53.335Z]    실패: 경기도 고양시 덕양구 - (intermediate value) is not iterable
[2025-12-11T15:39:54.370Z]    실패: 경기도 고양시 일산동구 - (intermediate value) is not iterable
[2025-12-11T15:39:56.347Z]    실패: 경기도 고양시 일산서구 - (intermediate value) is not iterable
[2025-12-11T15:39:57.312Z]    실패: 경기도 부천시 소사구  - (intermediate value) is not iterable
[2025-12-11T15:39:57.991Z]    실패: 경기도 부천시 오정구  - (intermediate value) is not iterable
[2025-12-11T15:39:59.825Z]    실패: 경기도 부천시 원미구  - (intermediate value) is not iterable
[2025-12-11T15:40:02.681Z]    실패: 경기도 성남시 분당구 - (intermediate value) is not iterable
[2025-12-11T15:40:03.307Z]    실패: 경기도 성남시 수정구 - (intermediate value) is not iterable
[2025-12-11T15:40:04.053Z]    실패: 경기도 성남시 중원구 - (intermediate value) is not iterable
[2025-12-11T15:40:06.581Z]    실패: 경기도 수원시 권선구 - (intermediate value) is not iterable
[2025-12-11T15:40:10.759Z]    실패: 경기도 수원시 영통구 - (intermediate value) is not iterable
[2025-12-11T15:40:11.974Z]    실패: 경기도 수원시 장안구 - (intermediate value) is not iterable
[2025-12-11T15:40:13.305Z]    실패: 경기도 수원시 팔달구 - (intermediate value) is not iterable
[2025-12-11T15:40:16.305Z]    실패: 경기도 안산시 단원구 - (intermediate value) is not iterable
[2025-12-11T15:40:17.148Z]    실패: 경기도 안산시 상록구 - (intermediate value) is not iterable
[2025-12-11T15:40:19.151Z]    실패: 경기도 안양시 동안구 - (intermediate value) is not iterable
[2025-12-11T15:40:20.149Z]    실패: 경기도 안양시 만안구 - (intermediate value) is not iterable
[2025-12-11T15:40:20.666Z]    실패: 경기도 양평군 - (intermediate value) is not iterable
[2025-12-11T15:40:21.365Z]    실패: 경기도 연천군 - (intermediate value) is not iterable
[2025-12-11T15:40:23.726Z]    실패: 경기도 용인시 기흥구 - (intermediate value) is not iterable
[2025-12-11T15:40:26.600Z]    실패: 경기도 용인시 수지구 - (intermediate value) is not iterable
[2025-12-11T15:40:28.017Z]    실패: 경기도 용인시 처인구 - (intermediate value) is not iterable
[2025-12-11T15:40:28.890Z]    실패: 부산광역시 강서구 - (intermediate value) is not iterable
[2025-12-11T15:40:30.474Z]    실패: 부산광역시 금정구 - (intermediate value) is not iterable
[2025-12-11T15:40:31.468Z]    실패: 부산광역시 기장군 - (intermediate value) is not iterable
[2025-12-11T15:40:32.912Z]    실패: 부산광역시 남구 - (intermediate value) is not iterable
[2025-12-11T15:40:33.562Z]    실패: 부산광역시 동구 - (intermediate value) is not iterable
[2025-12-11T15:40:35.286Z]    실패: 부산광역시 동래구 - (intermediate value) is not iterable
[2025-12-11T15:40:37.354Z]    실패: 부산광역시 부산진구 - (intermediate value) is not iterable
[2025-12-11T15:40:38.734Z]    실패: 부산광역시 북구 - (intermediate value) is not iterable
[2025-12-11T15:40:39.578Z]    실패: 부산광역시 사상구 - (intermediate value) is not iterable
[2025-12-11T15:40:41.411Z]    실패: 부산광역시 사하구 - (intermediate value) is not iterable
[2025-12-11T15:40:42.049Z]    실패: 부산광역시 서구 - (intermediate value) is not iterable
[2025-12-11T15:40:42.880Z]    실패: 부산광역시 수영구 - (intermediate value) is not iterable
[2025-12-11T15:40:44.311Z]    실패: 부산광역시 연제구 - (intermediate value) is not iterable
[2025-12-11T15:40:44.928Z]    실패: 부산광역시 영도구 - (intermediate value) is not iterable
[2025-12-11T15:40:45.360Z]    실패: 부산광역시 중구 - (intermediate value) is not iterable
[2025-12-11T15:40:47.143Z]    실패: 부산광역시 해운대구 - (intermediate value) is not iterable
[2025-12-11T15:40:47.885Z]    실패: 대구광역시 남구 - (intermediate value) is not iterable
[2025-12-11T15:40:51.081Z]    실패: 대구광역시 달서구 - (intermediate value) is not iterable
[2025-12-11T15:40:53.020Z]    실패: 대구광역시 달성군 - (intermediate value) is not iterable
[2025-12-11T15:40:54.869Z]    실패: 대구광역시 동구 - (intermediate value) is not iterable
[2025-12-11T15:40:57.268Z]    실패: 대구광역시 북구 - (intermediate value) is not iterable
[2025-12-11T15:40:57.902Z]    실패: 대구광역시 서구 - (intermediate value) is not iterable
[2025-12-11T15:40:59.980Z]    실패: 대구광역시 수성구 - (intermediate value) is not iterable
[2025-12-11T15:41:00.775Z]    실패: 대구광역시 중구 - (intermediate value) is not iterable
[2025-12-11T15:41:01.219Z]    실패: 인천광역시 강화군 - (intermediate value) is not iterable
[2025-12-11T15:41:02.746Z]    실패: 인천광역시 계양구 - (intermediate value) is not iterable
[2025-12-11T15:41:04.656Z]    실패: 인천광역시 남동구 - (intermediate value) is not iterable
[2025-12-11T15:41:05.560Z]    실패: 인천광역시 동구 - (intermediate value) is not iterable
[2025-12-11T15:41:07.799Z]    실패: 인천광역시 미추홀구 - (intermediate value) is not iterable
[2025-12-11T15:41:09.816Z]    실패: 인천광역시 부평구 - (intermediate value) is not iterable
[2025-12-11T15:41:12.983Z]    실패: 인천광역시 서구 - (intermediate value) is not iterable
[2025-12-11T15:41:15.766Z]    실패: 인천광역시 연수구 - (intermediate value) is not iterable
[2025-12-11T15:41:16.901Z]    실패: 인천광역시 중구 - (intermediate value) is not iterable
[2025-12-11T15:41:19.806Z]    실패: 광주광역시 광산구 - (intermediate value) is not iterable
[2025-12-11T15:41:21.658Z]    실패: 광주광역시 남구 - (intermediate value) is not iterable
[2025-12-11T15:41:22.237Z]    실패: 광주광역시 동구 - (intermediate value) is not iterable
[2025-12-11T15:41:24.848Z]    실패: 광주광역시 북구 - (intermediate value) is not iterable
[2025-12-11T15:41:26.269Z]    실패: 광주광역시 서구 - (intermediate value) is not iterable
[2025-12-11T15:41:27.587Z]    실패: 대전광역시 대덕구 - (intermediate value) is not iterable
[2025-12-11T15:41:28.859Z]    실패: 대전광역시 동구 - (intermediate value) is not iterable
[2025-12-11T15:41:31.458Z]    실패: 대전광역시 서구 - (intermediate value) is not iterable
[2025-12-11T15:41:33.468Z]    실패: 대전광역시 유성구 - (intermediate value) is not iterable
[2025-12-11T15:41:34.333Z]    실패: 대전광역시 중구 - (intermediate value) is not iterable
[2025-12-11T15:41:37.006Z]    실패: 울산광역시 남구 - (intermediate value) is not iterable
[2025-12-11T15:41:38.344Z]    실패: 울산광역시 동구 - (intermediate value) is not iterable
[2025-12-11T15:41:40.277Z]    실패: 울산광역시 북구 - (intermediate value) is not iterable
[2025-12-11T15:41:41.751Z]    실패: 울산광역시 울주군 - (intermediate value) is not iterable
[2025-12-11T15:41:43.294Z]    실패: 울산광역시 중구 - (intermediate value) is not iterable
[2025-12-11T15:41:43.664Z]    실패: 충청북도 괴산군 - (intermediate value) is not iterable
[2025-12-11T15:41:44.042Z]    실패: 충청북도 단양군 - (intermediate value) is not iterable
[2025-12-11T15:41:44.443Z]    실패: 충청북도 보은군 - (intermediate value) is not iterable
[2025-12-11T15:41:44.932Z]    실패: 충청북도 영동군 - (intermediate value) is not iterable
[2025-12-11T15:41:45.425Z]    실패: 충청북도 옥천군 - (intermediate value) is not iterable
[2025-12-11T15:41:46.249Z]    실패: 충청북도 음성군 - (intermediate value) is not iterable
[2025-12-11T15:41:46.749Z]    실패: 충청북도 증평군 - (intermediate value) is not iterable
[2025-12-11T15:41:47.490Z]    실패: 충청북도 진천군 - (intermediate value) is not iterable
[2025-12-11T15:41:49.113Z]    실패: 충청북도 청주시 상당구 - (intermediate value) is not iterable
[2025-12-11T15:41:50.370Z]    실패: 충청북도 청주시 서원구 - (intermediate value) is not iterable
[2025-12-11T15:41:51.821Z]    실패: 충청북도 청주시 청원구 - (intermediate value) is not iterable
[2025-12-11T15:41:53.929Z]    실패: 충청북도 청주시 흥덕구 - (intermediate value) is not iterable
[2025-12-11T15:41:54.307Z]    실패: 충청남도 금산군 - (intermediate value) is not iterable
[2025-12-11T15:41:54.621Z]    실패: 충청남도 부여군 - (intermediate value) is not iterable
[2025-12-11T15:41:55.559Z]    실패: 충청남도 서천군 - (intermediate value) is not iterable
[2025-12-11T15:41:55.930Z]    실패: 충청남도 예산군 - (intermediate value) is not iterable
[2025-12-11T15:41:57.572Z]    실패: 충청남도 천안시 동남구 - (intermediate value) is not iterable
[2025-12-11T15:42:01.360Z]    실패: 충청남도 천안시 서북구 - (intermediate value) is not iterable
[2025-12-11T15:42:01.678Z]    실패: 충청남도 청양군 - (intermediate value) is not iterable
[2025-12-11T15:42:02.086Z]    실패: 충청남도 태안군 - (intermediate value) is not iterable
[2025-12-11T15:42:02.866Z]    실패: 충청남도 홍성군 - (intermediate value) is not iterable
[2025-12-11T15:42:03.322Z]    실패: 전라남도 강진군 - (intermediate value) is not iterable
[2025-12-11T15:42:03.675Z]    실패: 전라남도 고흥군 - (intermediate value) is not iterable
[2025-12-11T15:42:04.019Z]    실패: 전라남도 곡성군 - (intermediate value) is not iterable
[2025-12-11T15:42:04.357Z]    실패: 전라남도 구례군 - (intermediate value) is not iterable
[2025-12-11T15:42:04.692Z]    실패: 전라남도 담양군 - (intermediate value) is not iterable
[2025-12-11T15:42:05.237Z]    실패: 전라남도 무안군 - (intermediate value) is not iterable
[2025-12-11T15:42:05.612Z]    실패: 전라남도 보성군 - (intermediate value) is not iterable
[2025-12-11T15:42:07.300Z]    실패: 전라남도 영광군 - (intermediate value) is not iterable
[2025-12-11T15:42:07.712Z]    실패: 전라남도 영암군 - (intermediate value) is not iterable
[2025-12-11T15:42:08.032Z]    실패: 전라남도 완도군 - (intermediate value) is not iterable
[2025-12-11T15:42:09.546Z]    실패: 전라남도 장성군 - (intermediate value) is not iterable
[2025-12-11T15:42:09.869Z]    실패: 전라남도 장흥군 - (intermediate value) is not iterable
[2025-12-11T15:42:10.193Z]    실패: 전라남도 진도군 - (intermediate value) is not iterable
[2025-12-11T15:42:11.796Z]    실패: 전라남도 함평군 - (intermediate value) is not iterable
[2025-12-11T15:42:12.175Z]    실패: 전라남도 해남군 - (intermediate value) is not iterable
[2025-12-11T15:42:13.261Z]    실패: 전라남도 화순군 - (intermediate value) is not iterable
[2025-12-11T15:42:13.605Z]    실패: 경상북도 고령군 - (intermediate value) is not iterable
[2025-12-11T15:42:13.905Z]    실패: 경상북도 봉화군 - (intermediate value) is not iterable
[2025-12-11T15:42:14.250Z]    실패: 경상북도 성주군 - (intermediate value) is not iterable
[2025-12-11T15:42:14.566Z]    실패: 경상북도 영덕군 - (intermediate value) is not iterable
[2025-12-11T15:42:15.335Z]    실패: 경상북도 예천군 - (intermediate value) is not iterable
[2025-12-11T15:42:15.642Z]    실패: 경상북도 울릉군 - (intermediate value) is not iterable
[2025-12-11T15:42:16.402Z]    실패: 경상북도 울진군 - (intermediate value) is not iterable
[2025-12-11T15:42:16.747Z]    실패: 경상북도 의성군 - (intermediate value) is not iterable
[2025-12-11T15:42:17.053Z]    실패: 경상북도 청도군 - (intermediate value) is not iterable
[2025-12-11T15:42:17.347Z]    실패: 경상북도 청송군 - (intermediate value) is not iterable
[2025-12-11T15:42:18.195Z]    실패: 경상북도 칠곡군 - (intermediate value) is not iterable
[2025-12-11T15:42:19.596Z]    실패: 경상북도 포항시 남구 - (intermediate value) is not iterable
[2025-12-11T15:42:20.811Z]    실패: 경상북도 포항시 북구 - (intermediate value) is not iterable
[2025-12-11T15:42:21.463Z]    실패: 경상남도 거창군 - (intermediate value) is not iterable
[2025-12-11T15:42:21.900Z]    실패: 경상남도 고성군 - (intermediate value) is not iterable
[2025-12-11T15:42:22.206Z]    실패: 경상남도 남해군 - (intermediate value) is not iterable
[2025-12-11T15:42:23.009Z]    실패: 경상남도 산청군 - (intermediate value) is not iterable
[2025-12-11T15:42:23.887Z]    실패: 경상남도 의령군 - (intermediate value) is not iterable
[2025-12-11T15:42:24.315Z]    실패: 경상남도 창녕군 - (intermediate value) is not iterable
[2025-12-11T15:42:25.268Z]    실패: 경상남도 창원시 마산합포구 - (intermediate value) is not iterable
[2025-12-11T15:42:26.310Z]    실패: 경상남도 창원시 마산회원구 - (intermediate value) is not iterable
[2025-12-11T15:42:27.976Z]    실패: 경상남도 창원시 성산구 - (intermediate value) is not iterable
[2025-12-11T15:42:29.010Z]    실패: 경상남도 창원시 의창구 - (intermediate value) is not iterable
[2025-12-11T15:42:30.169Z]    실패: 경상남도 창원시 진해구 - (intermediate value) is not iterable
[2025-12-11T15:42:30.601Z]    실패: 경상남도 하동군 - (intermediate value) is not iterable
[2025-12-11T15:42:31.006Z]    실패: 경상남도 함안군 - (intermediate value) is not iterable
[2025-12-11T15:42:31.939Z]    실패: 경상남도 함양군 - (intermediate value) is not iterable
[2025-12-11T15:42:32.276Z]    실패: 경상남도 합천군 - (intermediate value) is not iterable
[2025-12-11T15:42:33.090Z]    실패: 강원특별자치도 고성군 - (intermediate value) is not iterable
[2025-12-11T15:42:33.911Z]    실패: 강원특별자치도 양구군 - (intermediate value) is not iterable
[2025-12-11T15:42:34.257Z]    실패: 강원특별자치도 양양군 - (intermediate value) is not iterable
[2025-12-11T15:42:34.610Z]    실패: 강원특별자치도 영월군 - (intermediate value) is not iterable
[2025-12-11T15:42:35.263Z]    실패: 강원특별자치도 인제군 - (intermediate value) is not iterable
[2025-12-11T15:42:35.660Z]    실패: 강원특별자치도 정선군 - (intermediate value) is not iterable
[2025-12-11T15:42:35.983Z]    실패: 강원특별자치도 철원군 - (intermediate value) is not iterable
[2025-12-11T15:42:36.308Z]    실패: 강원특별자치도 평창군 - (intermediate value) is not iterable
[2025-12-11T15:42:36.735Z]    실패: 강원특별자치도 홍천군 - (intermediate value) is not iterable
[2025-12-11T15:42:37.092Z]    실패: 강원특별자치도 화천군 - (intermediate value) is not iterable
[2025-12-11T15:42:37.464Z]    실패: 강원특별자치도 횡성군 - (intermediate value) is not iterable
[2025-12-11T15:42:37.823Z]    실패: 전북특별자치도 고창군 - (intermediate value) is not iterable
[2025-12-11T15:42:38.146Z]    실패: 전북특별자치도 무주군 - (intermediate value) is not iterable
[2025-12-11T15:42:39.462Z]    실패: 전북특별자치도 부안군 - (intermediate value) is not iterable
[2025-12-11T15:42:39.785Z]    실패: 전북특별자치도 순창군 - (intermediate value) is not iterable
[2025-12-11T15:42:40.551Z]    실패: 전북특별자치도 완주군 - (intermediate value) is not iterable
[2025-12-11T15:42:40.862Z]    실패: 전북특별자치도 임실군 - (intermediate value) is not iterable
[2025-12-11T15:42:44.534Z]    실패: 전북특별자치도 전주시 덕진구 - (intermediate value) is not iterable
[2025-12-11T15:42:47.121Z]    실패: 전북특별자치도 전주시 완산구 - (intermediate value) is not iterable
[2025-12-11T15:42:47.426Z]    실패: 전북특별자치도 진안군 - (intermediate value) is not iterable
[2025-12-11T15:42:50.813Z]    실패: 서울특별시 강남구 - (intermediate value) is not iterable
[2025-12-11T15:42:53.776Z]    실패: 서울특별시 강동구 - (intermediate value) is not iterable
[2025-12-11T15:42:54.326Z]    실패: 서울특별시 강북구 - (intermediate value) is not iterable
[2025-12-11T15:42:56.453Z]    실패: 서울특별시 강서구 - (intermediate value) is not iterable
[2025-12-11T15:42:57.868Z]    실패: 서울특별시 관악구 - (intermediate value) is not iterable
[2025-12-11T15:42:58.971Z]    실패: 서울특별시 광진구 - (intermediate value) is not iterable
[2025-12-11T15:43:00.345Z]    실패: 서울특별시 구로구 - (intermediate value) is not iterable
[2025-12-11T15:43:01.439Z]    실패: 서울특별시 금천구 - (intermediate value) is not iterable
[2025-12-11T15:43:04.570Z]    실패: 서울특별시 노원구 - (intermediate value) is not iterable
[2025-12-11T15:43:05.677Z]    실패: 서울특별시 도봉구 - (intermediate value) is not iterable
[2025-12-11T15:43:07.161Z]    실패: 서울특별시 동대문구 - (intermediate value) is not iterable
[2025-12-11T15:43:08.958Z]    실패: 서울특별시 동작구 - (intermediate value) is not iterable
[2025-12-11T15:43:10.791Z]    실패: 서울특별시 마포구 - (intermediate value) is not iterable
[2025-12-11T15:43:12.269Z]    실패: 서울특별시 서대문구 - (intermediate value) is not iterable
[2025-12-11T15:43:14.877Z]    실패: 서울특별시 서초구 - (intermediate value) is not iterable
[2025-12-11T15:43:16.573Z]    실패: 서울특별시 성동구 - (intermediate value) is not iterable
[2025-12-11T15:43:17.842Z]    실패: 서울특별시 성북구 - (intermediate value) is not iterable
[2025-12-11T15:43:21.238Z]    실패: 서울특별시 송파구 - (intermediate value) is not iterable
[2025-12-11T15:43:22.800Z]    실패: 서울특별시 양천구 - (intermediate value) is not iterable
[2025-12-11T15:43:24.400Z]    실패: 서울특별시 영등포구 - (intermediate value) is not iterable
[2025-12-11T15:43:25.228Z]    실패: 서울특별시 용산구 - (intermediate value) is not iterable
[2025-12-11T15:43:26.209Z]    실패: 서울특별시 은평구 - (intermediate value) is not iterable
[2025-12-11T15:43:26.682Z]    실패: 서울특별시 종로구 - (intermediate value) is not iterable
[2025-12-11T15:43:27.510Z]    실패: 서울특별시 중구 - (intermediate value) is not iterable
[2025-12-11T15:43:28.403Z]    실패: 서울특별시 중랑구 - (intermediate value) is not iterable
[2025-12-11T15:43:28.936Z]    실패: 경기도 가평군 - (intermediate value) is not iterable
[2025-12-11T15:43:30.663Z]    실패: 경기도 고양시 덕양구 - (intermediate value) is not iterable
[2025-12-11T15:43:31.819Z]    실패: 경기도 고양시 일산동구 - (intermediate value) is not iterable
[2025-12-11T15:43:33.585Z]    실패: 경기도 고양시 일산서구 - (intermediate value) is not iterable
[2025-12-11T15:43:34.993Z]    실패: 경기도 부천시 소사구  - (intermediate value) is not iterable
[2025-12-11T15:43:35.633Z]    실패: 경기도 부천시 오정구  - (intermediate value) is not iterable
[2025-12-11T15:43:37.460Z]    실패: 경기도 부천시 원미구  - (intermediate value) is not iterable
[2025-12-11T15:43:40.273Z]    실패: 경기도 성남시 분당구 - (intermediate value) is not iterable
[2025-12-11T15:43:40.971Z]    실패: 경기도 성남시 수정구 - (intermediate value) is not iterable
[2025-12-11T15:43:41.968Z]    실패: 경기도 성남시 중원구 - (intermediate value) is not iterable
[2025-12-11T15:43:43.344Z]    실패: 경기도 수원시 권선구 - (intermediate value) is not iterable
[2025-12-11T15:43:46.007Z]    실패: 경기도 수원시 영통구 - (intermediate value) is not iterable
[2025-12-11T15:43:47.893Z]    실패: 경기도 수원시 장안구 - (intermediate value) is not iterable
[2025-12-11T15:43:48.902Z]    실패: 경기도 수원시 팔달구 - (intermediate value) is not iterable
[2025-12-11T15:43:50.324Z]    실패: 경기도 안산시 단원구 - (intermediate value) is not iterable
[2025-12-11T15:43:51.201Z]    실패: 경기도 안산시 상록구 - (intermediate value) is not iterable
[2025-12-11T15:43:53.222Z]    실패: 경기도 안양시 동안구 - (intermediate value) is not iterable
[2025-12-11T15:43:54.177Z]    실패: 경기도 안양시 만안구 - (intermediate value) is not iterable
[2025-12-11T15:43:54.856Z]    실패: 경기도 양평군 - (intermediate value) is not iterable
[2025-12-11T15:43:55.300Z]    실패: 경기도 연천군 - (intermediate value) is not iterable
[2025-12-11T15:43:57.611Z]    실패: 경기도 용인시 기흥구 - (intermediate value) is not iterable
[2025-12-11T15:44:00.618Z]    실패: 경기도 용인시 수지구 - (intermediate value) is not iterable
[2025-12-11T15:44:02.077Z]    실패: 경기도 용인시 처인구 - (intermediate value) is not iterable
[2025-12-11T15:44:02.812Z]    실패: 부산광역시 강서구 - (intermediate value) is not iterable
[2025-12-11T15:44:04.845Z]    실패: 부산광역시 금정구 - (intermediate value) is not iterable
[2025-12-11T15:44:05.810Z]    실패: 부산광역시 기장군 - (intermediate value) is not iterable
[2025-12-11T15:44:06.896Z]    실패: 부산광역시 남구 - (intermediate value) is not iterable
[2025-12-11T15:44:07.630Z]    실패: 부산광역시 동구 - (intermediate value) is not iterable
[2025-12-11T15:44:08.976Z]    실패: 부산광역시 동래구 - (intermediate value) is not iterable
[2025-12-11T15:44:10.526Z]    실패: 부산광역시 부산진구 - (intermediate value) is not iterable
[2025-12-11T15:44:11.681Z]    실패: 부산광역시 북구 - (intermediate value) is not iterable
[2025-12-11T15:44:13.027Z]    실패: 부산광역시 사상구 - (intermediate value) is not iterable
[2025-12-11T15:44:14.822Z]    실패: 부산광역시 사하구 - (intermediate value) is not iterable
[2025-12-11T15:44:15.412Z]    실패: 부산광역시 서구 - (intermediate value) is not iterable
[2025-12-11T15:44:16.709Z]    실패: 부산광역시 수영구 - (intermediate value) is not iterable
[2025-12-11T15:44:18.374Z]    실패: 부산광역시 연제구 - (intermediate value) is not iterable
[2025-12-11T15:44:18.879Z]    실패: 부산광역시 영도구 - (intermediate value) is not iterable
[2025-12-11T15:44:19.343Z]    실패: 부산광역시 중구 - (intermediate value) is not iterable
[2025-12-11T15:44:20.784Z]    실패: 부산광역시 해운대구 - (intermediate value) is not iterable
[2025-12-11T15:44:21.532Z]    실패: 대구광역시 남구 - (intermediate value) is not iterable
[2025-12-11T15:44:24.009Z]    실패: 대구광역시 달서구 - (intermediate value) is not iterable
[2025-12-11T15:44:25.458Z]    실패: 대구광역시 달성군 - (intermediate value) is not iterable
[2025-12-11T15:44:26.898Z]    실패: 대구광역시 동구 - (intermediate value) is not iterable
[2025-12-11T15:44:28.983Z]    실패: 대구광역시 북구 - (intermediate value) is not iterable
[2025-12-11T15:44:29.388Z]    실패: 대구광역시 서구 - (intermediate value) is not iterable
[2025-12-11T15:44:31.136Z]    실패: 대구광역시 수성구 - (intermediate value) is not iterable
[2025-12-11T15:44:31.852Z]    실패: 대구광역시 중구 - (intermediate value) is not iterable
[2025-12-11T15:44:32.443Z]    실패: 인천광역시 강화군 - (intermediate value) is not iterable
[2025-12-11T15:44:33.771Z]    실패: 인천광역시 계양구 - (intermediate value) is not iterable
[2025-12-11T15:44:36.064Z]    실패: 인천광역시 남동구 - (intermediate value) is not iterable
[2025-12-11T15:44:36.923Z]    실패: 인천광역시 동구 - (intermediate value) is not iterable
[2025-12-11T15:44:38.745Z]    실패: 인천광역시 미추홀구 - (intermediate value) is not iterable
[2025-12-11T15:44:40.668Z]    실패: 인천광역시 부평구 - (intermediate value) is not iterable
[2025-12-11T15:44:43.394Z]    실패: 인천광역시 서구 - (intermediate value) is not iterable
[2025-12-11T15:44:45.341Z]    실패: 인천광역시 연수구 - (intermediate value) is not iterable
[2025-12-11T15:44:46.358Z]    실패: 인천광역시 중구 - (intermediate value) is not iterable
[2025-12-11T15:44:48.632Z]    실패: 광주광역시 광산구 - (intermediate value) is not iterable
[2025-12-11T15:44:50.017Z]    실패: 광주광역시 남구 - (intermediate value) is not iterable
[2025-12-11T15:44:51.291Z]    실패: 광주광역시 동구 - (intermediate value) is not iterable
[2025-12-11T15:44:53.631Z]    실패: 광주광역시 북구 - (intermediate value) is not iterable
[2025-12-11T15:44:55.640Z]    실패: 광주광역시 서구 - (intermediate value) is not iterable
[2025-12-11T15:44:56.531Z]    실패: 대전광역시 대덕구 - (intermediate value) is not iterable
[2025-12-11T15:44:57.428Z]    실패: 대전광역시 동구 - (intermediate value) is not iterable
