[2025-12-14T00:10:21.498Z] 지역 코드 로드 완료: 280개
[2025-12-14T00:10:21.731Z] 검증 대상: 3개월 × 280개 지역 × 2 (매매/전월세)
[2025-12-14T00:10:21.731Z] 검증 기간: 2025-10 ~ 2025-12
[2025-12-14T00:10:31.633Z] [deal] 서울특별시 노원구 2025-12: 27건 복구 완료
[2025-12-14T00:10:40.926Z] [deal] 서울특별시 성동구 2025-12: 99건 복구 완료
[2025-12-14T00:10:49.646Z] [rent] 서울특별시 양천구 2025-12: 263건 복구 완료
[2025-12-14T00:10:50.454Z] [deal] 서울특별시 영등포구 2025-12: 17건 복구 완료
[2025-12-14T00:10:57.270Z] [rent] 서울특별시 영등포구 2025-12: 221건 복구 완료
[2025-12-14T00:10:58.684Z] [deal] 서울특별시 용산구 2025-12: 1건 복구 완료
[2025-12-14T00:11:02.861Z] [rent] 서울특별시 용산구 2025-12: 110건 복구 완료
[2025-12-14T00:11:04.187Z] [deal] 서울특별시 은평구 2025-12: 23건 복구 완료
[2025-12-14T00:11:11.882Z] [rent] 서울특별시 은평구 2025-12: 237건 복구 완료
[2025-12-14T00:11:13.202Z] [deal] 서울특별시 종로구 2025-12: 4건 복구 완료
[2025-12-14T00:11:14.728Z] [rent] 서울특별시 종로구 2025-12: 50건 복구 완료
[2025-12-14T00:11:15.431Z] [deal] 서울특별시 중구 2025-12: 8건 복구 완료
[2025-12-14T00:11:17.546Z] [rent] 서울특별시 중구 2025-12: 63건 복구 완료
[2025-12-14T00:11:18.430Z] [deal] 서울특별시 중랑구 2025-12: 22건 복구 완료
[2025-12-14T00:11:23.095Z] [rent] 서울특별시 중랑구 2025-12: 217건 복구 완료
[2025-12-14T00:11:24.228Z] [deal] 경기도 가평군 2025-12: 8건 복구 완료
[2025-12-14T00:11:25.642Z] [rent] 경기도 가평군 2025-12: 9건 복구 완료
[2025-12-14T00:11:29.550Z] [deal] 경기도 고양시 덕양구 2025-12: 76건 복구 완료
[2025-12-14T00:11:36.448Z] [rent] 경기도 고양시 덕양구 2025-12: 294건 복구 완료
[2025-12-14T00:11:38.114Z] [deal] 경기도 고양시 일산동구 2025-12: 42건 복구 완료
[2025-12-14T00:11:39.679Z] [deal] 경기도 고양시 일산서구 2025-12: 41건 복구 완료
[2025-12-14T00:11:44.563Z] [rent] 경기도 고양시 일산서구 2025-12: 155건 복구 완료
[2025-12-14T00:11:45.731Z] [deal] 경기도 과천시 2025-12: 1건 복구 완료
[2025-12-14T00:11:47.063Z] [rent] 경기도 과천시 2025-12: 43건 복구 완료
[2025-12-14T00:11:48.369Z] [deal] 경기도 광명시 2025-12: 27건 복구 완료
[2025-12-14T00:11:52.891Z] [rent] 경기도 광명시 2025-12: 160건 복구 완료
[2025-12-14T00:11:54.765Z] [deal] 경기도 광주시 2025-12: 52건 복구 완료
[2025-12-14T00:12:00.539Z] [rent] 경기도 광주시 2025-12: 224건 복구 완료
[2025-12-14T00:12:02.992Z] [deal] 경기도 구리시 2025-12: 27건 복구 완료
[2025-12-14T00:12:05.840Z] [deal] 경기도 군포시 2025-12: 44건 복구 완료
[2025-12-14T00:12:09.183Z] [rent] 경기도 군포시 2025-12: 110건 복구 완료
[2025-12-14T00:12:12.092Z] [deal] 경기도 김포시 2025-12: 66건 복구 완료
[2025-12-14T00:12:19.413Z] [rent] 경기도 김포시 2025-12: 307건 복구 완료
[2025-12-14T00:12:23.112Z] [deal] 경기도 남양주시 2025-12: 118건 복구 완료
[2025-12-14T00:12:42.666Z] [rent] 경기도 남양주시 2025-12: 709건 복구 완료
[2025-12-14T00:12:44.929Z] [deal] 경기도 동두천시 2025-12: 14건 복구 완료
[2025-12-14T00:12:47.778Z] [deal] 경기도 부천시 소사구  2025-12: 41건 복구 완료
[2025-12-14T00:12:49.533Z] [rent] 경기도 부천시 소사구  2025-12: 65건 복구 완료
[2025-12-14T00:12:50.663Z] [deal] 경기도 부천시 오정구  2025-12: 11건 복구 완료
[2025-12-14T00:12:54.062Z] [deal] 경기도 부천시 원미구  2025-12: 85건 복구 완료
[2025-12-14T00:12:59.888Z] [rent] 경기도 부천시 원미구  2025-12: 185건 복구 완료
[2025-12-14T00:13:03.277Z] [deal] 경기도 성남시 분당구 2025-12: 23건 복구 완료
[2025-12-14T00:13:13.690Z] [rent] 경기도 성남시 분당구 2025-12: 345건 복구 완료
[2025-12-14T00:13:14.728Z] [deal] 경기도 성남시 수정구 2025-12: 8건 복구 완료
[2025-12-14T00:13:18.877Z] [rent] 경기도 성남시 수정구 2025-12: 145건 복구 완료
[2025-12-14T00:13:21.265Z] [deal] 경기도 성남시 중원구 2025-12: 23건 복구 완료
[2025-12-14T00:13:22.795Z] [rent] 경기도 성남시 중원구 2025-12: 42건 복구 완료
[2025-12-14T00:13:25.790Z] [deal] 경기도 수원시 권선구 2025-12: 92건 복구 완료
[2025-12-14T00:13:30.514Z] [rent] 경기도 수원시 권선구 2025-12: 150건 복구 완료
[2025-12-14T00:13:33.406Z] [deal] 경기도 수원시 영통구 2025-12: 86건 복구 완료
[2025-12-14T00:13:40.048Z] [rent] 경기도 수원시 영통구 2025-12: 283건 복구 완료
[2025-12-14T00:13:40.931Z] [deal] 경기도 수원시 장안구 2025-12: 11건 복구 완료
[2025-12-14T00:13:41.939Z] [deal] 경기도 수원시 팔달구 2025-12: 11건 복구 완료
[2025-12-14T00:13:43.698Z] [rent] 경기도 수원시 팔달구 2025-12: 74건 복구 완료
[2025-12-14T00:13:45.856Z] [deal] 경기도 시흥시 2025-12: 89건 복구 완료
[2025-12-14T00:13:51.554Z] [rent] 경기도 시흥시 2025-12: 253건 복구 완료
[2025-12-14T00:13:53.633Z] [deal] 경기도 안산시 단원구 2025-12: 53건 복구 완료
[2025-12-14T00:13:56.429Z] [rent] 경기도 안산시 단원구 2025-12: 117건 복구 완료
[2025-12-14T00:13:57.595Z] [deal] 경기도 안산시 상록구 2025-12: 27건 복구 완료
[2025-12-14T00:13:59.775Z] [rent] 경기도 안산시 상록구 2025-12: 58건 복구 완료
[2025-12-14T00:14:01.268Z] [deal] 경기도 안성시 2025-12: 34건 복구 완료
[2025-12-14T00:14:06.190Z] [rent] 경기도 안성시 2025-12: 231건 복구 완료
[2025-12-14T00:14:07.687Z] [deal] 경기도 안양시 동안구 2025-12: 29건 복구 완료
[2025-12-14T00:14:11.912Z] [rent] 경기도 안양시 동안구 2025-12: 193건 복구 완료
[2025-12-14T00:14:13.374Z] [deal] 경기도 안양시 만안구 2025-12: 48건 복구 완료
[2025-12-14T00:14:14.816Z] [rent] 경기도 안양시 만안구 2025-12: 40건 복구 완료
[2025-12-14T00:14:16.566Z] [deal] 경기도 양주시 2025-12: 48건 복구 완료
[2025-12-14T00:14:20.508Z] [rent] 경기도 양주시 2025-12: 193건 복구 완료
[2025-12-14T00:14:21.151Z] [deal] 경기도 양평군 2025-12: 8건 복구 완료
[2025-12-14T00:14:22.479Z] [deal] 경기도 여주시 2025-12: 18건 복구 완료
[2025-12-14T00:14:23.341Z] [rent] 경기도 여주시 2025-12: 22건 복구 완료
[2025-12-14T00:14:23.913Z] [deal] 경기도 연천군 2025-12: 3건 복구 완료
[2025-12-14T00:14:25.819Z] [deal] 경기도 오산시 2025-12: 55건 복구 완료
[2025-12-14T00:14:27.975Z] [rent] 경기도 오산시 2025-12: 98건 복구 완료
[2025-12-14T00:14:31.409Z] [deal] 경기도 용인시 기흥구 2025-12: 119건 복구 완료
[2025-12-14T00:14:37.612Z] [rent] 경기도 용인시 기흥구 2025-12: 289건 복구 완료
[2025-12-14T00:14:38.958Z] [deal] 경기도 용인시 수지구 2025-12: 50건 복구 완료
[2025-12-14T00:14:43.843Z] [rent] 경기도 용인시 수지구 2025-12: 219건 복구 완료
[2025-12-14T00:14:45.455Z] [deal] 경기도 용인시 처인구 2025-12: 45건 복구 완료
[2025-12-14T00:14:47.160Z] [rent] 경기도 용인시 처인구 2025-12: 69건 복구 완료
[2025-12-14T00:14:47.755Z] [deal] 경기도 의왕시 2025-12: 6건 복구 완료
[2025-12-14T00:14:49.500Z] [rent] 경기도 의왕시 2025-12: 73건 복구 완료
[2025-12-14T00:14:51.354Z] [deal] 경기도 의정부시 2025-12: 73건 복구 완료
[2025-12-14T00:14:56.910Z] [rent] 경기도 의정부시 2025-12: 219건 복구 완료
[2025-12-14T00:14:57.831Z] [deal] 경기도 이천시 2025-12: 21건 복구 완료
[2025-12-14T00:14:59.663Z] [rent] 경기도 이천시 2025-12: 70건 복구 완료
[2025-12-14T00:15:02.258Z] [deal] 경기도 파주시 2025-12: 76건 복구 완료
[2025-12-14T00:15:24.103Z] [rent] 경기도 파주시 2025-12: 829건 복구 완료
[2025-12-14T00:15:27.468Z] [deal] 경기도 평택시 2025-12: 123건 복구 완료
[2025-12-14T00:15:43.051Z] [rent] 경기도 평택시 2025-12: 648건 복구 완료
[2025-12-14T00:15:44.419Z] [deal] 경기도 포천시 2025-12: 20건 복구 완료
[2025-12-14T00:15:45.696Z] [rent] 경기도 포천시 2025-12: 38건 복구 완료
[2025-12-14T00:15:47.231Z] [deal] 경기도 하남시 2025-12: 39건 복구 완료
[2025-12-14T00:15:53.833Z] [rent] 경기도 하남시 2025-12: 184건 복구 완료
[2025-12-14T00:16:00.029Z] [deal] 경기도 화성시 2025-12: 266건 복구 완료
[2025-12-14T00:16:21.235Z] [rent] 경기도 화성시 2025-12: 799건 복구 완료
[2025-12-14T00:16:23.387Z] [deal] 부산광역시 강서구 2025-12: 40건 복구 완료
[2025-12-14T00:16:29.170Z] [rent] 부산광역시 강서구 2025-12: 255건 복구 완료
[2025-12-14T00:16:30.555Z] [deal] 부산광역시 금정구 2025-12: 45건 복구 완료
[2025-12-14T00:16:32.397Z] [deal] 부산광역시 기장군 2025-12: 51건 복구 완료
[2025-12-14T00:16:35.421Z] [rent] 부산광역시 기장군 2025-12: 116건 복구 완료
[2025-12-14T00:16:37.253Z] [deal] 부산광역시 남구 2025-12: 72건 복구 완료
[2025-12-14T00:16:39.236Z] [rent] 부산광역시 남구 2025-12: 83건 복구 완료
[2025-12-14T00:16:39.987Z] [deal] 부산광역시 동구 2025-12: 16건 복구 완료
[2025-12-14T00:16:40.963Z] [rent] 부산광역시 동구 2025-12: 27건 복구 완료
[2025-12-14T00:16:42.638Z] [deal] 부산광역시 동래구 2025-12: 71건 복구 완료
[2025-12-14T00:16:45.289Z] [rent] 부산광역시 동래구 2025-12: 109건 복구 완료
[2025-12-14T00:16:48.771Z] [deal] 부산광역시 부산진구 2025-12: 122건 복구 완료
[2025-12-14T00:16:50.598Z] [deal] 부산광역시 북구 2025-12: 60건 복구 완료
[2025-12-14T00:16:52.531Z] [rent] 부산광역시 북구 2025-12: 86건 복구 완료
[2025-12-14T00:16:54.225Z] [deal] 부산광역시 사상구 2025-12: 37건 복구 완료
[2025-12-14T00:16:56.339Z] [rent] 부산광역시 사상구 2025-12: 38건 복구 완료
[2025-12-14T00:16:59.310Z] [deal] 부산광역시 사하구 2025-12: 77건 복구 완료
[2025-12-14T00:17:01.115Z] [rent] 부산광역시 사하구 2025-12: 65건 복구 완료
[2025-12-14T00:17:01.861Z] [deal] 부산광역시 서구 2025-12: 14건 복구 완료
[2025-12-14T00:17:03.667Z] [deal] 부산광역시 수영구 2025-12: 49건 복구 완료
[2025-12-14T00:17:05.361Z] [rent] 부산광역시 수영구 2025-12: 63건 복구 완료
[2025-12-14T00:17:07.953Z] [deal] 부산광역시 연제구 2025-12: 59건 복구 완료
[2025-12-14T00:17:10.342Z] [rent] 부산광역시 연제구 2025-12: 89건 복구 완료
[2025-12-14T00:17:11.697Z] [rent] 부산광역시 영도구 2025-12: 28건 복구 완료
[2025-12-14T00:17:14.555Z] [deal] 부산광역시 해운대구 2025-12: 82건 복구 완료
[2025-12-14T00:17:18.264Z] [rent] 부산광역시 해운대구 2025-12: 163건 복구 완료
[2025-12-14T00:17:20.645Z] [deal] 대구광역시 남구 2025-12: 22건 복구 완료
[2025-12-14T00:17:23.524Z] [deal] 대구광역시 달서구 2025-12: 107건 복구 완료
[2025-12-14T00:17:25.665Z] [rent] 대구광역시 달서구 2025-12: 98건 복구 완료
[2025-12-14T00:17:27.520Z] [deal] 대구광역시 달성군 2025-12: 75건 복구 완료
[2025-12-14T00:17:30.477Z] [rent] 대구광역시 달성군 2025-12: 130건 복구 완료
[2025-12-14T00:17:32.561Z] [deal] 대구광역시 동구 2025-12: 80건 복구 완료
[2025-12-14T00:17:35.794Z] [rent] 대구광역시 동구 2025-12: 145건 복구 완료
[2025-12-14T00:17:37.924Z] [deal] 대구광역시 북구 2025-12: 90건 복구 완료
[2025-12-14T00:17:40.415Z] [rent] 대구광역시 북구 2025-12: 103건 복구 완료
[2025-12-14T00:17:41.278Z] [deal] 대구광역시 서구 2025-12: 21건 복구 완료
[2025-12-14T00:17:44.207Z] [deal] 대구광역시 수성구 2025-12: 108건 복구 완료
[2025-12-14T00:17:47.178Z] [rent] 대구광역시 수성구 2025-12: 129건 복구 완료
[2025-12-14T00:17:48.538Z] [deal] 대구광역시 중구 2025-12: 52건 복구 완료
[2025-12-14T00:17:49.837Z] [deal] 인천광역시 강화군 2025-12: 1건 복구 완료
[2025-12-14T00:17:51.279Z] [deal] 인천광역시 계양구 2025-12: 36건 복구 완료
[2025-12-14T00:17:53.014Z] [rent] 인천광역시 계양구 2025-12: 72건 복구 완료
[2025-12-14T00:17:54.797Z] [deal] 인천광역시 남동구 2025-12: 70건 복구 완료
[2025-12-14T00:17:57.759Z] [rent] 인천광역시 남동구 2025-12: 126건 복구 완료
[2025-12-14T00:17:58.736Z] [deal] 인천광역시 동구 2025-12: 15건 복구 완료
[2025-12-14T00:17:59.461Z] [rent] 인천광역시 동구 2025-12: 10건 복구 완료
[2025-12-14T00:18:00.744Z] [deal] 인천광역시 미추홀구 2025-12: 39건 복구 완료
[2025-12-14T00:18:03.186Z] [rent] 인천광역시 미추홀구 2025-12: 97건 복구 완료
[2025-12-14T00:18:05.180Z] [deal] 인천광역시 부평구 2025-12: 76건 복구 완료
[2025-12-14T00:18:09.525Z] [rent] 인천광역시 부평구 2025-12: 188건 복구 완료
[2025-12-14T00:18:12.666Z] [deal] 인천광역시 서구 2025-12: 123건 복구 완료
[2025-12-14T00:18:18.822Z] [rent] 인천광역시 서구 2025-12: 267건 복구 완료
[2025-12-14T00:18:20.861Z] [deal] 인천광역시 연수구 2025-12: 86건 복구 완료
[2025-12-14T00:18:25.710Z] [rent] 인천광역시 연수구 2025-12: 222건 복구 완료
[2025-12-14T00:18:27.665Z] [deal] 인천광역시 중구 2025-12: 23건 복구 완료
[2025-12-14T00:18:30.154Z] [rent] 인천광역시 중구 2025-12: 100건 복구 완료
[2025-12-14T00:18:33.831Z] [deal] 광주광역시 광산구 2025-12: 103건 복구 완료
[2025-12-14T00:18:37.063Z] [rent] 광주광역시 광산구 2025-12: 147건 복구 완료
[2025-12-14T00:18:38.386Z] [deal] 광주광역시 남구 2025-12: 48건 복구 완료
[2025-12-14T00:18:41.241Z] [rent] 광주광역시 남구 2025-12: 69건 복구 완료
[2025-12-14T00:18:42.285Z] [deal] 광주광역시 동구 2025-12: 33건 복구 완료
[2025-12-14T00:18:44.788Z] [deal] 광주광역시 북구 2025-12: 94건 복구 완료
[2025-12-14T00:18:48.778Z] [rent] 광주광역시 북구 2025-12: 192건 복구 완료
[2025-12-14T00:18:50.616Z] [deal] 광주광역시 서구 2025-12: 61건 복구 완료
[2025-12-14T00:18:52.201Z] [rent] 광주광역시 서구 2025-12: 63건 복구 완료
[2025-12-14T00:18:54.081Z] [deal] 대전광역시 대덕구 2025-12: 22건 복구 완료
[2025-12-14T00:18:55.498Z] [rent] 대전광역시 대덕구 2025-12: 39건 복구 완료
[2025-12-14T00:18:57.363Z] [deal] 대전광역시 동구 2025-12: 41건 복구 완료
[2025-12-14T00:19:01.184Z] [deal] 대전광역시 서구 2025-12: 140건 복구 완료
[2025-12-14T00:19:05.838Z] [rent] 대전광역시 서구 2025-12: 196건 복구 완료
[2025-12-14T00:19:07.923Z] [deal] 대전광역시 유성구 2025-12: 85건 복구 완료
[2025-12-14T00:19:14.307Z] [rent] 대전광역시 유성구 2025-12: 254건 복구 완료
[2025-12-14T00:19:15.525Z] [deal] 대전광역시 중구 2025-12: 37건 복구 완료
[2025-12-14T00:19:17.406Z] [rent] 대전광역시 중구 2025-12: 74건 복구 완료
[2025-12-14T00:19:21.297Z] [deal] 울산광역시 남구 2025-12: 102건 복구 완료
[2025-12-14T00:19:23.690Z] [rent] 울산광역시 남구 2025-12: 71건 복구 완료
[2025-12-14T00:19:25.011Z] [deal] 울산광역시 동구 2025-12: 42건 복구 완료
[2025-12-14T00:19:26.038Z] [rent] 울산광역시 동구 2025-12: 28건 복구 완료
[2025-12-14T00:19:28.071Z] [deal] 울산광역시 북구 2025-12: 82건 복구 완료
[2025-12-14T00:19:29.609Z] [rent] 울산광역시 북구 2025-12: 52건 복구 완료
[2025-12-14T00:19:31.106Z] [deal] 울산광역시 울주군 2025-12: 51건 복구 완료
[2025-12-14T00:19:32.794Z] [deal] 울산광역시 중구 2025-12: 43건 복구 완료
[2025-12-14T00:19:35.384Z] [deal] 세종특별자치시 2025-12: 94건 복구 완료
[2025-12-14T00:19:44.532Z] [rent] 세종특별자치시 2025-12: 393건 복구 완료
[2025-12-14T00:19:47.756Z] [deal] 충청북도 보은군 2025-12: 2건 복구 완료
[2025-12-14T00:19:48.292Z] [rent] 충청북도 보은군 2025-12: 2건 복구 완료
[2025-12-14T00:19:48.873Z] [deal] 충청북도 영동군 2025-12: 4건 복구 완료
[2025-12-14T00:19:50.565Z] [deal] 충청북도 옥천군 2025-12: 4건 복구 완료
[2025-12-14T00:19:52.014Z] [deal] 충청북도 음성군 2025-12: 18건 복구 완료
[2025-12-14T00:19:53.559Z] [deal] 충청북도 제천시 2025-12: 45건 복구 완료
[2025-12-14T00:19:54.589Z] [rent] 충청북도 제천시 2025-12: 31건 복구 완료
[2025-12-14T00:19:55.650Z] [deal] 충청북도 증평군 2025-12: 11건 복구 완료
[2025-12-14T00:19:56.756Z] [deal] 충청북도 진천군 2025-12: 16건 복구 완료
[2025-12-14T00:19:58.134Z] [rent] 충청북도 진천군 2025-12: 32건 복구 완료
[2025-12-14T00:20:00.625Z] [deal] 충청북도 청주시 상당구 2025-12: 57건 복구 완료
[2025-12-14T00:20:04.295Z] [rent] 충청북도 청주시 상당구 2025-12: 158건 복구 완료
[2025-12-14T00:20:06.341Z] [deal] 충청북도 청주시 서원구 2025-12: 80건 복구 완료
[2025-12-14T00:20:08.567Z] [rent] 충청북도 청주시 서원구 2025-12: 71건 복구 완료
[2025-12-14T00:20:11.471Z] [deal] 충청북도 청주시 청원구 2025-12: 51건 복구 완료
[2025-12-14T00:20:14.180Z] [rent] 충청북도 청주시 청원구 2025-12: 95건 복구 완료
[2025-12-14T00:20:16.926Z] [deal] 충청북도 청주시 흥덕구 2025-12: 89건 복구 완료
[2025-12-14T00:20:20.605Z] [deal] 충청북도 충주시 2025-12: 62건 복구 완료
[2025-12-14T00:20:23.556Z] [rent] 충청북도 충주시 2025-12: 95건 복구 완료
[2025-12-14T00:20:25.960Z] [deal] 충청남도 계룡시 2025-12: 13건 복구 완료
[2025-12-14T00:20:27.560Z] [rent] 충청남도 계룡시 2025-12: 23건 복구 완료
[2025-12-14T00:20:29.270Z] [deal] 충청남도 공주시 2025-12: 16건 복구 완료
[2025-12-14T00:20:31.853Z] [deal] 충청남도 논산시 2025-12: 26건 복구 완료
[2025-12-14T00:20:35.746Z] [deal] 충청남도 당진시 2025-12: 65건 복구 완료
[2025-12-14T00:20:38.380Z] [rent] 충청남도 당진시 2025-12: 60건 복구 완료
[2025-12-14T00:20:40.558Z] [deal] 충청남도 부여군 2025-12: 6건 복구 완료
[2025-12-14T00:20:42.736Z] [deal] 충청남도 서산시 2025-12: 50건 복구 완료
[2025-12-14T00:20:44.224Z] [rent] 충청남도 서산시 2025-12: 46건 복구 완료
[2025-12-14T00:20:45.459Z] [deal] 충청남도 서천군 2025-12: 6건 복구 완료
[2025-12-14T00:20:48.884Z] [deal] 충청남도 아산시 2025-12: 106건 복구 완료
[2025-12-14T00:20:54.460Z] [rent] 충청남도 아산시 2025-12: 215건 복구 완료
[2025-12-14T00:20:55.956Z] [deal] 충청남도 예산군 2025-12: 9건 복구 완료
[2025-12-14T00:21:00.007Z] [deal] 충청남도 천안시 동남구 2025-12: 60건 복구 완료
[2025-12-14T00:21:02.310Z] [rent] 충청남도 천안시 동남구 2025-12: 97건 복구 완료
[2025-12-14T00:21:06.427Z] [deal] 충청남도 천안시 서북구 2025-12: 136건 복구 완료
[2025-12-14T00:21:13.436Z] [rent] 충청남도 천안시 서북구 2025-12: 203건 복구 완료
[2025-12-14T00:21:13.954Z] [deal] 충청남도 청양군 2025-12: 1건 복구 완료
[2025-12-14T00:21:19.209Z] [deal] 충청남도 홍성군 2025-12: 18건 복구 완료
[2025-12-14T00:21:21.624Z] [rent] 충청남도 홍성군 2025-12: 77건 복구 완료
[2025-12-14T00:21:23.449Z] [deal] 전라남도 강진군 2025-12: 3건 복구 완료
[2025-12-14T00:21:34.854Z] [deal] 전라남도 광양시 2025-12: 394건 복구 완료
[2025-12-14T00:21:36.599Z] [rent] 전라남도 광양시 2025-12: 62건 복구 완료
[2025-12-14T00:21:38.088Z] [deal] 전라남도 나주시 2025-12: 23건 복구 완료
[2025-12-14T00:21:41.041Z] [rent] 전라남도 나주시 2025-12: 67건 복구 완료
[2025-12-14T00:21:43.287Z] [deal] 전라남도 목포시 2025-12: 57건 복구 완료
[2025-12-14T00:21:44.816Z] [rent] 전라남도 목포시 2025-12: 58건 복구 완료
[2025-12-14T00:21:45.865Z] [deal] 전라남도 무안군 2025-12: 32건 복구 완료
[2025-12-14T00:21:47.539Z] [deal] 전라남도 보성군 2025-12: 2건 복구 완료
[2025-12-14T00:21:50.364Z] [deal] 전라남도 순천시 2025-12: 105건 복구 완료
[2025-12-14T00:21:52.596Z] [rent] 전라남도 순천시 2025-12: 99건 복구 완료
[2025-12-14T00:21:54.380Z] [deal] 전라남도 여수시 2025-12: 45건 복구 완료
[2025-12-14T00:22:00.040Z] [rent] 전라남도 여수시 2025-12: 256건 복구 완료
[2025-12-14T00:22:00.664Z] [deal] 전라남도 영광군 2025-12: 7건 복구 완료
[2025-12-14T00:22:01.725Z] [deal] 전라남도 영암군 2025-12: 15건 복구 완료
[2025-12-14T00:22:03.565Z] [deal] 전라남도 장성군 2025-12: 3건 복구 완료
[2025-12-14T00:22:04.412Z] [deal] 전라남도 장흥군 2025-12: 5건 복구 완료
[2025-12-14T00:22:06.608Z] [deal] 전라남도 해남군 2025-12: 4건 복구 완료
[2025-12-14T00:22:07.903Z] [deal] 전라남도 화순군 2025-12: 12건 복구 완료
[2025-12-14T00:22:10.395Z] [deal] 경상북도 경산시 2025-12: 71건 복구 완료
[2025-12-14T00:22:12.353Z] [rent] 경상북도 경산시 2025-12: 84건 복구 완료
[2025-12-14T00:22:13.585Z] [deal] 경상북도 경주시 2025-12: 42건 복구 완료
[2025-12-14T00:22:15.506Z] [rent] 경상북도 경주시 2025-12: 84건 복구 완료
[2025-12-14T00:22:18.560Z] [deal] 경상북도 구미시 2025-12: 108건 복구 완료
[2025-12-14T00:22:20.547Z] [rent] 경상북도 구미시 2025-12: 84건 복구 완료
[2025-12-14T00:22:21.931Z] [deal] 경상북도 김천시 2025-12: 21건 복구 완료
[2025-12-14T00:22:23.112Z] [rent] 경상북도 김천시 2025-12: 32건 복구 완료
[2025-12-14T00:22:23.825Z] [deal] 경상북도 문경시 2025-12: 9건 복구 완료
[2025-12-14T00:22:24.829Z] [deal] 경상북도 봉화군 2025-12: 1건 복구 완료
[2025-12-14T00:22:27.095Z] [deal] 경상북도 상주시 2025-12: 12건 복구 완료
[2025-12-14T00:22:30.395Z] [deal] 경상북도 안동시 2025-12: 42건 복구 완료
[2025-12-14T00:22:31.741Z] [rent] 경상북도 안동시 2025-12: 14건 복구 완료
[2025-12-14T00:22:33.714Z] [deal] 경상북도 영덕군 2025-12: 2건 복구 완료
[2025-12-14T00:22:36.804Z] [deal] 경상북도 영주시 2025-12: 19건 복구 완료
[2025-12-14T00:22:38.143Z] [deal] 경상북도 영천시 2025-12: 29건 복구 완료
[2025-12-14T00:22:39.575Z] [deal] 경상북도 예천군 2025-12: 13건 복구 완료
[2025-12-14T00:22:44.972Z] [deal] 경상북도 칠곡군 2025-12: 25건 복구 완료
[2025-12-14T00:22:46.003Z] [rent] 경상북도 칠곡군 2025-12: 9건 복구 완료
[2025-12-14T00:22:48.204Z] [deal] 경상북도 포항시 남구 2025-12: 39건 복구 완료
[2025-12-14T00:22:50.616Z] [deal] 경상북도 포항시 북구 2025-12: 50건 복구 완료
[2025-12-14T00:22:52.433Z] [rent] 경상북도 포항시 북구 2025-12: 78건 복구 완료
[2025-12-14T00:22:55.333Z] [deal] 경상남도 거제시 2025-12: 47건 복구 완료
[2025-12-14T00:22:57.461Z] [rent] 경상남도 거제시 2025-12: 80건 복구 완료
[2025-12-14T00:22:58.395Z] [deal] 경상남도 거창군 2025-12: 8건 복구 완료
[2025-12-14T00:23:03.820Z] [deal] 경상남도 김해시 2025-12: 166건 복구 완료
[2025-12-14T00:23:08.063Z] [rent] 경상남도 김해시 2025-12: 178건 복구 완료
[2025-12-14T00:23:10.452Z] [deal] 경상남도 밀양시 2025-12: 19건 복구 완료
[2025-12-14T00:23:12.729Z] [deal] 경상남도 사천시 2025-12: 28건 복구 완료
[2025-12-14T00:23:14.890Z] [rent] 경상남도 사천시 2025-12: 38건 복구 완료
[2025-12-14T00:23:19.436Z] [deal] 경상남도 양산시 2025-12: 116건 복구 완료
[2025-12-14T00:23:23.701Z] [rent] 경상남도 양산시 2025-12: 150건 복구 완료
[2025-12-14T00:23:26.896Z] [deal] 경상남도 진주시 2025-12: 103건 복구 완료
[2025-12-14T00:23:29.670Z] [rent] 경상남도 진주시 2025-12: 107건 복구 완료
[2025-12-14T00:23:30.338Z] [deal] 경상남도 창녕군 2025-12: 7건 복구 완료
[2025-12-14T00:23:32.937Z] [deal] 경상남도 창원시 마산합포구 2025-12: 38건 복구 완료
[2025-12-14T00:23:35.307Z] [rent] 경상남도 창원시 마산합포구 2025-12: 84건 복구 완료
[2025-12-14T00:23:36.742Z] [deal] 경상남도 창원시 마산회원구 2025-12: 49건 복구 완료
[2025-12-14T00:23:37.740Z] [rent] 경상남도 창원시 마산회원구 2025-12: 25건 복구 완료
[2025-12-14T00:23:40.205Z] [deal] 경상남도 창원시 성산구 2025-12: 98건 복구 완료
[2025-12-14T00:23:43.151Z] [rent] 경상남도 창원시 성산구 2025-12: 111건 복구 완료
[2025-12-14T00:23:44.574Z] [deal] 경상남도 창원시 의창구 2025-12: 46건 복구 완료
[2025-12-14T00:23:46.230Z] [rent] 경상남도 창원시 의창구 2025-12: 44건 복구 완료
[2025-12-14T00:23:47.289Z] [deal] 경상남도 창원시 진해구 2025-12: 32건 복구 완료
[2025-12-14T00:23:50.252Z] [rent] 경상남도 창원시 진해구 2025-12: 136건 복구 완료
[2025-12-14T00:23:51.361Z] [deal] 경상남도 통영시 2025-12: 30건 복구 완료
[2025-12-14T00:23:52.183Z] [rent] 경상남도 통영시 2025-12: 15건 복구 완료
[2025-12-14T00:23:53.400Z] [deal] 경상남도 함안군 2025-12: 8건 복구 완료
[2025-12-14T00:23:55.259Z] [deal] 경상남도 합천군 2025-12: 2건 복구 완료
[2025-12-14T00:23:56.790Z] [deal] 제주특별자치도 서귀포시 2025-12: 18건 복구 완료
[2025-12-14T00:23:58.369Z] [deal] 제주특별자치도 제주시 2025-12: 33건 복구 완료
[2025-12-14T00:24:01.506Z] [rent] 제주특별자치도 제주시 2025-12: 108건 복구 완료
[2025-12-14T00:24:04.178Z] [deal] 강원특별자치도 강릉시 2025-12: 66건 복구 완료
[2025-12-14T00:24:06.184Z] [rent] 강원특별자치도 강릉시 2025-12: 68건 복구 완료
[2025-12-14T00:24:07.727Z] [deal] 강원특별자치도 동해시 2025-12: 20건 복구 완료
[2025-12-14T00:24:15.035Z] [rent] 강원특별자치도 동해시 2025-12: 309건 복구 완료
[2025-12-14T00:24:16.657Z] [deal] 강원특별자치도 속초시 2025-12: 27건 복구 완료
[2025-12-14T00:24:19.247Z] [deal] 강원특별자치도 양양군 2025-12: 6건 복구 완료
[2025-12-14T00:24:24.414Z] [deal] 강원특별자치도 원주시 2025-12: 132건 복구 완료
[2025-12-14T00:24:29.877Z] [rent] 강원특별자치도 원주시 2025-12: 219건 복구 완료
[2025-12-14T00:24:32.014Z] [rent] 강원특별자치도 정선군 2025-12: 1건 복구 완료
[2025-12-14T00:24:35.769Z] [deal] 강원특별자치도 춘천시 2025-12: 94건 복구 완료
[2025-12-14T00:24:38.582Z] [rent] 강원특별자치도 춘천시 2025-12: 104건 복구 완료
[2025-12-14T00:24:39.784Z] [deal] 강원특별자치도 평창군 2025-12: 6건 복구 완료
[2025-12-14T00:24:41.433Z] [deal] 강원특별자치도 홍천군 2025-12: 11건 복구 완료
[2025-12-14T00:24:44.606Z] [deal] 전북특별자치도 고창군 2025-12: 4건 복구 완료
[2025-12-14T00:24:46.488Z] [deal] 전북특별자치도 군산시 2025-12: 51건 복구 완료
[2025-12-14T00:24:54.411Z] [rent] 전북특별자치도 군산시 2025-12: 369건 복구 완료
[2025-12-14T00:24:55.793Z] [rent] 전북특별자치도 김제시 2025-12: 29건 복구 완료
[2025-12-14T00:24:57.180Z] [rent] 전북특별자치도 남원시 2025-12: 31건 복구 완료
[2025-12-14T00:24:57.950Z] [rent] 전북특별자치도 무주군 2025-12: 1건 복구 완료
[2025-12-14T00:24:58.474Z] [deal] 전북특별자치도 부안군 2025-12: 2건 복구 완료
[2025-12-14T00:25:00.334Z] [deal] 전북특별자치도 완주군 2025-12: 29건 복구 완료
[2025-12-14T00:25:02.486Z] [deal] 전북특별자치도 익산시 2025-12: 72건 복구 완료
[2025-12-14T00:25:05.629Z] [rent] 전북특별자치도 익산시 2025-12: 125건 복구 완료
[2025-12-14T00:25:10.542Z] [deal] 전북특별자치도 전주시 덕진구 2025-12: 117건 복구 완료
[2025-12-14T00:25:13.795Z] [deal] 전북특별자치도 전주시 완산구 2025-12: 113건 복구 완료
[2025-12-14T00:25:15.329Z] [rent] 전북특별자치도 전주시 완산구 2025-12: 57건 복구 완료
[2025-12-14T00:25:16.175Z] [deal] 전북특별자치도 정읍시 2025-12: 19건 복구 완료
[2025-12-14T00:25:16.839Z] [rent] 전북특별자치도 정읍시 2025-12: 8건 복구 완료
[2025-12-14T00:25:24.965Z] [deal] 서울특별시 강남구 2025-11: 225건 복구 완료
[2025-12-14T00:26:02.968Z] [rent] 서울특별시 강남구 2025-11: 1834건 복구 완료
[2025-12-14T00:26:05.433Z] [deal] 서울특별시 강동구 2025-11: 81건 복구 완료
[2025-12-14T00:26:29.021Z] [rent] 서울특별시 강동구 2025-11: 1161건 복구 완료
[2025-12-14T00:26:30.796Z] [deal] 서울특별시 강북구 2025-11: 59건 복구 완료
[2025-12-14T00:26:35.054Z] [rent] 서울특별시 강북구 2025-11: 197건 복구 완료
[2025-12-14T00:26:38.163Z] [deal] 서울특별시 강서구 2025-11: 130건 복구 완료
[2025-12-14T00:26:57.820Z] [rent] 서울특별시 강서구 2025-11: 969건 복구 완료
[2025-12-14T00:27:00.197Z] [deal] 서울특별시 관악구 2025-11: 86건 복구 완료
[2025-12-14T00:27:09.701Z] [rent] 서울특별시 관악구 2025-11: 402건 복구 완료
[2025-12-14T00:27:11.000Z] [deal] 서울특별시 광진구 2025-11: 26건 복구 완료
[2025-12-14T00:27:20.138Z] [rent] 서울특별시 광진구 2025-11: 454건 복구 완료
[2025-12-14T00:27:23.414Z] [deal] 서울특별시 구로구 2025-11: 140건 복구 완료
[2025-12-14T00:27:35.393Z] [rent] 서울특별시 구로구 2025-11: 593건 복구 완료
[2025-12-14T00:27:36.958Z] [deal] 서울특별시 금천구 2025-11: 50건 복구 완료
[2025-12-14T00:27:41.853Z] [rent] 서울특별시 금천구 2025-11: 208건 복구 완료
[2025-12-14T00:27:46.091Z] [deal] 서울특별시 노원구 2025-11: 170건 복구 완료
[2025-12-14T00:28:16.704Z] [rent] 서울특별시 노원구 2025-11: 1393건 복구 완료
[2025-12-14T00:28:19.591Z] [deal] 서울특별시 도봉구 2025-11: 90건 복구 완료
[2025-12-14T00:28:27.408Z] [rent] 서울특별시 도봉구 2025-11: 386건 복구 완료
[2025-12-14T00:28:30.954Z] [deal] 서울특별시 동대문구 2025-11: 125건 복구 완료
[2025-12-14T00:28:44.266Z] [rent] 서울특별시 동대문구 2025-11: 561건 복구 완료
[2025-12-14T00:28:46.301Z] [deal] 서울특별시 동작구 2025-11: 58건 복구 완료
[2025-12-14T00:28:58.243Z] [rent] 서울특별시 동작구 2025-11: 569건 복구 완료
[2025-12-14T00:29:00.814Z] [deal] 서울특별시 마포구 2025-11: 65건 복구 완료
[2025-12-14T00:29:21.298Z] [rent] 서울특별시 마포구 2025-11: 877건 복구 완료
[2025-12-14T00:29:25.560Z] [deal] 서울특별시 서대문구 2025-11: 117건 복구 완료
[2025-12-14T00:29:38.492Z] [rent] 서울특별시 서대문구 2025-11: 575건 복구 완료
[2025-12-14T00:29:42.753Z] [deal] 서울특별시 서초구 2025-11: 181건 복구 완료
[2025-12-14T00:30:11.344Z] [rent] 서울특별시 서초구 2025-11: 1227건 복구 완료
[2025-12-14T00:30:14.013Z] [deal] 서울특별시 성동구 2025-11: 50건 복구 완료
[2025-12-14T00:30:38.759Z] [rent] 서울특별시 성동구 2025-11: 780건 복구 완료
[2025-12-14T00:30:43.645Z] [deal] 서울특별시 성북구 2025-11: 175건 복구 완료
[2025-12-14T00:30:57.911Z] [rent] 서울특별시 성북구 2025-11: 638건 복구 완료
[2025-12-14T00:31:06.562Z] [deal] 서울특별시 송파구 2025-11: 373건 복구 완료
[2025-12-14T00:31:38.050Z] [rent] 서울특별시 송파구 2025-11: 1507건 복구 완료
[2025-12-14T00:31:41.457Z] [deal] 서울특별시 양천구 2025-11: 148건 복구 완료
[2025-12-14T00:32:00.023Z] [rent] 서울특별시 양천구 2025-11: 907건 복구 완료
[2025-12-14T00:32:02.227Z] [deal] 서울특별시 영등포구 2025-11: 86건 복구 완료
[2025-12-14T00:32:19.338Z] [rent] 서울특별시 영등포구 2025-11: 772건 복구 완료
[2025-12-14T00:32:21.747Z] [deal] 서울특별시 용산구 2025-11: 86건 복구 완료
[2025-12-14T00:32:29.762Z] [rent] 서울특별시 용산구 2025-11: 368건 복구 완료
[2025-12-14T00:32:33.384Z] [deal] 서울특별시 은평구 2025-11: 159건 복구 완료
[2025-12-14T00:32:44.401Z] [rent] 서울특별시 은평구 2025-11: 553건 복구 완료
[2025-12-14T00:32:45.296Z] [deal] 서울특별시 종로구 2025-11: 15건 복구 완료
[2025-12-14T00:32:48.780Z] [rent] 서울특별시 종로구 2025-11: 171건 복구 완료
[2025-12-14T00:32:49.714Z] [deal] 서울특별시 중구 2025-11: 26건 복구 완료
[2025-12-14T00:32:54.714Z] [rent] 서울특별시 중구 2025-11: 234건 복구 완료
[2025-12-14T00:32:56.846Z] [deal] 서울특별시 중랑구 2025-11: 88건 복구 완료
[2025-12-14T00:33:09.731Z] [rent] 서울특별시 중랑구 2025-11: 556건 복구 완료
[2025-12-14T00:33:11.760Z] [deal] 경기도 가평군 2025-11: 29건 복구 완료
[2025-12-14T00:33:13.222Z] [rent] 경기도 가평군 2025-11: 47건 복구 완료
[2025-12-14T00:33:23.547Z] [deal] 경기도 고양시 덕양구 2025-11: 413건 복구 완료
[2025-12-14T00:33:43.561Z] [rent] 경기도 고양시 덕양구 2025-11: 975건 복구 완료
[2025-12-14T00:33:48.753Z] [deal] 경기도 고양시 일산동구 2025-11: 200건 복구 완료
[2025-12-14T00:34:01.310Z] [rent] 경기도 고양시 일산동구 2025-11: 553건 복구 완료
[2025-12-14T00:34:08.521Z] [deal] 경기도 고양시 일산서구 2025-11: 264건 복구 완료
[2025-12-14T00:34:20.680Z] [rent] 경기도 고양시 일산서구 2025-11: 580건 복구 완료
[2025-12-14T00:34:21.439Z] [deal] 경기도 과천시 2025-11: 5건 복구 완료
[2025-12-14T00:34:25.455Z] [rent] 경기도 과천시 2025-11: 190건 복구 완료
[2025-12-14T00:34:29.192Z] [deal] 경기도 광명시 2025-11: 154건 복구 완료
[2025-12-14T00:34:42.018Z] [rent] 경기도 광명시 2025-11: 634건 복구 완료
[2025-12-14T00:34:47.603Z] [deal] 경기도 광주시 2025-11: 247건 복구 완료
[2025-12-14T00:34:53.761Z] [rent] 경기도 광주시 2025-11: 269건 복구 완료
[2025-12-14T00:35:01.203Z] [deal] 경기도 구리시 2025-11: 332건 복구 완료
[2025-12-14T00:35:08.849Z] [rent] 경기도 구리시 2025-11: 327건 복구 완료
[2025-12-14T00:35:17.827Z] [deal] 경기도 군포시 2025-11: 353건 복구 완료
[2025-12-14T00:35:27.520Z] [rent] 경기도 군포시 2025-11: 418건 복구 완료
[2025-12-14T00:35:36.677Z] [deal] 경기도 김포시 2025-11: 402건 복구 완료
[2025-12-14T00:35:56.007Z] [rent] 경기도 김포시 2025-11: 907건 복구 완료
[2025-12-14T00:36:11.787Z] [deal] 경기도 남양주시 2025-11: 720건 복구 완료
[2025-12-14T00:37:06.355Z] [rent] 경기도 남양주시 2025-11: 2477건 복구 완료
[2025-12-14T00:37:11.110Z] [rent] 경기도 동두천시 2025-11: 134건 복구 완료
[2025-12-14T00:37:17.629Z] [deal] 경기도 부천시 소사구  2025-11: 208건 복구 완료
[2025-12-14T00:37:25.007Z] [rent] 경기도 부천시 소사구  2025-11: 259건 복구 완료
[2025-12-14T00:37:26.391Z] [deal] 경기도 부천시 오정구  2025-11: 43건 복구 완료
[2025-12-14T00:37:29.397Z] [rent] 경기도 부천시 오정구  2025-11: 93건 복구 완료
[2025-12-14T00:37:38.405Z] [deal] 경기도 부천시 원미구  2025-11: 398건 복구 완료
[2025-12-14T00:37:51.479Z] [rent] 경기도 부천시 원미구  2025-11: 596건 복구 완료
[2025-12-14T00:37:54.379Z] [deal] 경기도 성남시 분당구 2025-11: 66건 복구 완료
[2025-12-14T00:38:25.408Z] [rent] 경기도 성남시 분당구 2025-11: 1449건 복구 완료
[2025-12-14T00:38:26.743Z] [deal] 경기도 성남시 수정구 2025-11: 36건 복구 완료
[2025-12-14T00:38:39.218Z] [rent] 경기도 성남시 수정구 2025-11: 601건 복구 완료
[2025-12-14T00:38:40.207Z] [deal] 경기도 성남시 중원구 2025-11: 24건 복구 완료
[2025-12-14T00:38:44.848Z] [rent] 경기도 성남시 중원구 2025-11: 219건 복구 완료
[2025-12-14T00:38:55.029Z] [deal] 경기도 수원시 권선구 2025-11: 463건 복구 완료
[2025-12-14T00:39:08.372Z] [rent] 경기도 수원시 권선구 2025-11: 562건 복구 완료
[2025-12-14T00:39:16.504Z] [deal] 경기도 수원시 영통구 2025-11: 340건 복구 완료
[2025-12-14T00:39:36.581Z] [rent] 경기도 수원시 영통구 2025-11: 938건 복구 완료
[2025-12-14T00:39:39.047Z] [deal] 경기도 수원시 장안구 2025-11: 92건 복구 완료
[2025-12-14T00:39:46.872Z] [rent] 경기도 수원시 장안구 2025-11: 373건 복구 완료
[2025-12-14T00:39:49.818Z] [deal] 경기도 수원시 팔달구 2025-11: 102건 복구 완료
[2025-12-14T00:39:56.950Z] [rent] 경기도 수원시 팔달구 2025-11: 316건 복구 완료
[2025-12-14T00:40:07.741Z] [deal] 경기도 시흥시 2025-11: 488건 복구 완료
[2025-12-14T00:40:27.161Z] [rent] 경기도 시흥시 2025-11: 953건 복구 완료
[2025-12-14T00:40:33.444Z] [deal] 경기도 안산시 단원구 2025-11: 246건 복구 완료
[2025-12-14T00:40:40.959Z] [rent] 경기도 안산시 단원구 2025-11: 376건 복구 완료
[2025-12-14T00:40:44.120Z] [deal] 경기도 안산시 상록구 2025-11: 143건 복구 완료
[2025-12-14T00:40:49.020Z] [rent] 경기도 안산시 상록구 2025-11: 241건 복구 완료
[2025-12-14T00:40:54.294Z] [deal] 경기도 안성시 2025-11: 193건 복구 완료
[2025-12-14T00:41:05.369Z] [rent] 경기도 안성시 2025-11: 473건 복구 완료
[2025-12-14T00:41:09.635Z] [deal] 경기도 안양시 동안구 2025-11: 132건 복구 완료
[2025-12-14T00:41:29.401Z] [rent] 경기도 안양시 동안구 2025-11: 882건 복구 완료
[2025-12-14T00:41:35.934Z] [deal] 경기도 안양시 만안구 2025-11: 234건 복구 완료
[2025-12-14T00:41:41.801Z] [rent] 경기도 안양시 만안구 2025-11: 222건 복구 완료
[2025-12-14T00:41:47.642Z] [deal] 경기도 양주시 2025-11: 227건 복구 완료
[2025-12-14T00:42:00.790Z] [rent] 경기도 양주시 2025-11: 571건 복구 완료
[2025-12-14T00:42:03.037Z] [deal] 경기도 양평군 2025-11: 49건 복구 완료
[2025-12-14T00:42:05.055Z] [rent] 경기도 양평군 2025-11: 82건 복구 완료
[2025-12-14T00:42:08.019Z] [deal] 경기도 여주시 2025-11: 61건 복구 완료
[2025-12-14T00:42:10.102Z] [rent] 경기도 여주시 2025-11: 82건 복구 완료
[2025-12-14T00:42:10.867Z] [deal] 경기도 연천군 2025-11: 14건 복구 완료
[2025-12-14T00:42:17.442Z] [deal] 경기도 오산시 2025-11: 239건 복구 완료
[2025-12-14T00:42:27.623Z] [rent] 경기도 오산시 2025-11: 511건 복구 완료
[2025-12-14T00:42:44.510Z] [deal] 경기도 용인시 기흥구 2025-11: 640건 복구 완료
[2025-12-14T00:43:04.583Z] [rent] 경기도 용인시 기흥구 2025-11: 906건 복구 완료
[2025-12-14T00:43:09.779Z] [deal] 경기도 용인시 수지구 2025-11: 215건 복구 완료
[2025-12-14T00:43:29.523Z] [rent] 경기도 용인시 수지구 2025-11: 901건 복구 완료
[2025-12-14T00:43:34.220Z] [deal] 경기도 용인시 처인구 2025-11: 196건 복구 완료
[2025-12-14T00:43:42.268Z] [rent] 경기도 용인시 처인구 2025-11: 361건 복구 완료
[2025-12-14T00:43:44.182Z] [deal] 경기도 의왕시 2025-11: 71건 복구 완료
[2025-12-14T00:43:52.110Z] [rent] 경기도 의왕시 2025-11: 331건 복구 완료
[2025-12-14T00:44:02.021Z] [deal] 경기도 의정부시 2025-11: 417건 복구 완료
[2025-12-14T00:44:18.990Z] [rent] 경기도 의정부시 2025-11: 768건 복구 완료
[2025-12-14T00:44:21.805Z] [deal] 경기도 이천시 2025-11: 97건 복구 완료
[2025-12-14T00:44:28.654Z] [rent] 경기도 이천시 2025-11: 302건 복구 완료
[2025-12-14T00:44:37.885Z] [deal] 경기도 파주시 2025-11: 411건 복구 완료
[2025-12-14T00:45:08.701Z] [rent] 경기도 파주시 2025-11: 1442건 복구 완료
[2025-12-14T00:45:21.399Z] [deal] 경기도 평택시 2025-11: 586건 복구 완료
[2025-12-14T00:46:07.935Z] [rent] 경기도 평택시 2025-11: 1850건 복구 완료
[2025-12-14T00:46:09.858Z] [deal] 경기도 포천시 2025-11: 64건 복구 완료
[2025-12-14T00:46:16.049Z] [rent] 경기도 포천시 2025-11: 210건 복구 완료
[2025-12-14T00:46:19.830Z] [deal] 경기도 하남시 2025-11: 137건 복구 완료
[2025-12-14T00:46:45.617Z] [rent] 경기도 하남시 2025-11: 1062건 복구 완료
[2025-12-14T00:47:26.388Z] [deal] 경기도 화성시 2025-11: 1566건 복구 완료
[2025-12-14T00:48:42.744Z] [rent] 경기도 화성시 2025-11: 3243건 복구 완료
[2025-12-14T00:48:48.497Z] [deal] 부산광역시 강서구 2025-11: 154건 복구 완료
[2025-12-14T00:49:01.627Z] [rent] 부산광역시 강서구 2025-11: 617건 복구 완료
[2025-12-14T00:49:08.535Z] [deal] 부산광역시 금정구 2025-11: 266건 복구 완료
[2025-12-14T00:49:12.621Z] [rent] 부산광역시 금정구 2025-11: 178건 복구 완료
[2025-12-14T00:49:16.378Z] [deal] 부산광역시 기장군 2025-11: 154건 복구 완료
[2025-12-14T00:49:23.208Z] [rent] 부산광역시 기장군 2025-11: 240건 복구 완료
[2025-12-14T00:49:31.283Z] [deal] 부산광역시 남구 2025-11: 328건 복구 완료
[2025-12-14T00:49:38.057Z] [rent] 부산광역시 남구 2025-11: 295건 복구 완료
[2025-12-14T00:49:39.828Z] [deal] 부산광역시 동구 2025-11: 55건 복구 완료
[2025-12-14T00:49:42.228Z] [rent] 부산광역시 동구 2025-11: 97건 복구 완료
[2025-12-14T00:49:51.667Z] [deal] 부산광역시 동래구 2025-11: 414건 복구 완료
[2025-12-14T00:49:59.987Z] [rent] 부산광역시 동래구 2025-11: 350건 복구 완료
[2025-12-14T00:50:13.602Z] [deal] 부산광역시 부산진구 2025-11: 478건 복구 완료
[2025-12-14T00:50:26.350Z] [rent] 부산광역시 부산진구 2025-11: 622건 복구 완료
[2025-12-14T00:50:34.413Z] [deal] 부산광역시 북구 2025-11: 342건 복구 완료
[2025-12-14T00:50:42.648Z] [rent] 부산광역시 북구 2025-11: 321건 복구 완료
[2025-12-14T00:50:47.279Z] [deal] 부산광역시 사상구 2025-11: 148건 복구 완료
[2025-12-14T00:50:52.567Z] [rent] 부산광역시 사상구 2025-11: 191건 복구 완료
[2025-12-14T00:50:58.901Z] [deal] 부산광역시 사하구 2025-11: 246건 복구 완료
[2025-12-14T00:51:06.525Z] [rent] 부산광역시 사하구 2025-11: 276건 복구 완료
[2025-12-14T00:51:10.810Z] [deal] 부산광역시 서구 2025-11: 83건 복구 완료
[2025-12-14T00:51:13.730Z] [rent] 부산광역시 서구 2025-11: 68건 복구 완료
[2025-12-14T00:51:18.997Z] [deal] 부산광역시 수영구 2025-11: 208건 복구 완료
[2025-12-14T00:51:23.785Z] [rent] 부산광역시 수영구 2025-11: 227건 복구 완료
[2025-12-14T00:51:31.021Z] [deal] 부산광역시 연제구 2025-11: 358건 복구 완료
[2025-12-14T00:51:38.864Z] [rent] 부산광역시 연제구 2025-11: 363건 복구 완료
[2025-12-14T00:51:41.481Z] [deal] 부산광역시 영도구 2025-11: 58건 복구 완료
[2025-12-14T00:51:45.036Z] [rent] 부산광역시 영도구 2025-11: 99건 복구 완료
[2025-12-14T00:51:55.531Z] [deal] 부산광역시 해운대구 2025-11: 482건 복구 완료
[2025-12-14T00:52:08.996Z] [rent] 부산광역시 해운대구 2025-11: 609건 복구 완료
[2025-12-14T00:52:12.794Z] [deal] 대구광역시 남구 2025-11: 64건 복구 완료
[2025-12-14T00:52:15.283Z] [rent] 대구광역시 남구 2025-11: 104건 복구 완료
[2025-12-14T00:52:31.000Z] [deal] 대구광역시 달서구 2025-11: 770건 복구 완료
[2025-12-14T00:52:40.469Z] [rent] 대구광역시 달서구 2025-11: 439건 복구 완료
[2025-12-14T00:52:47.456Z] [deal] 대구광역시 달성군 2025-11: 298건 복구 완료
[2025-12-14T00:52:57.833Z] [rent] 대구광역시 달성군 2025-11: 505건 복구 완료
[2025-12-14T00:53:05.269Z] [deal] 대구광역시 동구 2025-11: 341건 복구 완료
[2025-12-14T00:53:15.642Z] [rent] 대구광역시 동구 2025-11: 491건 복구 완료
[2025-12-14T00:53:24.706Z] [deal] 대구광역시 북구 2025-11: 449건 복구 완료
[2025-12-14T00:53:33.383Z] [rent] 대구광역시 북구 2025-11: 399건 복구 완료
[2025-12-14T00:53:36.856Z] [deal] 대구광역시 서구 2025-11: 102건 복구 완료
[2025-12-14T00:53:43.051Z] [rent] 대구광역시 서구 2025-11: 302건 복구 완료
[2025-12-14T00:53:54.753Z] [deal] 대구광역시 수성구 2025-11: 538건 복구 완료
[2025-12-14T00:54:08.006Z] [rent] 대구광역시 수성구 2025-11: 634건 복구 완료
[2025-12-14T00:54:12.744Z] [deal] 대구광역시 중구 2025-11: 231건 복구 완료
[2025-12-14T00:54:16.805Z] [rent] 대구광역시 중구 2025-11: 195건 복구 완료
[2025-12-14T00:54:17.967Z] [deal] 인천광역시 강화군 2025-11: 9건 복구 완료
[2025-12-14T00:54:23.088Z] [deal] 인천광역시 계양구 2025-11: 228건 복구 완료
[2025-12-14T00:54:30.003Z] [rent] 인천광역시 계양구 2025-11: 342건 복구 완료
[2025-12-14T00:54:36.871Z] [deal] 인천광역시 남동구 2025-11: 319건 복구 완료
[2025-12-14T00:54:49.886Z] [rent] 인천광역시 남동구 2025-11: 644건 복구 완료
[2025-12-14T00:54:51.296Z] [deal] 인천광역시 동구 2025-11: 50건 복구 완료
[2025-12-14T00:54:52.890Z] [rent] 인천광역시 동구 2025-11: 61건 복구 완료
[2025-12-14T00:54:57.958Z] [deal] 인천광역시 미추홀구 2025-11: 240건 복구 완료
[2025-12-14T00:55:06.216Z] [rent] 인천광역시 미추홀구 2025-11: 377건 복구 완료
[2025-12-14T00:55:15.476Z] [deal] 인천광역시 부평구 2025-11: 375건 복구 완료
[2025-12-14T00:55:31.215Z] [rent] 인천광역시 부평구 2025-11: 723건 복구 완료
[2025-12-14T00:55:45.749Z] [deal] 인천광역시 서구 2025-11: 593건 복구 완료
[2025-12-14T00:56:16.662Z] [rent] 인천광역시 서구 2025-11: 1058건 복구 완료
[2025-12-14T00:56:27.878Z] [deal] 인천광역시 연수구 2025-11: 502건 복구 완료
[2025-12-14T00:56:48.666Z] [rent] 인천광역시 연수구 2025-11: 1027건 복구 완료
[2025-12-14T00:56:53.092Z] [deal] 인천광역시 중구 2025-11: 159건 복구 완료
[2025-12-14T00:57:00.659Z] [rent] 인천광역시 중구 2025-11: 355건 복구 완료
[2025-12-14T00:57:10.807Z] [deal] 광주광역시 광산구 2025-11: 413건 복구 완료
[2025-12-14T00:57:20.452Z] [rent] 광주광역시 광산구 2025-11: 485건 복구 완료
[2025-12-14T00:57:25.594Z] [deal] 광주광역시 남구 2025-11: 239건 복구 완료
[2025-12-14T00:57:30.730Z] [rent] 광주광역시 남구 2025-11: 246건 복구 완료
[2025-12-14T00:57:33.441Z] [deal] 광주광역시 동구 2025-11: 103건 복구 완료
[2025-12-14T00:57:36.377Z] [rent] 광주광역시 동구 2025-11: 131건 복구 완료
[2025-12-14T00:57:45.715Z] [deal] 광주광역시 북구 2025-11: 453건 복구 완료
[2025-12-14T00:57:54.405Z] [rent] 광주광역시 북구 2025-11: 413건 복구 완료
[2025-12-14T00:58:00.452Z] [deal] 광주광역시 서구 2025-11: 283건 복구 완료
[2025-12-14T00:58:07.646Z] [rent] 광주광역시 서구 2025-11: 301건 복구 완료
[2025-12-14T00:58:12.107Z] [deal] 대전광역시 대덕구 2025-11: 153건 복구 완료
[2025-12-14T00:58:15.295Z] [rent] 대전광역시 대덕구 2025-11: 138건 복구 완료
[2025-12-14T00:58:19.284Z] [deal] 대전광역시 동구 2025-11: 186건 복구 완료
[2025-12-14T00:58:22.997Z] [rent] 대전광역시 동구 2025-11: 180건 복구 완료
[2025-12-14T00:58:34.822Z] [deal] 대전광역시 서구 2025-11: 560건 복구 완료
[2025-12-14T00:58:52.049Z] [rent] 대전광역시 서구 2025-11: 846건 복구 완료
[2025-12-14T00:59:03.239Z] [deal] 대전광역시 유성구 2025-11: 471건 복구 완료
[2025-12-14T00:59:21.881Z] [rent] 대전광역시 유성구 2025-11: 827건 복구 완료
[2025-12-14T00:59:25.893Z] [deal] 대전광역시 중구 2025-11: 174건 복구 완료
[2025-12-14T00:59:31.589Z] [rent] 대전광역시 중구 2025-11: 269건 복구 완료
[2025-12-14T00:59:43.003Z] [deal] 울산광역시 남구 2025-11: 500건 복구 완료
[2025-12-14T00:59:49.241Z] [rent] 울산광역시 남구 2025-11: 281건 복구 완료
[2025-12-14T00:59:53.062Z] [deal] 울산광역시 동구 2025-11: 164건 복구 완료
[2025-12-14T00:59:56.573Z] [rent] 울산광역시 동구 2025-11: 150건 복구 완료
[2025-12-14T01:00:02.568Z] [deal] 울산광역시 북구 2025-11: 296건 복구 완료
[2025-12-14T01:00:12.870Z] [rent] 울산광역시 북구 2025-11: 213건 복구 완료
[2025-12-14T01:00:22.050Z] [deal] 울산광역시 울주군 2025-11: 243건 복구 완료
[2025-12-14T01:00:31.022Z] [rent] 울산광역시 울주군 2025-11: 118건 복구 완료
[2025-12-14T01:00:40.254Z] [deal] 울산광역시 중구 2025-11: 222건 복구 완료
[2025-12-14T01:00:46.567Z] [rent] 울산광역시 중구 2025-11: 165건 복구 완료
[2025-12-14T01:00:59.072Z] [deal] 세종특별자치시 2025-11: 515건 복구 완료
[2025-12-14T01:01:35.043Z] [rent] 세종특별자치시 2025-11: 1352건 복구 완료
[2025-12-14T01:01:40.847Z] [rent] 충청북도 괴산군 2025-11: 3건 복구 완료
[2025-12-14T01:01:42.125Z] [deal] 충청북도 단양군 2025-11: 11건 복구 완료
[2025-12-14T01:01:51.428Z] [deal] 충청북도 음성군 2025-11: 86건 복구 완료
[2025-12-14T01:01:53.099Z] [rent] 충청북도 음성군 2025-11: 72건 복구 완료
[2025-12-14T01:01:57.881Z] [deal] 충청북도 제천시 2025-11: 150건 복구 완료
[2025-12-14T01:02:01.380Z] [rent] 충청북도 제천시 2025-11: 91건 복구 완료
[2025-12-14T01:02:02.736Z] [deal] 충청북도 증평군 2025-11: 33건 복구 완료
[2025-12-14T01:02:07.318Z] [rent] 충청북도 진천군 2025-11: 170건 복구 완료
[2025-12-14T01:02:14.138Z] [deal] 충청북도 청주시 상당구 2025-11: 237건 복구 완료
[2025-12-14T01:02:19.516Z] [rent] 충청북도 청주시 상당구 2025-11: 219건 복구 완료
[2025-12-14T01:02:24.875Z] [deal] 충청북도 청주시 서원구 2025-11: 233건 복구 완료
[2025-12-14T01:02:31.599Z] [rent] 충청북도 청주시 서원구 2025-11: 288건 복구 완료
[2025-12-14T01:02:36.975Z] [deal] 충청북도 청주시 청원구 2025-11: 233건 복구 완료
[2025-12-14T01:02:44.255Z] [rent] 충청북도 청주시 청원구 2025-11: 304건 복구 완료
[2025-12-14T01:02:53.395Z] [deal] 충청북도 청주시 흥덕구 2025-11: 422건 복구 완료
[2025-12-14T01:03:06.276Z] [rent] 충청북도 청주시 흥덕구 2025-11: 447건 복구 완료
[2025-12-14T01:03:14.163Z] [deal] 충청북도 충주시 2025-11: 229건 복구 완료
[2025-12-14T01:03:23.381Z] [rent] 충청북도 충주시 2025-11: 261건 복구 완료
[2025-12-14T01:03:26.391Z] [deal] 충청남도 계룡시 2025-11: 67건 복구 완료
[2025-12-14T01:03:28.388Z] [rent] 충청남도 계룡시 2025-11: 79건 복구 완료
[2025-12-14T01:03:30.135Z] [deal] 충청남도 공주시 2025-11: 58건 복구 완료
[2025-12-14T01:03:33.529Z] [rent] 충청남도 공주시 2025-11: 68건 복구 완료
[2025-12-14T01:03:36.267Z] [rent] 충청남도 금산군 2025-11: 20건 복구 완료
[2025-12-14T01:03:44.328Z] [deal] 충청남도 논산시 2025-11: 154건 복구 완료
[2025-12-14T01:03:45.993Z] [rent] 충청남도 논산시 2025-11: 29건 복구 완료
[2025-12-14T01:03:50.772Z] [deal] 충청남도 당진시 2025-11: 221건 복구 완료
[2025-12-14T01:03:54.957Z] [rent] 충청남도 당진시 2025-11: 176건 복구 완료
[2025-12-14T01:04:01.961Z] [deal] 충청남도 서산시 2025-11: 212건 복구 완료
[2025-12-14T01:20:13.780Z] [deal] 충청남도 서천군 2025-11: 19건 복구 완료
[2025-12-14T01:20:16.063Z] [rent] 충청남도 서천군 2025-11: 41건 복구 완료
[2025-12-14T01:20:27.926Z] [deal] 충청남도 아산시 2025-11: 488건 복구 완료
[2025-12-14T01:20:51.335Z] [rent] 충청남도 아산시 2025-11: 893건 복구 완료
[2025-12-14T01:20:52.904Z] [deal] 충청남도 예산군 2025-11: 55건 복구 완료
[2025-12-14T01:20:54.413Z] [rent] 충청남도 예산군 2025-11: 25건 복구 완료
[2025-12-14T01:21:01.001Z] [deal] 충청남도 천안시 동남구 2025-11: 265건 복구 완료
[2025-12-14T01:21:09.342Z] [rent] 충청남도 천안시 동남구 2025-11: 382건 복구 완료
[2025-12-14T01:21:22.198Z] [deal] 충청남도 천안시 서북구 2025-11: 553건 복구 완료
[2025-12-14T01:21:37.539Z] [rent] 충청남도 천안시 서북구 2025-11: 770건 복구 완료
[2025-12-14T01:21:40.156Z] [deal] 충청남도 태안군 2025-11: 28건 복구 완료
[2025-12-14T01:21:42.599Z] [deal] 충청남도 홍성군 2025-11: 90건 복구 완료
[2025-12-14T01:21:45.912Z] [rent] 충청남도 홍성군 2025-11: 128건 복구 완료
[2025-12-14T01:21:47.103Z] [deal] 전라남도 강진군 2025-11: 3건 복구 완료
[2025-12-14T01:21:48.922Z] [rent] 전라남도 곡성군 2025-11: 3건 복구 완료
[2025-12-14T01:21:54.403Z] [deal] 전라남도 광양시 2025-11: 206건 복구 완료
[2025-12-14T01:39:25.390Z] [rent] 전라남도 광양시 2025-11: 263건 복구 완료
[2025-12-14T01:39:31.507Z] [rent] 전라남도 나주시 2025-11: 236건 복구 완료
[2025-12-14T01:39:36.972Z] [deal] 전라남도 목포시 2025-11: 222건 복구 완료
[2025-12-14T01:39:42.888Z] [rent] 전라남도 목포시 2025-11: 265건 복구 완료
[2025-12-14T01:39:49.217Z] [deal] 전라남도 무안군 2025-11: 114건 복구 완료
[2025-12-14T01:39:52.515Z] [rent] 전라남도 무안군 2025-11: 101건 복구 완료
[2025-12-14T01:40:01.695Z] [deal] 전라남도 순천시 2025-11: 338건 복구 완료
[2025-12-14T01:56:23.754Z] [rent] 전라남도 순천시 2025-11: 503건 복구 완료
[2025-12-14T01:56:28.026Z] [deal] 전라남도 여수시 2025-11: 151건 복구 완료
[2025-12-14T01:56:49.748Z] [rent] 전라남도 여수시 2025-11: 868건 복구 완료
[2025-12-14T01:56:51.233Z] [deal] 전라남도 영광군 2025-11: 34건 복구 완료
[2025-12-14T01:56:52.486Z] [rent] 전라남도 영광군 2025-11: 17건 복구 완료
[2025-12-14T01:56:54.744Z] [deal] 전라남도 영암군 2025-11: 38건 복구 완료
[2025-12-14T01:56:56.706Z] [deal] 전라남도 완도군 2025-11: 5건 복구 완료
[2025-12-14T01:56:59.738Z] [rent] 전라남도 장성군 2025-11: 93건 복구 완료
[2025-12-14T01:57:05.195Z] [rent] 전라남도 해남군 2025-11: 23건 복구 완료
[2025-12-14T01:57:09.372Z] [rent] 전라남도 화순군 2025-11: 92건 복구 완료
[2025-12-14T01:57:16.854Z] [deal] 경상북도 경산시 2025-11: 277건 복구 완료
[2025-12-14T01:57:22.919Z] [rent] 경상북도 경산시 2025-11: 274건 복구 완료
[2025-12-14T01:57:27.769Z] [deal] 경상북도 경주시 2025-11: 169건 복구 완료
[2025-12-14T01:57:32.508Z] [rent] 경상북도 경주시 2025-11: 223건 복구 완료
[2025-12-14T01:57:33.167Z] [deal] 경상북도 고령군 2025-11: 11건 복구 완료
[2025-12-14T01:57:43.644Z] [deal] 경상북도 구미시 2025-11: 500건 복구 완료
[2025-12-14T01:58:03.539Z] [rent] 경상북도 구미시 2025-11: 1023건 복구 완료
[2025-12-14T01:58:06.729Z] [deal] 경상북도 김천시 2025-11: 124건 복구 완료
[2025-12-14T01:58:12.496Z] [rent] 경상북도 김천시 2025-11: 246건 복구 완료
[2025-12-14T01:58:15.367Z] [deal] 경상북도 상주시 2025-11: 33건 복구 완료
[2025-12-14T01:58:19.832Z] [deal] 경상북도 안동시 2025-11: 136건 복구 완료
[2025-12-14T01:58:21.069Z] [rent] 경상북도 안동시 2025-11: 46건 복구 완료
[2025-12-14T01:58:24.516Z] [deal] 경상북도 영주시 2025-11: 64건 복구 완료
[2025-12-14T01:58:25.631Z] [rent] 경상북도 영주시 2025-11: 38건 복구 완료
[2025-12-14T01:58:27.228Z] [rent] 경상북도 영천시 2025-11: 37건 복구 완료
[2025-12-14T01:58:28.584Z] [deal] 경상북도 예천군 2025-11: 47건 복구 완료
[2025-12-14T01:58:33.289Z] [deal] 경상북도 칠곡군 2025-11: 75건 복구 완료
[2025-12-14T01:58:36.928Z] [deal] 경상북도 포항시 남구 2025-11: 125건 복구 완료
[2025-12-14T01:58:41.476Z] [rent] 경상북도 포항시 남구 2025-11: 220건 복구 완료
[2025-12-14T01:58:47.406Z] [deal] 경상북도 포항시 북구 2025-11: 284건 복구 완료
[2025-12-14T01:58:54.237Z] [rent] 경상북도 포항시 북구 2025-11: 334건 복구 완료
[2025-12-14T01:58:59.331Z] [deal] 경상남도 거제시 2025-11: 198건 복구 완료
[2025-12-14T01:59:07.000Z] [rent] 경상남도 거제시 2025-11: 308건 복구 완료
[2025-12-14T01:59:08.319Z] [deal] 경상남도 거창군 2025-11: 43건 복구 완료
[2025-12-14T01:59:23.235Z] [deal] 경상남도 김해시 2025-11: 626건 복구 완료
[2025-12-14T01:59:39.358Z] [rent] 경상남도 김해시 2025-11: 716건 복구 완료
[2025-12-14T01:59:42.824Z] [deal] 경상남도 밀양시 2025-11: 65건 복구 완료
[2025-12-14T01:59:44.337Z] [rent] 경상남도 밀양시 2025-11: 35건 복구 완료
[2025-12-14T01:59:49.991Z] [deal] 경상남도 사천시 2025-11: 288건 복구 완료
[2025-12-14T01:59:52.959Z] [rent] 경상남도 사천시 2025-11: 117건 복구 완료
[2025-12-14T01:59:53.528Z] [deal] 경상남도 산청군 2025-11: 5건 복구 완료
[2025-12-14T02:00:04.463Z] [deal] 경상남도 양산시 2025-11: 508건 복구 완료
[2025-12-14T02:00:16.513Z] [rent] 경상남도 양산시 2025-11: 454건 복구 완료
[2025-12-14T02:00:28.335Z] [deal] 경상남도 진주시 2025-11: 434건 복구 완료
[2025-12-14T02:00:34.066Z] [rent] 경상남도 진주시 2025-11: 244건 복구 완료
[2025-12-14T02:00:35.007Z] [deal] 경상남도 창녕군 2025-11: 18건 복구 완료
[2025-12-14T02:00:42.083Z] [deal] 경상남도 창원시 마산합포구 2025-11: 195건 복구 완료
[2025-12-14T02:00:47.497Z] [rent] 경상남도 창원시 마산합포구 2025-11: 184건 복구 완료
[2025-12-14T02:00:53.941Z] [deal] 경상남도 창원시 마산회원구 2025-11: 162건 복구 완료
[2025-12-14T02:00:57.541Z] [rent] 경상남도 창원시 마산회원구 2025-11: 110건 복구 완료
[2025-12-14T02:01:08.875Z] [deal] 경상남도 창원시 성산구 2025-11: 470건 복구 완료
[2025-12-14T02:01:20.608Z] [rent] 경상남도 창원시 성산구 2025-11: 421건 복구 완료
[2025-12-14T02:01:25.443Z] [deal] 경상남도 창원시 의창구 2025-11: 169건 복구 완료
[2025-12-14T02:01:30.784Z] [rent] 경상남도 창원시 의창구 2025-11: 186건 복구 완료
[2025-12-14T02:01:34.221Z] [deal] 경상남도 창원시 진해구 2025-11: 141건 복구 완료
[2025-12-14T02:01:42.987Z] [rent] 경상남도 창원시 진해구 2025-11: 375건 복구 완료
[2025-12-14T02:01:44.814Z] [deal] 경상남도 통영시 2025-11: 64건 복구 완료
[2025-12-14T02:01:46.477Z] [rent] 경상남도 통영시 2025-11: 48건 복구 완료
[2025-12-14T02:01:47.806Z] [deal] 경상남도 하동군 2025-11: 11건 복구 완료
[2025-12-14T02:01:49.403Z] [deal] 경상남도 함안군 2025-11: 30건 복구 완료
[2025-12-14T02:01:52.423Z] [deal] 제주특별자치도 서귀포시 2025-11: 38건 복구 완료
[2025-12-14T02:01:55.042Z] [rent] 제주특별자치도 서귀포시 2025-11: 112건 복구 완료
[2025-12-14T02:01:58.322Z] [deal] 제주특별자치도 제주시 2025-11: 138건 복구 완료
[2025-12-14T02:02:05.208Z] [rent] 제주특별자치도 제주시 2025-11: 257건 복구 완료
[2025-12-14T02:02:10.464Z] [deal] 강원특별자치도 강릉시 2025-11: 172건 복구 완료
[2025-12-14T02:02:18.282Z] [rent] 강원특별자치도 강릉시 2025-11: 306건 복구 완료
[2025-12-14T02:02:19.704Z] [deal] 강원특별자치도 고성군 2025-11: 19건 복구 완료
[2025-12-14T02:02:23.708Z] [deal] 강원특별자치도 동해시 2025-11: 115건 복구 완료
[2025-12-14T02:02:27.185Z] [rent] 강원특별자치도 동해시 2025-11: 115건 복구 완료
[2025-12-14T02:02:28.795Z] [rent] 강원특별자치도 삼척시 2025-11: 27건 복구 완료
[2025-12-14T02:02:31.387Z] [deal] 강원특별자치도 속초시 2025-11: 111건 복구 완료
[2025-12-14T02:02:35.022Z] [rent] 강원특별자치도 속초시 2025-11: 149건 복구 완료
[2025-12-14T02:02:35.601Z] [deal] 강원특별자치도 양구군 2025-11: 4건 복구 완료
[2025-12-14T02:02:37.272Z] [rent] 강원특별자치도 양양군 2025-11: 9건 복구 완료
[2025-12-14T02:02:38.070Z] [deal] 강원특별자치도 영월군 2025-11: 18건 복구 완료
[2025-12-14T02:02:47.918Z] [deal] 강원특별자치도 원주시 2025-11: 464건 복구 완료
[2025-12-14T02:03:04.139Z] [rent] 강원특별자치도 원주시 2025-11: 787건 복구 완료
[2025-12-14T02:03:06.492Z] [rent] 강원특별자치도 인제군 2025-11: 6건 복구 완료
[2025-12-14T02:03:07.692Z] [deal] 강원특별자치도 정선군 2025-11: 16건 복구 완료
[2025-12-14T02:03:17.282Z] [deal] 강원특별자치도 춘천시 2025-11: 292건 복구 완료
[2025-12-14T02:03:26.795Z] [rent] 강원특별자치도 춘천시 2025-11: 351건 복구 완료
[2025-12-14T02:03:28.629Z] [deal] 강원특별자치도 태백시 2025-11: 37건 복구 완료
[2025-12-14T02:03:30.754Z] [rent] 강원특별자치도 태백시 2025-11: 96건 복구 완료
[2025-12-14T02:03:33.322Z] [rent] 강원특별자치도 홍천군 2025-11: 25건 복구 완료
[2025-12-14T02:03:43.483Z] [deal] 전북특별자치도 군산시 2025-11: 269건 복구 완료
[2025-12-14T02:03:51.507Z] [rent] 전북특별자치도 군산시 2025-11: 299건 복구 완료
[2025-12-14T02:03:54.235Z] [rent] 전북특별자치도 김제시 2025-11: 101건 복구 완료
[2025-12-14T02:03:57.604Z] [rent] 전북특별자치도 남원시 2025-11: 143건 복구 완료
[2025-12-14T02:04:02.599Z] [deal] 전북특별자치도 완주군 2025-11: 130건 복구 완료
[2025-12-14T02:04:04.113Z] [rent] 전북특별자치도 완주군 2025-11: 63건 복구 완료
[2025-12-14T02:04:08.968Z] [deal] 전북특별자치도 익산시 2025-11: 228건 복구 완료
[2025-12-14T02:04:16.603Z] [rent] 전북특별자치도 익산시 2025-11: 385건 복구 완료
[2025-12-14T02:04:17.227Z] [deal] 전북특별자치도 임실군 2025-11: 6건 복구 완료
[2025-12-14T02:04:28.931Z] [deal] 전북특별자치도 전주시 덕진구 2025-11: 494건 복구 완료
[2025-12-14T02:04:34.792Z] [rent] 전북특별자치도 전주시 덕진구 2025-11: 263건 복구 완료
[2025-12-14T02:04:44.945Z] [deal] 전북특별자치도 전주시 완산구 2025-11: 491건 복구 완료
[2025-12-14T02:04:50.015Z] [rent] 전북특별자치도 전주시 완산구 2025-11: 244건 복구 완료
[2025-12-14T02:04:51.914Z] [deal] 전북특별자치도 정읍시 2025-11: 85건 복구 완료
[2025-12-14T02:04:53.193Z] [rent] 전북특별자치도 정읍시 2025-11: 34건 복구 완료
[2025-12-14T02:04:53.747Z] [deal] 전북특별자치도 진안군 2025-11: 4건 복구 완료
[2025-12-14T02:05:01.721Z] [deal] 서울특별시 강남구 2025-10: 297건 복구 완료
[2025-12-14T02:05:41.494Z] [rent] 서울특별시 강남구 2025-10: 1579건 복구 완료
[2025-12-14T02:05:53.001Z] [deal] 서울특별시 강동구 2025-10: 572건 복구 완료
[2025-12-14T02:06:20.207Z] [rent] 서울특별시 강동구 2025-10: 1302건 복구 완료
[2025-12-14T02:06:23.012Z] [deal] 서울특별시 강북구 2025-10: 123건 복구 완료
[2025-12-14T02:06:26.927Z] [rent] 서울특별시 강북구 2025-10: 182건 복구 완료
[2025-12-14T02:06:38.931Z] [deal] 서울특별시 강서구 2025-10: 591건 복구 완료
[2025-12-14T02:07:01.278Z] [rent] 서울특별시 강서구 2025-10: 1143건 복구 완료
[2025-12-14T02:07:07.702Z] [deal] 서울특별시 관악구 2025-10: 295건 복구 완료
[2025-12-14T02:07:17.296Z] [rent] 서울특별시 관악구 2025-10: 436건 복구 완료
[2025-12-14T02:07:23.231Z] [deal] 서울특별시 광진구 2025-10: 265건 복구 완료
[2025-12-14T02:07:30.782Z] [rent] 서울특별시 광진구 2025-10: 367건 복구 완료
[2025-12-14T02:07:38.289Z] [deal] 서울특별시 구로구 2025-10: 345건 복구 완료
[2025-12-14T02:07:55.838Z] [rent] 서울특별시 구로구 2025-10: 863건 복구 완료
[2025-12-14T02:08:00.772Z] [rent] 서울특별시 금천구 2025-10: 207건 복구 완료
[2025-12-14T02:08:13.157Z] [deal] 서울특별시 노원구 2025-10: 654건 복구 완료
[2025-12-14T02:08:42.584Z] [rent] 서울특별시 노원구 2025-10: 1482건 복구 완료
[2025-12-14T02:08:46.682Z] [deal] 서울특별시 도봉구 2025-10: 159건 복구 완료
[2025-12-14T02:08:55.466Z] [rent] 서울특별시 도봉구 2025-10: 423건 복구 완료
[2025-12-14T02:09:05.719Z] [deal] 서울특별시 동대문구 2025-10: 532건 복구 완료
[2025-12-14T02:09:20.561Z] [rent] 서울특별시 동대문구 2025-10: 639건 복구 완료
[2025-12-14T02:09:29.594Z] [deal] 서울특별시 동작구 2025-10: 419건 복구 완료
[2025-12-14T02:09:44.497Z] [rent] 서울특별시 동작구 2025-10: 658건 복구 완료
[2025-12-14T02:09:53.360Z] [deal] 서울특별시 마포구 2025-10: 424건 복구 완료
[2025-12-14T02:10:13.565Z] [rent] 서울특별시 마포구 2025-10: 956건 복구 완료
[2025-12-14T02:10:28.288Z] [deal] 서울특별시 서대문구 2025-10: 405건 복구 완료
[2025-12-14T02:10:43.616Z] [rent] 서울특별시 서대문구 2025-10: 475건 복구 완료
[2025-12-14T02:10:48.455Z] [deal] 서울특별시 서초구 2025-10: 221건 복구 완료
[2025-12-14T02:11:18.015Z] [rent] 서울특별시 서초구 2025-10: 1341건 복구 완료
[2025-12-14T02:11:27.592Z] [deal] 서울특별시 성동구 2025-10: 384건 복구 완료
[2025-12-14T02:11:43.828Z] [rent] 서울특별시 성동구 2025-10: 764건 복구 완료
[2025-12-14T02:11:55.096Z] [deal] 서울특별시 성북구 2025-10: 508건 복구 완료
[2025-12-14T02:12:07.938Z] [rent] 서울특별시 성북구 2025-10: 611건 복구 완료
[2025-12-14T02:12:21.353Z] [deal] 서울특별시 송파구 2025-10: 612건 복구 완료
[2025-12-14T02:12:52.631Z] [rent] 서울특별시 송파구 2025-10: 1461건 복구 완료
[2025-12-14T02:13:04.876Z] [deal] 서울특별시 양천구 2025-10: 433건 복구 완료
[2025-12-14T02:13:27.060Z] [rent] 서울특별시 양천구 2025-10: 940건 복구 완료
[2025-12-14T02:13:37.131Z] [deal] 서울특별시 영등포구 2025-10: 453건 복구 완료
[2025-12-14T02:13:51.891Z] [rent] 서울특별시 영등포구 2025-10: 749건 복구 완료
[2025-12-14T02:14:02.102Z] [rent] 서울특별시 용산구 2025-10: 422건 복구 완료
[2025-12-14T02:14:10.238Z] [deal] 서울특별시 은평구 2025-10: 375건 복구 완료
[2025-12-14T02:14:24.558Z] [rent] 서울특별시 은평구 2025-10: 754건 복구 완료
[2025-12-14T02:14:26.536Z] [deal] 서울특별시 종로구 2025-10: 85건 복구 완료
[2025-12-14T02:14:30.440Z] [rent] 서울특별시 종로구 2025-10: 184건 복구 완료
[2025-12-14T02:14:34.011Z] [deal] 서울특별시 중구 2025-10: 140건 복구 완료
[2025-12-14T02:14:39.840Z] [rent] 서울특별시 중구 2025-10: 265건 복구 완료
[2025-12-14T02:14:45.209Z] [deal] 서울특별시 중랑구 2025-10: 249건 복구 완료
[2025-12-14T02:15:02.176Z] [rent] 서울특별시 중랑구 2025-10: 616건 복구 완료
[2025-12-14T02:15:09.158Z] [rent] 경기도 가평군 2025-10: 55건 복구 완료
[2025-12-14T02:15:27.788Z] [deal] 경기도 고양시 덕양구 2025-10: 426건 복구 완료
[2025-12-14T02:15:48.136Z] [rent] 경기도 고양시 덕양구 2025-10: 841건 복구 완료
[2025-12-14T02:15:55.874Z] [deal] 경기도 고양시 일산동구 2025-10: 212건 복구 완료
[2025-12-14T02:16:09.620Z] [rent] 경기도 고양시 일산동구 2025-10: 483건 복구 완료
[2025-12-14T02:16:18.559Z] [deal] 경기도 고양시 일산서구 2025-10: 252건 복구 완료
[2025-12-14T02:16:32.534Z] [rent] 경기도 고양시 일산서구 2025-10: 606건 복구 완료
[2025-12-14T02:16:34.265Z] [deal] 경기도 과천시 2025-10: 72건 복구 완료
[2025-12-14T02:16:41.202Z] [rent] 경기도 과천시 2025-10: 149건 복구 완료
[2025-12-14T02:16:56.753Z] [deal] 경기도 광명시 2025-10: 534건 복구 완료
[2025-12-14T02:17:15.042Z] [rent] 경기도 광명시 2025-10: 738건 복구 완료
[2025-12-14T02:17:21.453Z] [deal] 경기도 광주시 2025-10: 245건 복구 완료
[2025-12-14T02:17:27.831Z] [rent] 경기도 광주시 2025-10: 285건 복구 완료
[2025-12-14T02:17:38.070Z] [deal] 경기도 구리시 2025-10: 445건 복구 완료
[2025-12-14T02:17:48.688Z] [rent] 경기도 구리시 2025-10: 401건 복구 완료
[2025-12-14T02:17:56.453Z] [deal] 경기도 군포시 2025-10: 327건 복구 완료
[2025-12-14T02:18:07.754Z] [rent] 경기도 군포시 2025-10: 446건 복구 완료
[2025-12-14T02:18:16.029Z] [deal] 경기도 김포시 2025-10: 374건 복구 완료
[2025-12-14T02:18:36.673Z] [rent] 경기도 김포시 2025-10: 940건 복구 완료
[2025-12-14T02:18:53.610Z] [deal] 경기도 남양주시 2025-10: 765건 복구 완료
[2025-12-14T02:19:46.210Z] [rent] 경기도 남양주시 2025-10: 2159건 복구 완료
[2025-12-14T02:19:48.091Z] [deal] 경기도 동두천시 2025-10: 65건 복구 완료
[2025-12-14T02:19:50.755Z] [rent] 경기도 동두천시 2025-10: 116건 복구 완료
[2025-12-14T02:19:54.573Z] [deal] 경기도 부천시 소사구  2025-10: 128건 복구 완료
[2025-12-14T02:20:00.496Z] [rent] 경기도 부천시 소사구  2025-10: 218건 복구 완료
[2025-12-14T02:20:02.521Z] [deal] 경기도 부천시 오정구  2025-10: 85건 복구 완료
[2025-12-14T02:20:05.950Z] [rent] 경기도 부천시 오정구  2025-10: 97건 복구 완료
[2025-12-14T02:20:13.021Z] [deal] 경기도 부천시 원미구  2025-10: 351건 복구 완료
[2025-12-14T02:20:30.489Z] [rent] 경기도 부천시 원미구  2025-10: 631건 복구 완료
[2025-12-14T02:20:48.664Z] [deal] 경기도 성남시 분당구 2025-10: 642건 복구 완료
[2025-12-14T02:21:15.990Z] [rent] 경기도 성남시 분당구 2025-10: 1355건 복구 완료
[2025-12-14T02:21:21.467Z] [deal] 경기도 성남시 수정구 2025-10: 214건 복구 완료
[2025-12-14T02:21:33.312Z] [rent] 경기도 성남시 수정구 2025-10: 589건 복구 완료
[2025-12-14T02:21:37.707Z] [deal] 경기도 성남시 중원구 2025-10: 182건 복구 완료
[2025-12-14T02:21:43.333Z] [rent] 경기도 성남시 중원구 2025-10: 255건 복구 완료
[2025-12-14T02:21:53.312Z] [deal] 경기도 수원시 권선구 2025-10: 420건 복구 완료
[2025-12-14T02:22:07.013Z] [rent] 경기도 수원시 권선구 2025-10: 649건 복구 완료
[2025-12-14T02:22:21.467Z] [deal] 경기도 수원시 영통구 2025-10: 734건 복구 완료
[2025-12-14T02:22:39.383Z] [rent] 경기도 수원시 영통구 2025-10: 904건 복구 완료
[2025-12-14T02:22:44.348Z] [deal] 경기도 수원시 장안구 2025-10: 211건 복구 완료
[2025-12-14T02:22:51.938Z] [rent] 경기도 수원시 장안구 2025-10: 382건 복구 완료
[2025-12-14T02:22:56.601Z] [deal] 경기도 수원시 팔달구 2025-10: 208건 복구 완료
[2025-12-14T02:23:05.200Z] [rent] 경기도 수원시 팔달구 2025-10: 359건 복구 완료
[2025-12-14T02:23:15.843Z] [deal] 경기도 시흥시 2025-10: 455건 복구 완료
[2025-12-14T02:23:37.612Z] [rent] 경기도 시흥시 2025-10: 934건 복구 완료
[2025-12-14T02:23:45.137Z] [deal] 경기도 안산시 단원구 2025-10: 254건 복구 완료
[2025-12-14T02:23:55.020Z] [rent] 경기도 안산시 단원구 2025-10: 428건 복구 완료
[2025-12-14T02:23:58.760Z] [deal] 경기도 안산시 상록구 2025-10: 138건 복구 완료
[2025-12-14T02:24:03.558Z] [rent] 경기도 안산시 상록구 2025-10: 222건 복구 완료
[2025-12-14T02:24:07.067Z] [deal] 경기도 안성시 2025-10: 158건 복구 완료
[2025-12-14T02:24:18.722Z] [rent] 경기도 안성시 2025-10: 547건 복구 완료
[2025-12-14T02:24:33.516Z] [deal] 경기도 안양시 동안구 2025-10: 699건 복구 완료
[2025-12-14T02:24:52.519Z] [rent] 경기도 안양시 동안구 2025-10: 902건 복구 완료
[2025-12-14T02:24:58.632Z] [deal] 경기도 안양시 만안구 2025-10: 287건 복구 완료
[2025-12-14T02:25:04.639Z] [rent] 경기도 안양시 만안구 2025-10: 231건 복구 완료
[2025-12-14T02:25:11.935Z] [deal] 경기도 양주시 2025-10: 265건 복구 완료
[2025-12-14T02:25:26.054Z] [rent] 경기도 양주시 2025-10: 622건 복구 완료
[2025-12-14T02:25:27.355Z] [deal] 경기도 양평군 2025-10: 40건 복구 완료
[2025-12-14T02:25:29.237Z] [rent] 경기도 양평군 2025-10: 79건 복구 완료
[2025-12-14T02:25:33.826Z] [deal] 경기도 여주시 2025-10: 63건 복구 완료
[2025-12-14T02:25:36.320Z] [rent] 경기도 여주시 2025-10: 98건 복구 완료
[2025-12-14T02:25:41.870Z] [deal] 경기도 오산시 2025-10: 208건 복구 완료
[2025-12-14T02:25:53.054Z] [rent] 경기도 오산시 2025-10: 503건 복구 완료
[2025-12-14T02:26:09.476Z] [deal] 경기도 용인시 기흥구 2025-10: 730건 복구 완료
[2025-12-14T02:26:28.770Z] [rent] 경기도 용인시 기흥구 2025-10: 880건 복구 완료
[2025-12-14T02:26:47.410Z] [deal] 경기도 용인시 수지구 2025-10: 825건 복구 완료
[2025-12-14T02:27:07.555Z] [rent] 경기도 용인시 수지구 2025-10: 929건 복구 완료
[2025-12-14T02:27:11.983Z] [deal] 경기도 용인시 처인구 2025-10: 199건 복구 완료
[2025-12-14T02:27:17.647Z] [rent] 경기도 용인시 처인구 2025-10: 239건 복구 완료
[2025-12-14T02:27:22.376Z] [deal] 경기도 의왕시 2025-10: 205건 복구 완료
[2025-12-14T02:27:28.238Z] [rent] 경기도 의왕시 2025-10: 284건 복구 완료
[2025-12-14T02:27:37.093Z] [deal] 경기도 의정부시 2025-10: 407건 복구 완료
[2025-12-14T02:27:53.808Z] [rent] 경기도 의정부시 2025-10: 815건 복구 완료
[2025-12-14T02:27:56.746Z] [deal] 경기도 이천시 2025-10: 131건 복구 완료
[2025-12-14T02:28:02.334Z] [rent] 경기도 이천시 2025-10: 271건 복구 완료
[2025-12-14T02:28:09.248Z] [deal] 경기도 파주시 2025-10: 343건 복구 완료
[2025-12-14T02:28:33.903Z] [rent] 경기도 파주시 2025-10: 1207건 복구 완료
[2025-12-14T02:28:45.161Z] [deal] 경기도 평택시 2025-10: 512건 복구 완료
[2025-12-14T02:29:28.378Z] [rent] 경기도 평택시 2025-10: 1943건 복구 완료
[2025-12-14T02:29:30.303Z] [deal] 경기도 포천시 2025-10: 49건 복구 완료
[2025-12-14T02:29:33.399Z] [rent] 경기도 포천시 2025-10: 95건 복구 완료
[2025-12-14T02:29:46.439Z] [deal] 경기도 하남시 2025-10: 611건 복구 완료
[2025-12-14T02:30:07.235Z] [rent] 경기도 하남시 2025-10: 758건 복구 완료
[2025-12-14T02:31:00.116Z] [deal] 경기도 화성시 2025-10: 1525건 복구 완료
[2025-12-14T02:47:50.800Z] [rent] 경기도 화성시 2025-10: 2275건 복구 완료
[2025-12-14T02:47:56.708Z] [deal] 부산광역시 강서구 2025-10: 114건 복구 완료
[2025-12-14T02:48:08.195Z] [rent] 부산광역시 강서구 2025-10: 486건 복구 완료
[2025-12-14T02:48:15.806Z] [deal] 부산광역시 금정구 2025-10: 189건 복구 완료
[2025-12-14T02:48:20.181Z] [rent] 부산광역시 금정구 2025-10: 150건 복구 완료
[2025-12-14T02:48:25.311Z] [deal] 부산광역시 기장군 2025-10: 165건 복구 완료
[2025-12-14T02:48:30.878Z] [rent] 부산광역시 기장군 2025-10: 263건 복구 완료
[2025-12-14T02:48:36.808Z] [deal] 부산광역시 남구 2025-10: 279건 복구 완료
[2025-12-14T02:48:44.093Z] [rent] 부산광역시 남구 2025-10: 298건 복구 완료
[2025-12-14T02:48:46.978Z] [rent] 부산광역시 동구 2025-10: 84건 복구 완료
[2025-12-14T02:48:55.309Z] [deal] 부산광역시 동래구 2025-10: 400건 복구 완료
[2025-12-14T02:49:03.734Z] [rent] 부산광역시 동래구 2025-10: 330건 복구 완료
[2025-12-14T02:49:13.876Z] [deal] 부산광역시 부산진구 2025-10: 396건 복구 완료
[2025-12-14T02:49:28.781Z] [rent] 부산광역시 부산진구 2025-10: 574건 복구 완료
[2025-12-14T02:49:35.770Z] [deal] 부산광역시 북구 2025-10: 268건 복구 완료
[2025-12-14T02:49:43.171Z] [rent] 부산광역시 북구 2025-10: 303건 복구 완료
[2025-12-14T02:49:47.482Z] [deal] 부산광역시 사상구 2025-10: 157건 복구 완료
[2025-12-14T02:49:51.857Z] [rent] 부산광역시 사상구 2025-10: 191건 복구 완료
[2025-12-14T02:49:56.343Z] [deal] 부산광역시 사하구 2025-10: 196건 복구 완료
[2025-12-14T02:50:02.648Z] [rent] 부산광역시 사하구 2025-10: 278건 복구 완료
[2025-12-14T02:50:08.750Z] [rent] 부산광역시 서구 2025-10: 78건 복구 완료
[2025-12-14T02:50:14.975Z] [deal] 부산광역시 수영구 2025-10: 201건 복구 완료
[2025-12-14T02:50:21.617Z] [rent] 부산광역시 수영구 2025-10: 223건 복구 완료
[2025-12-14T03:08:06.617Z] [deal] 부산광역시 연제구 2025-10: 382건 복구 완료
[2025-12-14T03:08:12.209Z] [rent] 부산광역시 연제구 2025-10: 264건 복구 완료
[2025-12-14T03:08:13.721Z] [deal] 부산광역시 영도구 2025-10: 60건 복구 완료
[2025-12-14T03:08:15.795Z] [rent] 부산광역시 영도구 2025-10: 92건 복구 완료
[2025-12-14T03:08:17.039Z] [deal] 부산광역시 중구 2025-10: 15건 복구 완료
[2025-12-14T03:08:32.533Z] [deal] 부산광역시 해운대구 2025-10: 508건 복구 완료
[2025-12-14T03:08:43.699Z] [rent] 부산광역시 해운대구 2025-10: 551건 복구 완료
[2025-12-14T03:08:46.976Z] [deal] 대구광역시 남구 2025-10: 73건 복구 완료
[2025-12-14T03:24:00.839Z] ⚠️ 재시도 1/5, 1339.3596102676154ms 후...
[2025-12-14T03:24:05.133Z] [rent] 대구광역시 남구 2025-10: 114건 복구 완료
[2025-12-14T03:24:15.147Z] [deal] 대구광역시 달서구 2025-10: 484건 복구 완료
[2025-12-14T03:24:29.197Z] [rent] 대구광역시 달서구 2025-10: 452건 복구 완료
[2025-12-14T03:24:35.041Z] [deal] 대구광역시 달성군 2025-10: 281건 복구 완료
[2025-12-14T03:24:46.597Z] [rent] 대구광역시 달성군 2025-10: 562건 복구 완료
[2025-12-14T03:24:53.020Z] [deal] 대구광역시 동구 2025-10: 300건 복구 완료
[2025-12-14T03:25:03.759Z] [rent] 대구광역시 동구 2025-10: 517건 복구 완료
[2025-12-14T03:25:13.389Z] [deal] 대구광역시 북구 2025-10: 405건 복구 완료
[2025-12-14T03:25:22.288Z] [rent] 대구광역시 북구 2025-10: 410건 복구 완료
[2025-12-14T03:25:24.419Z] [deal] 대구광역시 서구 2025-10: 97건 복구 완료
[2025-12-14T03:25:30.449Z] [rent] 대구광역시 서구 2025-10: 294건 복구 완료
[2025-12-14T03:25:38.904Z] [deal] 대구광역시 수성구 2025-10: 416건 복구 완료
[2025-12-14T03:25:52.220Z] [rent] 대구광역시 수성구 2025-10: 671건 복구 완료
[2025-12-14T03:25:56.555Z] [deal] 대구광역시 중구 2025-10: 179건 복구 완료
[2025-12-14T03:26:00.589Z] [rent] 대구광역시 중구 2025-10: 189건 복구 완료
[2025-12-14T03:26:06.962Z] [deal] 인천광역시 계양구 2025-10: 205건 복구 완료
[2025-12-14T03:26:15.792Z] [rent] 인천광역시 계양구 2025-10: 383건 복구 완료
[2025-12-14T03:26:23.813Z] [deal] 인천광역시 남동구 2025-10: 338건 복구 완료
[2025-12-14T03:26:36.032Z] [rent] 인천광역시 남동구 2025-10: 548건 복구 완료
[2025-12-14T03:26:38.072Z] [rent] 인천광역시 동구 2025-10: 71건 복구 완료
[2025-12-14T03:26:43.253Z] [deal] 인천광역시 미추홀구 2025-10: 248건 복구 완료
[2025-12-14T03:26:51.134Z] [rent] 인천광역시 미추홀구 2025-10: 390건 복구 완료
[2025-12-14T03:26:58.710Z] [deal] 인천광역시 부평구 2025-10: 373건 복구 완료
[2025-12-14T03:27:12.874Z] [rent] 인천광역시 부평구 2025-10: 696건 복구 완료
[2025-12-14T03:27:23.627Z] [deal] 인천광역시 서구 2025-10: 538건 복구 완료
[2025-12-14T03:27:46.383Z] [rent] 인천광역시 서구 2025-10: 1118건 복구 완료
[2025-12-14T03:27:57.859Z] [deal] 인천광역시 연수구 2025-10: 494건 복구 완료
[2025-12-14T03:28:20.015Z] [rent] 인천광역시 연수구 2025-10: 981건 복구 완료
[2025-12-14T03:28:23.963Z] [deal] 인천광역시 중구 2025-10: 120건 복구 완료
[2025-12-14T03:28:32.482Z] [rent] 인천광역시 중구 2025-10: 400건 복구 완료
[2025-12-14T03:28:40.774Z] [deal] 광주광역시 광산구 2025-10: 378건 복구 완료
[2025-12-14T03:28:51.577Z] [rent] 광주광역시 광산구 2025-10: 510건 복구 완료
[2025-12-14T03:28:55.469Z] [deal] 광주광역시 남구 2025-10: 177건 복구 완료
[2025-12-14T03:29:01.864Z] [rent] 광주광역시 남구 2025-10: 302건 복구 완료
[2025-12-14T03:29:04.554Z] [deal] 광주광역시 동구 2025-10: 104건 복구 완료
[2025-12-14T03:29:07.879Z] [rent] 광주광역시 동구 2025-10: 156건 복구 완료
[2025-12-14T03:29:15.481Z] [deal] 광주광역시 북구 2025-10: 357건 복구 완료
[2025-12-14T03:29:24.093Z] [rent] 광주광역시 북구 2025-10: 419건 복구 완료
[2025-12-14T03:29:29.176Z] [deal] 광주광역시 서구 2025-10: 237건 복구 완료
[2025-12-14T03:29:35.046Z] [rent] 광주광역시 서구 2025-10: 288건 복구 완료
[2025-12-14T03:29:38.666Z] [deal] 대전광역시 대덕구 2025-10: 126건 복구 완료
[2025-12-14T03:29:42.048Z] [rent] 대전광역시 대덕구 2025-10: 155건 복구 완료
[2025-12-14T03:29:45.699Z] [deal] 대전광역시 동구 2025-10: 137건 복구 완료
[2025-12-14T03:29:49.899Z] [rent] 대전광역시 동구 2025-10: 196건 복구 완료
[2025-12-14T03:29:59.826Z] [deal] 대전광역시 서구 2025-10: 497건 복구 완료
[2025-12-14T03:30:20.216Z] [rent] 대전광역시 서구 2025-10: 737건 복구 완료
[2025-12-14T03:30:29.726Z] [deal] 대전광역시 유성구 2025-10: 383건 복구 완료
[2025-12-14T03:30:47.769Z] [rent] 대전광역시 유성구 2025-10: 857건 복구 완료
[2025-12-14T03:30:51.558Z] [deal] 대전광역시 중구 2025-10: 160건 복구 완료
[2025-12-14T03:30:58.205Z] [rent] 대전광역시 중구 2025-10: 302건 복구 완료
[2025-12-14T03:31:10.378Z] [deal] 울산광역시 남구 2025-10: 464건 복구 완료
[2025-12-14T03:31:18.338Z] [rent] 울산광역시 남구 2025-10: 303건 복구 완료
[2025-12-14T03:31:22.576Z] [deal] 울산광역시 동구 2025-10: 187건 복구 완료
[2025-12-14T03:31:26.316Z] [rent] 울산광역시 동구 2025-10: 145건 복구 완료
[2025-12-14T03:31:33.200Z] [deal] 울산광역시 북구 2025-10: 332건 복구 완료
[2025-12-14T03:31:39.863Z] [rent] 울산광역시 북구 2025-10: 304건 복구 완료
[2025-12-14T03:31:45.656Z] [deal] 울산광역시 울주군 2025-10: 252건 복구 완료
[2025-12-14T03:31:49.130Z] [rent] 울산광역시 울주군 2025-10: 126건 복구 완료
[2025-12-14T03:31:53.985Z] [deal] 울산광역시 중구 2025-10: 209건 복구 완료
[2025-12-14T03:31:58.118Z] [rent] 울산광역시 중구 2025-10: 190건 복구 완료
[2025-12-14T03:32:07.555Z] [deal] 세종특별자치시 2025-10: 434건 복구 완료
[2025-12-14T03:32:34.864Z] [rent] 세종특별자치시 2025-10: 1273건 복구 완료
[2025-12-14T03:32:41.979Z] [rent] 충청북도 옥천군 2025-10: 22건 복구 완료
[2025-12-14T03:32:43.912Z] [deal] 충청북도 음성군 2025-10: 86건 복구 완료
[2025-12-14T03:32:46.357Z] [rent] 충청북도 음성군 2025-10: 70건 복구 완료
[2025-12-14T03:32:49.707Z] [deal] 충청북도 제천시 2025-10: 148건 복구 완료
[2025-12-14T03:32:52.340Z] [rent] 충청북도 제천시 2025-10: 98건 복구 완료
[2025-12-14T03:32:53.742Z] [deal] 충청북도 증평군 2025-10: 31건 복구 완료
[2025-12-14T03:32:57.368Z] [rent] 충청북도 진천군 2025-10: 141건 복구 완료
[2025-12-14T03:33:02.610Z] [deal] 충청북도 청주시 상당구 2025-10: 208건 복구 완료
[2025-12-14T03:33:07.231Z] [rent] 충청북도 청주시 상당구 2025-10: 196건 복구 완료
[2025-12-14T03:33:11.218Z] [deal] 충청북도 청주시 서원구 2025-10: 189건 복구 완료
[2025-12-14T03:33:17.333Z] [rent] 충청북도 청주시 서원구 2025-10: 280건 복구 완료
[2025-12-14T03:33:21.555Z] [deal] 충청북도 청주시 청원구 2025-10: 193건 복구 완료
[2025-12-14T03:33:27.730Z] [rent] 충청북도 청주시 청원구 2025-10: 291건 복구 완료
[2025-12-14T03:33:35.103Z] [deal] 충청북도 청주시 흥덕구 2025-10: 379건 복구 완료
[2025-12-14T03:33:44.547Z] [rent] 충청북도 청주시 흥덕구 2025-10: 447건 복구 완료
[2025-12-14T03:33:49.372Z] [deal] 충청북도 충주시 2025-10: 230건 복구 완료
[2025-12-14T03:33:54.436Z] [rent] 충청북도 충주시 2025-10: 244건 복구 완료
[2025-12-14T03:33:56.344Z] [deal] 충청남도 계룡시 2025-10: 51건 복구 완료
[2025-12-14T03:33:58.442Z] [rent] 충청남도 계룡시 2025-10: 94건 복구 완료
[2025-12-14T03:34:00.051Z] [deal] 충청남도 공주시 2025-10: 63건 복구 완료
[2025-12-14T03:34:01.621Z] [rent] 충청남도 공주시 2025-10: 58건 복구 완료
[2025-12-14T03:34:02.442Z] [deal] 충청남도 금산군 2025-10: 20건 복구 완료
[2025-12-14T03:34:03.153Z] [rent] 충청남도 금산군 2025-10: 11건 복구 완료
[2025-12-14T03:34:04.815Z] [deal] 충청남도 논산시 2025-10: 55건 복구 완료
[2025-12-14T03:34:08.217Z] [deal] 충청남도 당진시 2025-10: 139건 복구 완료
[2025-12-14T03:34:12.285Z] [rent] 충청남도 당진시 2025-10: 198건 복구 완료
[2025-12-14T03:34:13.766Z] [rent] 충청남도 부여군 2025-10: 3건 복구 완료
[2025-12-14T03:34:17.208Z] [deal] 충청남도 서산시 2025-10: 157건 복구 완료
[2025-12-14T03:34:20.797Z] [rent] 충청남도 서산시 2025-10: 158건 복구 완료
[2025-12-14T03:34:21.793Z] [rent] 충청남도 서천군 2025-10: 9건 복구 완료
[2025-12-14T03:34:30.803Z] [deal] 충청남도 아산시 2025-10: 431건 복구 완료
[2025-12-14T03:34:48.923Z] [rent] 충청남도 아산시 2025-10: 807건 복구 완료
[2025-12-14T03:34:51.418Z] [deal] 충청남도 예산군 2025-10: 53건 복구 완료
[2025-12-14T03:34:52.555Z] [rent] 충청남도 예산군 2025-10: 36건 복구 완료
[2025-12-14T03:34:58.518Z] [deal] 충청남도 천안시 동남구 2025-10: 257건 복구 완료
[2025-12-14T03:35:06.735Z] [rent] 충청남도 천안시 동남구 2025-10: 365건 복구 완료
[2025-12-14T03:35:17.912Z] [deal] 충청남도 천안시 서북구 2025-10: 472건 복구 완료
[2025-12-14T03:35:35.503Z] [rent] 충청남도 천안시 서북구 2025-10: 755건 복구 완료
[2025-12-14T03:35:38.788Z] [deal] 충청남도 홍성군 2025-10: 77건 복구 완료
[2025-12-14T03:35:44.393Z] [rent] 충청남도 홍성군 2025-10: 129건 복구 완료
[2025-12-14T03:35:48.773Z] [deal] 전라남도 고흥군 2025-10: 18건 복구 완료
[2025-12-14T03:35:54.233Z] [deal] 전라남도 광양시 2025-10: 160건 복구 완료
[2025-12-14T03:36:01.233Z] [rent] 전라남도 광양시 2025-10: 270건 복구 완료
[2025-12-14T03:36:05.787Z] [deal] 전라남도 나주시 2025-10: 97건 복구 완료
[2025-12-14T03:36:11.657Z] [rent] 전라남도 나주시 2025-10: 261건 복구 완료
[2025-12-14T03:36:16.893Z] [deal] 전라남도 목포시 2025-10: 215건 복구 완료
[2025-12-14T03:36:22.557Z] [rent] 전라남도 목포시 2025-10: 257건 복구 완료
[2025-12-14T03:36:25.604Z] [rent] 전라남도 무안군 2025-10: 106건 복구 완료
[2025-12-14T03:36:35.405Z] [deal] 전라남도 순천시 2025-10: 343건 복구 완료
[2025-12-14T03:36:42.748Z] [rent] 전라남도 순천시 2025-10: 352건 복구 완료
[2025-12-14T03:36:47.355Z] [deal] 전라남도 여수시 2025-10: 155건 복구 완료
[2025-12-14T03:36:56.700Z] [rent] 전라남도 여수시 2025-10: 450건 복구 완료
[2025-12-14T03:36:57.928Z] [deal] 전라남도 영광군 2025-10: 32건 복구 완료
[2025-12-14T03:36:59.409Z] [deal] 전라남도 영암군 2025-10: 45건 복구 완료
[2025-12-14T03:37:00.903Z] [rent] 전라남도 영암군 2025-10: 51건 복구 완료
[2025-12-14T03:37:02.254Z] [deal] 전라남도 장성군 2025-10: 10건 복구 완료
[2025-12-14T03:37:03.035Z] [rent] 전라남도 장성군 2025-10: 18건 복구 완료
[2025-12-14T03:37:03.919Z] [rent] 전라남도 장흥군 2025-10: 8건 복구 완료
[2025-12-14T03:37:05.721Z] [deal] 전라남도 함평군 2025-10: 6건 복구 완료
[2025-12-14T03:37:07.917Z] [deal] 전라남도 화순군 2025-10: 31건 복구 완료
[2025-12-14T03:37:18.762Z] [rent] 전라남도 화순군 2025-10: 546건 복구 완료
[2025-12-14T03:37:24.790Z] [deal] 경상북도 경산시 2025-10: 225건 복구 완료
[2025-12-14T03:37:29.668Z] [rent] 경상북도 경산시 2025-10: 216건 복구 완료
[2025-12-14T03:37:33.580Z] [deal] 경상북도 경주시 2025-10: 173건 복구 완료
[2025-12-14T03:37:39.179Z] [rent] 경상북도 경주시 2025-10: 259건 복구 완료
[2025-12-14T03:37:49.009Z] [deal] 경상북도 구미시 2025-10: 442건 복구 완료
[2025-12-14T03:37:57.367Z] [rent] 경상북도 구미시 2025-10: 387건 복구 완료
[2025-12-14T03:37:59.632Z] [rent] 경상북도 김천시 2025-10: 71건 복구 완료
[2025-12-14T03:38:00.677Z] [deal] 경상북도 문경시 2025-10: 34건 복구 완료
[2025-12-14T03:38:03.320Z] [deal] 경상북도 상주시 2025-10: 36건 복구 완료
[2025-12-14T03:38:07.660Z] [deal] 경상북도 안동시 2025-10: 116건 복구 완료
[2025-12-14T03:38:09.822Z] [rent] 경상북도 안동시 2025-10: 65건 복구 완료
[2025-12-14T03:38:14.043Z] [rent] 경상북도 영주시 2025-10: 63건 복구 완료
[2025-12-14T03:38:15.808Z] [deal] 경상북도 영천시 2025-10: 75건 복구 완료
[2025-12-14T03:38:16.722Z] [rent] 경상북도 영천시 2025-10: 24건 복구 완료
[2025-12-14T03:38:18.467Z] [deal] 경상북도 예천군 2025-10: 46건 복구 완료
[2025-12-14T03:38:20.010Z] [rent] 경상북도 예천군 2025-10: 31건 복구 완료
[2025-12-14T03:38:21.926Z] [rent] 경상북도 울진군 2025-10: 7건 복구 완료
[2025-12-14T03:38:25.428Z] [deal] 경상북도 칠곡군 2025-10: 78건 복구 완료
[2025-12-14T03:38:29.298Z] [deal] 경상북도 포항시 남구 2025-10: 140건 복구 완료
[2025-12-14T03:38:34.139Z] [rent] 경상북도 포항시 남구 2025-10: 204건 복구 완료
[2025-12-14T03:38:40.088Z] [deal] 경상북도 포항시 북구 2025-10: 273건 복구 완료
[2025-12-14T03:38:47.197Z] [rent] 경상북도 포항시 북구 2025-10: 341건 복구 완료
[2025-12-14T03:38:52.028Z] [deal] 경상남도 거제시 2025-10: 199건 복구 완료
[2025-12-14T03:38:58.743Z] [rent] 경상남도 거제시 2025-10: 299건 복구 완료
[2025-12-14T03:39:01.464Z] [deal] 경상남도 거창군 2025-10: 44건 복구 완료
[2025-12-14T03:39:04.885Z] [deal] 경상남도 고성군 2025-10: 20건 복구 완료
[2025-12-14T03:39:06.317Z] [rent] 경상남도 고성군 2025-10: 8건 복구 완료
[2025-12-14T03:39:18.532Z] [deal] 경상남도 김해시 2025-10: 557건 복구 완료
[2025-12-14T03:39:33.204Z] [rent] 경상남도 김해시 2025-10: 633건 복구 완료
[2025-12-14T03:39:36.188Z] [deal] 경상남도 밀양시 2025-10: 65건 복구 완료
[2025-12-14T03:39:39.556Z] [deal] 경상남도 사천시 2025-10: 100건 복구 완료
[2025-12-14T03:39:43.055Z] [rent] 경상남도 사천시 2025-10: 119건 복구 완료
[2025-12-14T03:39:52.221Z] [deal] 경상남도 양산시 2025-10: 412건 복구 완료
[2025-12-14T03:40:03.441Z] [rent] 경상남도 양산시 2025-10: 544건 복구 완료
[2025-12-14T03:40:20.933Z] [deal] 경상남도 진주시 2025-10: 440건 복구 완료
[2025-12-14T03:40:27.755Z] [rent] 경상남도 진주시 2025-10: 270건 복구 완료
[2025-12-14T03:40:32.672Z] [deal] 경상남도 창원시 마산합포구 2025-10: 155건 복구 완료
[2025-12-14T03:40:37.340Z] [rent] 경상남도 창원시 마산합포구 2025-10: 219건 복구 완료
[2025-12-14T03:40:40.605Z] [deal] 경상남도 창원시 마산회원구 2025-10: 149건 복구 완료
[2025-12-14T03:40:43.572Z] [rent] 경상남도 창원시 마산회원구 2025-10: 109건 복구 완료
[2025-12-14T03:40:54.086Z] [deal] 경상남도 창원시 성산구 2025-10: 458건 복구 완료
[2025-12-14T03:41:02.110Z] [rent] 경상남도 창원시 성산구 2025-10: 386건 복구 완료
[2025-12-14T03:41:05.636Z] [deal] 경상남도 창원시 의창구 2025-10: 156건 복구 완료
[2025-12-14T03:41:09.678Z] [rent] 경상남도 창원시 의창구 2025-10: 147건 복구 완료
[2025-12-14T03:41:13.442Z] [deal] 경상남도 창원시 진해구 2025-10: 124건 복구 완료
[2025-12-14T03:41:23.544Z] [rent] 경상남도 창원시 진해구 2025-10: 433건 복구 완료
[2025-12-14T03:41:25.378Z] [deal] 경상남도 통영시 2025-10: 76건 복구 완료
[2025-12-14T03:41:26.731Z] [rent] 경상남도 통영시 2025-10: 48건 복구 완료
[2025-12-14T03:41:29.394Z] [deal] 경상남도 함양군 2025-10: 11건 복구 완료
[2025-12-14T03:41:36.433Z] [rent] 제주특별자치도 서귀포시 2025-10: 115건 복구 완료
[2025-12-14T03:41:39.423Z] [deal] 제주특별자치도 제주시 2025-10: 119건 복구 완료
[2025-12-14T03:41:44.928Z] [rent] 제주특별자치도 제주시 2025-10: 258건 복구 완료
[2025-12-14T03:41:48.725Z] [deal] 강원특별자치도 강릉시 2025-10: 144건 복구 완료
[2025-12-14T03:41:55.186Z] [rent] 강원특별자치도 강릉시 2025-10: 291건 복구 완료
[2025-12-14T03:41:58.539Z] [deal] 강원특별자치도 동해시 2025-10: 69건 복구 완료
[2025-12-14T03:42:01.568Z] [rent] 강원특별자치도 동해시 2025-10: 129건 복구 완료
[2025-12-14T03:42:05.645Z] [deal] 강원특별자치도 속초시 2025-10: 69건 복구 완료
[2025-12-14T03:42:09.387Z] [rent] 강원특별자치도 속초시 2025-10: 175건 복구 완료
[2025-12-14T03:42:12.887Z] [rent] 강원특별자치도 양구군 2025-10: 3건 복구 완료
[2025-12-14T03:42:15.425Z] [rent] 강원특별자치도 양양군 2025-10: 14건 복구 완료
[2025-12-14T03:42:25.186Z] [deal] 강원특별자치도 원주시 2025-10: 450건 복구 완료
[2025-12-14T03:42:40.764Z] [rent] 강원특별자치도 원주시 2025-10: 710건 복구 완료
[2025-12-14T03:42:45.668Z] [rent] 강원특별자치도 철원군 2025-10: 154건 복구 완료
[2025-12-14T03:42:51.337Z] [deal] 강원특별자치도 춘천시 2025-10: 272건 복구 완료
[2025-12-14T03:42:59.173Z] [rent] 강원특별자치도 춘천시 2025-10: 377건 복구 완료
[2025-12-14T03:43:00.264Z] [deal] 강원특별자치도 태백시 2025-10: 32건 복구 완료
[2025-12-14T03:43:03.259Z] [rent] 강원특별자치도 태백시 2025-10: 144건 복구 완료
[2025-12-14T03:43:04.265Z] [deal] 강원특별자치도 평창군 2025-10: 28건 복구 완료
[2025-12-14T03:43:06.308Z] [deal] 강원특별자치도 홍천군 2025-10: 34건 복구 완료
[2025-12-14T03:43:14.628Z] [rent] 강원특별자치도 횡성군 2025-10: 317건 복구 완료
[2025-12-14T03:43:21.046Z] [deal] 전북특별자치도 군산시 2025-10: 253건 복구 완료
[2025-12-14T03:43:28.293Z] [rent] 전북특별자치도 군산시 2025-10: 337건 복구 완료
[2025-12-14T03:43:29.373Z] [deal] 전북특별자치도 김제시 2025-10: 34건 복구 완료
[2025-12-14T03:43:31.445Z] [rent] 전북특별자치도 김제시 2025-10: 96건 복구 완료
[2025-12-14T03:43:34.914Z] [rent] 전북특별자치도 남원시 2025-10: 133건 복구 완료
[2025-12-14T03:43:36.667Z] [rent] 전북특별자치도 부안군 2025-10: 10건 복구 완료
[2025-12-14T03:43:37.295Z] [deal] 전북특별자치도 순창군 2025-10: 5건 복구 완료
[2025-12-14T03:43:40.291Z] [deal] 전북특별자치도 완주군 2025-10: 125건 복구 완료
[2025-12-14T03:43:41.430Z] [rent] 전북특별자치도 완주군 2025-10: 35건 복구 완료
[2025-12-14T03:43:46.715Z] [deal] 전북특별자치도 익산시 2025-10: 227건 복구 완료
[2025-12-14T03:43:57.177Z] [rent] 전북특별자치도 익산시 2025-10: 514건 복구 완료
[2025-12-14T03:44:09.533Z] [deal] 전북특별자치도 전주시 덕진구 2025-10: 451건 복구 완료
[2025-12-14T03:44:16.484Z] [rent] 전북특별자치도 전주시 덕진구 2025-10: 306건 복구 완료
[2025-12-14T03:44:25.883Z] [deal] 전북특별자치도 전주시 완산구 2025-10: 434건 복구 완료
[2025-12-14T03:44:30.449Z] [rent] 전북특별자치도 전주시 완산구 2025-10: 214건 복구 완료
[2025-12-14T03:44:32.407Z] [deal] 전북특별자치도 정읍시 2025-10: 75건 복구 완료
[2025-12-14T03:44:33.581Z] [rent] 전북특별자치도 정읍시 2025-10: 21건 복구 완료
