[2025-12-13T22:49:36.568Z] 지역 코드 로드 완료: 280개
[2025-12-13T22:49:37.010Z] 검증 대상: 3개월 × 280개 지역 × 2 (매매/전월세)
[2025-12-13T22:49:37.012Z] 검증 기간: 2025-10 ~ 2025-12
[2025-12-13T22:50:51.390Z] 지역 코드 로드 완료: 280개
[2025-12-13T22:50:51.489Z] 검증 대상: 3개월 × 280개 지역 × 2 (매매/전월세)
[2025-12-13T22:50:51.490Z] 검증 기간: 2025-10 ~ 2025-12
[2025-12-13T22:50:55.402Z] [deal] 서울특별시 강남구 2025-12: 0건 복구 완료
[2025-12-13T22:52:44.659Z] 지역 코드 로드 완료: 280개
[2025-12-13T22:52:45.023Z] 검증 대상: 3개월 × 280개 지역 × 2 (매매/전월세)
[2025-12-13T22:52:45.025Z] 검증 기간: 2025-10 ~ 2025-12
[2025-12-13T22:52:46.490Z] [deal] 서울특별시 강남구 2025-12: 12건 복구 완료
[2025-12-13T22:52:56.497Z] [rent] 서울특별시 강남구 2025-12: 453건 복구 완료
[2025-12-13T22:52:57.274Z] [deal] 서울특별시 강동구 2025-12: 13건 복구 완료
[2025-12-13T22:53:06.055Z] [rent] 서울특별시 강동구 2025-12: 360건 복구 완료
[2025-12-13T22:53:06.886Z] [deal] 서울특별시 강북구 2025-12: 15건 복구 완료
[2025-12-13T22:53:09.593Z] [rent] 서울특별시 강북구 2025-12: 84건 복구 완료
[2025-12-13T22:53:11.025Z] [deal] 서울특별시 강서구 2025-12: 15건 복구 완료
[2025-12-13T22:53:18.856Z] [rent] 서울특별시 강서구 2025-12: 365건 복구 완료
[2025-12-13T22:53:20.028Z] [deal] 서울특별시 관악구 2025-12: 23건 복구 완료
[2025-12-13T22:53:23.696Z] [rent] 서울특별시 관악구 2025-12: 127건 복구 완료
[2025-12-13T22:53:27.283Z] [rent] 서울특별시 광진구 2025-12: 102건 복구 완료
[2025-12-13T22:53:28.526Z] [deal] 서울특별시 구로구 2025-12: 40건 복구 완료
[2025-12-13T22:53:34.463Z] [rent] 서울특별시 구로구 2025-12: 296건 복구 완료
[2025-12-13T22:53:35.373Z] [deal] 서울특별시 금천구 2025-12: 16건 복구 완료
[2025-12-13T22:53:37.213Z] [deal] 서울특별시 노원구 2025-12: 27건 복구 완료
[2025-12-13T22:53:45.533Z] [rent] 서울특별시 노원구 2025-12: 309건 복구 완료
[2025-12-13T22:53:46.430Z] [deal] 서울특별시 도봉구 2025-12: 18건 복구 완료
[2025-12-13T22:53:49.365Z] [rent] 서울특별시 도봉구 2025-12: 108건 복구 완료
[2025-12-13T22:53:50.404Z] [deal] 서울특별시 동대문구 2025-12: 29건 복구 완료
[2025-12-13T22:53:53.802Z] [rent] 서울특별시 동대문구 2025-12: 138건 복구 완료
[2025-12-13T22:53:54.694Z] [deal] 서울특별시 동작구 2025-12: 12건 복구 완료
[2025-12-13T22:53:58.856Z] [rent] 서울특별시 동작구 2025-12: 169건 복구 완료
[2025-12-13T22:53:59.530Z] [deal] 서울특별시 마포구 2025-12: 4건 복구 완료
[2025-12-13T22:54:04.425Z] [rent] 서울특별시 마포구 2025-12: 208건 복구 완료
[2025-12-13T22:54:05.521Z] [deal] 서울특별시 서대문구 2025-12: 32건 복구 완료
[2025-12-13T22:54:14.695Z] [rent] 서울특별시 서대문구 2025-12: 212건 복구 완료
[2025-12-13T22:54:16.321Z] [deal] 서울특별시 서초구 2025-12: 11건 복구 완료
[2025-12-13T22:54:25.074Z] [rent] 서울특별시 서초구 2025-12: 320건 복구 완료
[2025-12-13T22:54:27.195Z] [deal] 서울특별시 성동구 2025-12: 99건 복구 완료
[2025-12-13T22:54:30.998Z] [rent] 서울특별시 성동구 2025-12: 174건 복구 완료
[2025-12-13T22:54:32.273Z] [deal] 서울특별시 성북구 2025-12: 45건 복구 완료
[2025-12-13T22:54:37.106Z] [rent] 서울특별시 성북구 2025-12: 221건 복구 완료
[2025-12-13T22:54:38.624Z] [deal] 서울특별시 송파구 2025-12: 35건 복구 완료
[2025-12-13T22:54:53.696Z] [rent] 서울특별시 송파구 2025-12: 689건 복구 완료
[2025-12-13T22:54:55.291Z] [deal] 서울특별시 양천구 2025-12: 36건 복구 완료
