[2025-12-08T07:11:18.974Z] 📋 테이블 생성 중: data_load_progress
[2025-12-08T07:11:19.156Z] ✅ 테이블 생성 완료: data_load_progress
[2025-12-08T07:11:19.156Z] 📋 테이블 생성 중: failed_requests
[2025-12-08T07:11:19.311Z] ✅ 테이블 생성 완료: failed_requests
[2025-12-08T07:11:19.317Z] 📋 테이블 생성 중: data_audit
[2025-12-08T07:11:19.417Z] ✅ 테이블 생성 완료: data_audit
[2025-12-08T07:11:19.417Z] 📋 테이블 생성 중: apt_deal_info
[2025-12-08T07:11:19.446Z] ✅ 테이블 생성 완료: apt_deal_info
[2025-12-08T07:11:19.447Z] 📋 테이블 생성 중: apt_rent_info
[2025-12-08T07:11:19.545Z] ✅ 테이블 생성 완료: apt_rent_info
[2025-12-08T07:11:19.545Z] 
📊 테이블 현황:
[2025-12-08T07:11:19.618Z] ✅ 
테이블 설정이 완료되었습니다!
[2025-12-08T07:14:28.359Z] 📅 검증 기간: 2024년 ~ 2024년
[2025-12-08T07:14:28.363Z] 📊 검증 유형: deal
[2025-12-08T07:14:28.761Z] 
📅 2024년 1월 검증 중...
[2025-12-08T07:15:14.937Z] 📅 검증 기간: 2024년 ~ 2024년
[2025-12-08T07:15:14.938Z] 📊 검증 유형: deal
[2025-12-08T07:15:15.125Z] 
📅 2024년 1월 검증 중...
[2025-12-08T07:17:30.371Z] 📅 검증 기간: 2024년 ~ 2024년
[2025-12-08T07:17:30.372Z] 📊 검증 유형: deal
[2025-12-08T07:17:30.532Z] 
📅 2024년 1월 검증 중...
[2025-12-08T07:19:01.880Z] 
📅 2024년 2월 검증 중...
[2025-12-08T07:20:36.054Z] 
📅 2024년 3월 검증 중...
[2025-12-08T07:21:58.481Z] 
📅 2024년 4월 검증 중...
[2025-12-08T07:23:26.559Z] 
📅 2024년 5월 검증 중...
[2025-12-08T07:24:55.571Z] 
📅 2024년 6월 검증 중...
[2025-12-08T07:26:35.465Z] 
📅 2024년 7월 검증 중...
[2025-12-08T07:28:21.337Z] 
📅 2024년 8월 검증 중...
[2025-12-08T07:29:43.756Z] 
📅 2024년 9월 검증 중...
[2025-12-08T07:32:05.651Z] 
📅 2024년 10월 검증 중...
[2025-12-08T07:33:41.191Z] 
📅 2024년 11월 검증 중...
[2025-12-08T07:35:20.887Z] 
📅 2024년 12월 검증 중...
[2025-12-08T07:36:50.995Z] 📊 매매: 675건 일치, 1557건 불일치
[2025-12-08T07:39:26.213Z] 🔧 복구 유형: deal
[2025-12-08T07:39:27.526Z] 📋 복구 대상: 1557건
[2025-12-08T07:42:02.350Z] 🔧 복구 유형: deal
[2025-12-08T07:42:02.848Z] 📋 복구 대상: 1500건
[2025-12-08T07:42:45.002Z] 🔧 복구 유형: deal
[2025-12-08T07:42:45.501Z] 📋 복구 대상: 1476건
[2025-12-08T07:43:27.387Z] 📅 검증 기간: 2024년 ~ 2024년
[2025-12-08T07:43:27.388Z] 📊 검증 유형: rent
[2025-12-08T07:43:27.724Z] 
📅 2024년 1월 검증 중...
[2025-12-08T07:45:55.305Z] 
📅 2024년 2월 검증 중...
[2025-12-08T07:46:36.952Z] 📅 검증 기간: 2015년 ~ 2023년
[2025-12-08T07:46:36.953Z] 📊 검증 유형: deal
[2025-12-08T07:46:37.365Z] 
📅 2015년 1월 검증 중...
[2025-12-08T07:47:25.119Z] 📅 검증 기간: 2015년 ~ 2023년
[2025-12-08T07:47:25.120Z] 📊 검증 유형: rent
[2025-12-08T07:47:25.487Z] 
📅 2015년 1월 검증 중...
[2025-12-08T07:48:55.637Z] 
📅 2015년 2월 검증 중...
[2025-12-08T07:49:26.366Z] 
📅 2024년 3월 검증 중...
[2025-12-08T07:51:47.497Z] 
📅 2015년 2월 검증 중...
[2025-12-08T07:51:50.577Z] 
📅 2015년 3월 검증 중...
[2025-12-08T07:52:12.591Z] 📅 검증 기간: 2015년 ~ 2023년
[2025-12-08T07:52:12.593Z] 📊 검증 유형: deal
[2025-12-08T07:52:12.965Z] 
📅 2015년 1월 검증 중...
[2025-12-08T07:54:13.602Z] 
📅 2015년 2월 검증 중...
[2025-12-08T07:56:10.910Z] 
📅 2015년 3월 검증 중...
[2025-12-08T07:57:49.655Z] 
📅 2015년 4월 검증 중...
[2025-12-08T07:59:21.421Z] 
📅 2015년 5월 검증 중...
[2025-12-08T08:00:57.487Z] 
📅 2015년 6월 검증 중...
[2025-12-08T08:02:57.106Z] 
📅 2015년 7월 검증 중...
[2025-12-08T08:04:29.684Z] 
📅 2015년 8월 검증 중...
[2025-12-08T08:06:17.815Z] 
📅 2015년 9월 검증 중...
[2025-12-08T08:07:51.681Z] 
📅 2015년 10월 검증 중...
[2025-12-08T08:09:25.312Z] 
📅 2015년 11월 검증 중...
[2025-12-08T08:11:12.329Z] 
📅 2015년 12월 검증 중...
[2025-12-08T08:13:02.559Z] 
📅 2016년 1월 검증 중...
[2025-12-08T08:14:28.305Z] 
📅 2016년 2월 검증 중...
[2025-12-08T08:16:36.483Z] 
📅 2016년 3월 검증 중...
[2025-12-08T08:18:40.108Z] 
📅 2016년 4월 검증 중...
[2025-12-08T08:21:08.906Z] 
📅 2016년 5월 검증 중...
[2025-12-08T08:23:31.908Z] 
📅 2016년 6월 검증 중...
[2025-12-08T08:24:54.693Z] 
📅 2016년 7월 검증 중...
[2025-12-08T08:26:53.046Z] 
📅 2016년 8월 검증 중...
[2025-12-08T08:28:24.270Z] 
📅 2016년 9월 검증 중...
[2025-12-08T08:29:52.059Z] 
📅 2016년 10월 검증 중...
[2025-12-08T08:32:18.115Z] 
📅 2016년 11월 검증 중...
[2025-12-08T08:34:12.094Z] 
📅 2016년 12월 검증 중...
[2025-12-08T08:36:32.158Z] 
📅 2017년 1월 검증 중...
[2025-12-08T08:38:11.353Z] 
📅 2017년 2월 검증 중...
[2025-12-08T08:39:40.755Z] 
📅 2017년 3월 검증 중...
[2025-12-08T08:42:11.193Z] 
📅 2017년 4월 검증 중...
[2025-12-08T08:43:38.500Z] 
📅 2017년 5월 검증 중...
[2025-12-08T08:45:15.884Z] 
📅 2017년 6월 검증 중...
[2025-12-08T08:47:33.259Z] 
📅 2017년 7월 검증 중...
[2025-12-08T08:49:22.724Z] 
📅 2017년 8월 검증 중...
[2025-12-08T08:52:13.066Z] 
📅 2017년 9월 검증 중...
[2025-12-08T08:54:43.631Z] 
📅 2017년 10월 검증 중...
[2025-12-08T08:56:48.268Z] 
📅 2017년 11월 검증 중...
[2025-12-08T08:58:14.034Z] 
📅 2017년 12월 검증 중...
[2025-12-08T08:59:36.378Z] 
📅 2018년 1월 검증 중...
[2025-12-08T09:01:25.229Z] 
📅 2018년 2월 검증 중...
[2025-12-08T09:03:07.246Z] 
📅 2018년 3월 검증 중...
[2025-12-08T09:04:59.753Z] 
📅 2018년 4월 검증 중...
[2025-12-08T09:06:58.450Z] 
📅 2018년 5월 검증 중...
[2025-12-08T09:09:08.066Z] 
📅 2018년 6월 검증 중...
[2025-12-08T09:11:14.366Z] 
📅 2018년 7월 검증 중...
[2025-12-08T09:12:48.754Z] 
📅 2018년 8월 검증 중...
[2025-12-08T09:14:16.689Z] 
📅 2018년 9월 검증 중...
[2025-12-08T09:16:00.827Z] 
📅 2018년 10월 검증 중...
[2025-12-08T09:17:41.566Z] 
📅 2018년 11월 검증 중...
[2025-12-08T09:19:10.536Z] 
📅 2018년 12월 검증 중...
[2025-12-08T09:20:35.495Z] 
📅 2019년 1월 검증 중...
[2025-12-08T09:22:13.606Z] 
📅 2019년 2월 검증 중...
[2025-12-08T09:23:43.109Z] 
📅 2019년 3월 검증 중...
[2025-12-08T09:25:11.704Z] 
📅 2019년 4월 검증 중...
[2025-12-08T09:26:58.705Z] 
📅 2019년 5월 검증 중...
[2025-12-08T09:28:19.735Z] 
📅 2019년 6월 검증 중...
[2025-12-08T09:29:47.084Z] 
📅 2019년 7월 검증 중...
[2025-12-08T09:31:31.283Z] 
📅 2019년 8월 검증 중...
[2025-12-08T09:33:09.202Z] 
📅 2019년 9월 검증 중...
[2025-12-08T09:34:45.296Z] 
📅 2019년 10월 검증 중...
[2025-12-08T09:36:44.220Z] 
📅 2019년 11월 검증 중...
[2025-12-08T09:38:14.894Z] 
📅 2019년 12월 검증 중...
[2025-12-08T09:39:37.966Z] 
📅 2020년 1월 검증 중...
[2025-12-08T09:41:23.706Z] 
📅 2020년 2월 검증 중...
[2025-12-08T09:43:06.051Z] 
📅 2020년 3월 검증 중...
[2025-12-08T09:44:25.965Z] 
📅 2020년 4월 검증 중...
[2025-12-08T09:45:52.807Z] 
📅 2020년 5월 검증 중...
[2025-12-08T09:47:44.968Z] 
📅 2020년 6월 검증 중...
[2025-12-08T09:49:30.215Z] 
📅 2020년 7월 검증 중...
[2025-12-08T09:51:32.547Z] 
📅 2020년 8월 검증 중...
[2025-12-08T09:52:56.382Z] 
📅 2020년 9월 검증 중...
[2025-12-08T09:54:22.782Z] 
📅 2020년 10월 검증 중...
[2025-12-08T09:55:58.893Z] 
📅 2020년 11월 검증 중...
[2025-12-08T09:57:36.532Z] 
📅 2020년 12월 검증 중...
[2025-12-08T09:58:58.655Z] 
📅 2021년 1월 검증 중...
[2025-12-08T10:01:17.899Z] 
📅 2021년 2월 검증 중...
[2025-12-08T10:03:01.047Z] 
📅 2021년 3월 검증 중...
[2025-12-08T10:04:29.851Z] 
📅 2021년 4월 검증 중...
[2025-12-08T10:06:40.129Z] 
📅 2021년 5월 검증 중...
[2025-12-08T10:08:24.123Z] 
📅 2021년 6월 검증 중...
[2025-12-08T10:09:43.428Z] 
📅 2021년 7월 검증 중...
[2025-12-08T10:11:17.428Z] 
📅 2021년 8월 검증 중...
[2025-12-08T10:12:46.786Z] 
📅 2021년 9월 검증 중...
[2025-12-08T10:14:08.955Z] 
📅 2021년 10월 검증 중...
[2025-12-08T10:15:41.322Z] 
📅 2021년 11월 검증 중...
[2025-12-08T10:17:17.088Z] 
📅 2021년 12월 검증 중...
[2025-12-08T10:18:40.057Z] 
📅 2022년 1월 검증 중...
[2025-12-08T10:19:57.338Z] 
📅 2022년 2월 검증 중...
[2025-12-08T10:21:42.643Z] 
📅 2022년 3월 검증 중...
[2025-12-08T10:23:05.335Z] 
📅 2022년 4월 검증 중...
[2025-12-08T10:24:29.439Z] 
📅 2022년 5월 검증 중...
[2025-12-08T10:25:52.821Z] 
📅 2022년 6월 검증 중...
[2025-12-08T10:27:17.662Z] 
📅 2022년 7월 검증 중...
[2025-12-08T10:28:42.765Z] 
📅 2022년 8월 검증 중...
[2025-12-08T10:30:22.826Z] 
📅 2022년 9월 검증 중...
[2025-12-08T10:32:00.966Z] 
📅 2022년 10월 검증 중...
[2025-12-08T10:33:27.751Z] 
📅 2022년 11월 검증 중...
[2025-12-08T10:34:42.143Z] 
📅 2022년 12월 검증 중...
[2025-12-08T10:36:14.067Z] 
📅 2023년 1월 검증 중...
[2025-12-08T10:37:38.366Z] 
📅 2023년 2월 검증 중...
[2025-12-08T10:39:01.701Z] 
📅 2023년 3월 검증 중...
[2025-12-08T10:40:54.013Z] 
📅 2023년 4월 검증 중...
[2025-12-08T10:42:21.283Z] 
📅 2023년 5월 검증 중...
[2025-12-08T10:43:56.443Z] 
📅 2023년 6월 검증 중...
[2025-12-08T10:45:24.336Z] 
📅 2023년 7월 검증 중...
[2025-12-08T10:46:57.235Z] 
📅 2023년 8월 검증 중...
[2025-12-08T10:48:29.130Z] 
📅 2023년 9월 검증 중...
[2025-12-08T10:49:53.623Z] 
📅 2023년 10월 검증 중...
[2025-12-08T10:52:01.678Z] 
📅 2023년 11월 검증 중...
[2025-12-08T10:53:42.282Z] 
📅 2023년 12월 검증 중...
[2025-12-08T10:55:15.484Z] 📊 매매: 10922건 일치, 9166건 불일치
[2025-12-08T23:48:29.739Z] 🔧 복구 유형: deal
[2025-12-08T23:48:30.465Z] 📋 복구 대상: 10378건
