[2025-12-09T00:02:37.382Z] 🔧 복구 유형: deal
[2025-12-09T00:02:37.700Z] 📋 복구 대상: 10125건
[2025-12-09T00:05:27.512Z] 🔧 복구 유형: deal
[2025-12-09T00:05:27.771Z] 📋 복구 대상: 10091건
[2025-12-09T00:06:48.761Z] 🔧 복구 유형: deal
[2025-12-09T00:06:49.122Z] 📋 복구 대상: 10088건
[2025-12-09T00:09:35.365Z] 🔧 복구 유형: deal
[2025-12-09T00:09:35.643Z] 📋 복구 대상: 10054건
[2025-12-09T00:12:23.153Z] 📅 검증 기간: 2015년 ~ 2024년
[2025-12-09T00:12:23.157Z] 📊 검증 유형: rent
[2025-12-09T00:12:23.251Z] 
📅 2015년 1월 검증 중...
[2025-12-09T00:14:39.233Z] 
📅 2015년 2월 검증 중...
[2025-12-09T00:17:21.724Z] 
📅 2015년 3월 검증 중...
[2025-12-09T00:19:46.249Z] 
📅 2015년 4월 검증 중...
[2025-12-09T00:22:43.531Z] 
📅 2015년 5월 검증 중...
[2025-12-09T00:24:50.611Z] 
📅 2015년 6월 검증 중...
[2025-12-09T00:27:27.175Z] 
📅 2015년 7월 검증 중...
[2025-12-09T00:29:53.769Z] 
📅 2015년 8월 검증 중...
[2025-12-09T00:33:01.784Z] 
📅 2015년 9월 검증 중...
[2025-12-09T00:36:11.785Z] 
📅 2015년 10월 검증 중...
[2025-12-09T00:38:28.718Z] 
📅 2015년 11월 검증 중...
[2025-12-09T00:41:14.861Z] 
📅 2015년 12월 검증 중...
[2025-12-09T00:43:57.556Z] 
📅 2016년 1월 검증 중...
[2025-12-09T00:47:08.733Z] 
📅 2016년 2월 검증 중...
[2025-12-09T00:50:08.403Z] 
📅 2016년 3월 검증 중...
[2025-12-09T00:52:42.621Z] 
📅 2016년 4월 검증 중...
[2025-12-09T00:55:28.350Z] 
📅 2016년 5월 검증 중...
[2025-12-09T00:58:17.767Z] 
📅 2016년 6월 검증 중...
[2025-12-09T01:01:31.992Z] 
📅 2016년 7월 검증 중...
[2025-12-09T01:05:43.304Z] 
📅 2016년 8월 검증 중...
[2025-12-09T01:08:32.039Z] 
📅 2016년 9월 검증 중...
[2025-12-09T01:12:35.808Z] 
📅 2016년 10월 검증 중...
[2025-12-09T01:14:56.204Z] 
📅 2016년 11월 검증 중...
[2025-12-09T01:17:24.630Z] 
📅 2016년 12월 검증 중...
[2025-12-09T01:19:51.281Z] 
📅 2017년 1월 검증 중...
[2025-12-09T01:22:27.008Z] 
📅 2017년 2월 검증 중...
[2025-12-09T01:24:53.745Z] 
📅 2017년 3월 검증 중...
[2025-12-09T01:27:12.185Z] 
📅 2017년 4월 검증 중...
[2025-12-09T01:29:23.535Z] 
📅 2017년 5월 검증 중...
[2025-12-09T01:32:54.056Z] 
📅 2017년 6월 검증 중...
[2025-12-09T01:35:32.597Z] 
📅 2017년 7월 검증 중...
[2025-12-09T01:38:16.662Z] 
📅 2017년 8월 검증 중...
[2025-12-09T01:41:20.899Z] 
📅 2017년 9월 검증 중...
[2025-12-09T01:44:41.306Z] 
📅 2017년 10월 검증 중...
[2025-12-09T01:47:11.204Z] 
📅 2017년 11월 검증 중...
[2025-12-09T01:49:58.097Z] 
📅 2017년 12월 검증 중...
[2025-12-09T01:52:55.518Z] 
📅 2018년 1월 검증 중...
[2025-12-09T01:56:04.159Z] 
📅 2018년 2월 검증 중...
[2025-12-09T01:58:36.951Z] 
📅 2018년 3월 검증 중...
[2025-12-09T02:02:12.805Z] 
📅 2018년 4월 검증 중...
[2025-12-09T02:04:40.522Z] 
📅 2018년 5월 검증 중...
[2025-12-09T02:08:04.807Z] 
📅 2018년 6월 검증 중...
[2025-12-09T02:11:03.571Z] 
📅 2018년 7월 검증 중...
[2025-12-09T02:14:29.493Z] 
📅 2018년 8월 검증 중...
[2025-12-09T02:17:48.434Z] 
📅 2018년 9월 검증 중...
[2025-12-09T02:20:08.537Z] 
📅 2018년 10월 검증 중...
[2025-12-09T02:23:22.476Z] 
📅 2018년 11월 검증 중...
[2025-12-09T02:25:53.981Z] 
📅 2018년 12월 검증 중...
[2025-12-09T02:28:22.951Z] 
📅 2019년 1월 검증 중...
[2025-12-09T02:30:56.249Z] 
📅 2019년 2월 검증 중...
[2025-12-09T02:34:07.635Z] 
📅 2019년 3월 검증 중...
[2025-12-09T02:36:44.954Z] 
📅 2019년 4월 검증 중...
[2025-12-09T02:39:31.736Z] 
📅 2019년 5월 검증 중...
[2025-12-09T02:42:31.631Z] 
📅 2019년 6월 검증 중...
[2025-12-09T02:45:50.546Z] 
📅 2019년 7월 검증 중...
[2025-12-09T02:48:36.511Z] 
📅 2019년 8월 검증 중...
[2025-12-09T02:51:48.072Z] 
📅 2019년 9월 검증 중...
[2025-12-09T02:54:12.714Z] 
📅 2019년 10월 검증 중...
[2025-12-09T02:57:19.277Z] 
📅 2019년 11월 검증 중...
[2025-12-09T02:59:30.609Z] 
📅 2019년 12월 검증 중...
[2025-12-09T03:04:08.908Z] 
📅 2020년 1월 검증 중...
[2025-12-09T03:07:54.900Z] 
📅 2020년 2월 검증 중...
[2025-12-09T03:10:49.326Z] 
📅 2020년 3월 검증 중...
[2025-12-09T03:14:03.565Z] 
📅 2020년 4월 검증 중...
[2025-12-09T03:16:43.355Z] 
📅 2020년 5월 검증 중...
[2025-12-09T03:19:02.946Z] 
📅 2020년 6월 검증 중...
[2025-12-09T03:21:52.195Z] 
📅 2020년 7월 검증 중...
[2025-12-09T03:24:10.342Z] 
📅 2020년 8월 검증 중...
[2025-12-09T03:26:23.778Z] 
📅 2020년 9월 검증 중...
[2025-12-09T03:28:34.218Z] 
📅 2020년 10월 검증 중...
[2025-12-09T03:31:01.362Z] 
📅 2020년 11월 검증 중...
[2025-12-09T03:33:41.179Z] 
📅 2020년 12월 검증 중...
[2025-12-09T03:36:21.773Z] 
📅 2021년 1월 검증 중...
[2025-12-09T03:38:41.025Z] 
📅 2021년 2월 검증 중...
[2025-12-09T03:41:34.857Z] 
📅 2021년 3월 검증 중...
[2025-12-09T03:44:16.866Z] 
📅 2021년 4월 검증 중...
[2025-12-09T03:46:52.437Z] 
📅 2021년 5월 검증 중...
[2025-12-09T03:49:33.677Z] 
📅 2021년 6월 검증 중...
[2025-12-09T03:52:31.856Z] 
📅 2021년 7월 검증 중...
[2025-12-09T03:55:44.298Z] 
📅 2021년 8월 검증 중...
[2025-12-09T03:58:20.263Z] 
📅 2021년 9월 검증 중...
[2025-12-09T04:02:07.274Z] 
📅 2021년 10월 검증 중...
[2025-12-09T04:04:43.903Z] 
📅 2021년 11월 검증 중...
[2025-12-09T04:07:15.125Z] 
📅 2021년 12월 검증 중...
[2025-12-09T04:10:02.309Z] 
📅 2022년 1월 검증 중...
[2025-12-09T04:12:37.518Z] 
📅 2022년 2월 검증 중...
[2025-12-09T04:14:57.510Z] 
📅 2022년 3월 검증 중...
[2025-12-09T04:17:25.684Z] 
📅 2022년 4월 검증 중...
[2025-12-09T04:19:38.203Z] 
📅 2022년 5월 검증 중...
[2025-12-09T04:22:06.146Z] 
📅 2022년 6월 검증 중...
[2025-12-09T04:24:13.835Z] 
📅 2022년 7월 검증 중...
[2025-12-09T04:26:38.192Z] 
📅 2022년 8월 검증 중...
[2025-12-09T04:28:50.119Z] 
📅 2022년 9월 검증 중...
[2025-12-09T04:31:41.626Z] 
📅 2022년 10월 검증 중...
[2025-12-09T04:34:04.500Z] 
📅 2022년 11월 검증 중...
[2025-12-09T04:36:38.252Z] 
📅 2022년 12월 검증 중...
[2025-12-09T04:38:57.099Z] 
📅 2023년 1월 검증 중...
[2025-12-09T04:41:40.824Z] 
📅 2023년 2월 검증 중...
[2025-12-09T04:44:05.353Z] 
📅 2023년 3월 검증 중...
[2025-12-09T04:47:01.924Z] 
📅 2023년 4월 검증 중...
[2025-12-09T04:49:43.973Z] 
📅 2023년 5월 검증 중...
[2025-12-09T04:53:17.608Z] 
📅 2023년 6월 검증 중...
[2025-12-09T04:56:05.244Z] 
📅 2023년 7월 검증 중...
[2025-12-09T04:58:27.756Z] 
📅 2023년 8월 검증 중...
[2025-12-09T05:01:44.854Z] 
📅 2023년 9월 검증 중...
[2025-12-09T05:04:09.373Z] 
📅 2023년 10월 검증 중...
[2025-12-09T05:06:51.970Z] 
📅 2023년 11월 검증 중...
[2025-12-09T05:09:38.183Z] 
📅 2023년 12월 검증 중...
[2025-12-09T05:12:25.575Z] 
📅 2024년 1월 검증 중...
[2025-12-09T05:14:37.078Z] 
📅 2024년 2월 검증 중...
[2025-12-09T05:17:55.383Z] 
📅 2024년 3월 검증 중...
[2025-12-09T05:20:51.325Z] 
📅 2024년 4월 검증 중...
[2025-12-09T05:23:47.004Z] 
📅 2024년 5월 검증 중...
[2025-12-09T05:26:25.132Z] 
📅 2024년 6월 검증 중...
[2025-12-09T05:28:55.734Z] 
📅 2024년 7월 검증 중...
[2025-12-09T05:32:21.263Z] 
📅 2024년 8월 검증 중...
[2025-12-09T05:34:45.701Z] 
📅 2024년 9월 검증 중...
[2025-12-09T05:37:59.090Z] 
📅 2024년 10월 검증 중...
[2025-12-09T05:40:54.166Z] 
📅 2024년 11월 검증 중...
[2025-12-09T05:43:46.688Z] 
📅 2024년 12월 검증 중...
[2025-12-09T05:47:04.813Z] 📊 전월세: 17772건 일치, 4548건 불일치
[2025-12-09T06:35:41.386Z] ✅ 모든 누락 데이터가 복구되었습니다!
[2025-12-09T06:45:17.657Z] 🔧 복구 유형: rent
[2025-12-09T06:45:18.122Z] 📋 복구 대상: 4548건
[2025-12-09T06:53:51.097Z] 📅 검증 기간: 2025년 ~ 2025년
[2025-12-09T06:53:51.100Z] 📊 검증 유형: deal
[2025-12-09T06:53:51.179Z] 
📅 2025년 1월 검증 중...
[2025-12-09T06:53:53.564Z] 📅 검증 기간: 2025년 ~ 2025년
[2025-12-09T06:53:53.565Z] 📊 검증 유형: rent
[2025-12-09T06:53:53.633Z] 
📅 2025년 1월 검증 중...
[2025-12-09T06:56:01.841Z] 
📅 2025년 2월 검증 중...
[2025-12-09T06:56:35.306Z] 
📅 2025년 2월 검증 중...
[2025-12-09T06:57:30.483Z] 
📅 2025년 3월 검증 중...
[2025-12-09T06:58:53.122Z] 
📅 2025년 3월 검증 중...
[2025-12-09T06:58:58.702Z] 
📅 2025년 4월 검증 중...
[2025-12-09T07:00:58.493Z] 
📅 2025년 5월 검증 중...
[2025-12-09T07:02:10.744Z] 
📅 2025년 4월 검증 중...
[2025-12-09T07:03:00.970Z] 
📅 2025년 6월 검증 중...
[2025-12-09T07:04:39.812Z] 
📅 2025년 7월 검증 중...
[2025-12-09T07:04:46.122Z] 
📅 2025년 5월 검증 중...
[2025-12-09T07:06:28.423Z] 
📅 2025년 8월 검증 중...
[2025-12-09T07:07:44.862Z] 
📅 2025년 6월 검증 중...
[2025-12-09T07:07:59.954Z] 
📅 2025년 9월 검증 중...
[2025-12-09T07:09:05.722Z] 
📅 2025년 10월 검증 중...
[2025-12-09T07:09:53.177Z] 
📅 2025년 7월 검증 중...
[2025-12-09T07:10:27.566Z] 
📅 2025년 11월 검증 중...
[2025-12-09T07:12:00.072Z] 
📅 2025년 12월 검증 중...
[2025-12-09T07:12:29.467Z] 
📅 2025년 8월 검증 중...
[2025-12-09T07:13:18.817Z] 📊 매매: 366건 일치, 1866건 불일치
[2025-12-09T07:15:12.017Z] 
📅 2025년 9월 검증 중...
[2025-12-09T07:17:32.781Z] 
📅 2025년 10월 검증 중...
[2025-12-09T07:19:56.482Z] 
📅 2025년 11월 검증 중...
[2025-12-09T07:22:24.969Z] 
📅 2025년 12월 검증 중...
[2025-12-09T07:24:46.950Z] 📊 전월세: 252건 일치, 1980건 불일치
[2025-12-09T10:36:41.802Z] ✅ 모든 누락 데이터가 복구되었습니다!
[2025-12-09T23:47:02.319Z] 🔧 복구 유형: deal
[2025-12-09T23:47:02.499Z] 📋 복구 대상: 1866건
[2025-12-09T23:47:23.184Z] 🔧 복구 유형: rent
[2025-12-09T23:47:23.345Z] 📋 복구 대상: 1980건
