[2025-12-13T22:49:38.254Z] [deal] 서울특별시 강남구 2025-12: API(12) > DB(8), 차이 4건 → 복구 시작
[2025-12-13T22:49:38.845Z] [rent] 서울특별시 강남구 2025-12: API(453) > DB(442), 차이 11건 → 복구 시작
[2025-12-13T22:49:39.314Z] [deal] 서울특별시 강동구 2025-12: API(13) > DB(4), 차이 9건 → 복구 시작
[2025-12-13T22:49:39.883Z] [rent] 서울특별시 강동구 2025-12: API(360) > DB(350), 차이 10건 → 복구 시작
[2025-12-13T22:49:40.365Z] [deal] 서울특별시 강북구 2025-12: API(15) > DB(11), 차이 4건 → 복구 시작
[2025-12-13T22:49:40.879Z] [rent] 서울특별시 강북구 2025-12: API(84) > DB(83), 차이 1건 → 복구 시작
[2025-12-13T22:49:41.388Z] [deal] 서울특별시 강서구 2025-12: API(15) > DB(7), 차이 8건 → 복구 시작
[2025-12-13T22:49:41.946Z] [rent] 서울특별시 강서구 2025-12: API(365) > DB(351), 차이 14건 → 복구 시작
[2025-12-13T22:49:42.626Z] [deal] 서울특별시 관악구 2025-12: API(23) > DB(16), 차이 7건 → 복구 시작
[2025-12-13T22:49:43.700Z] [rent] 서울특별시 관악구 2025-12: API(127) > DB(121), 차이 6건 → 복구 시작
[2025-12-13T22:49:45.803Z] [rent] 서울특별시 광진구 2025-12: API(102) > DB(100), 차이 2건 → 복구 시작
[2025-12-13T22:49:46.715Z] [deal] 서울특별시 구로구 2025-12: API(40) > DB(30), 차이 10건 → 복구 시작
[2025-12-13T22:49:47.580Z] [rent] 서울특별시 구로구 2025-12: API(296) > DB(276), 차이 20건 → 복구 시작
[2025-12-13T22:49:48.046Z] [deal] 서울특별시 금천구 2025-12: API(16) > DB(10), 차이 6건 → 복구 시작
[2025-12-13T22:49:49.052Z] [deal] 서울특별시 노원구 2025-12: API(27) > DB(18), 차이 9건 → 복구 시작
[2025-12-13T22:49:49.609Z] [rent] 서울특별시 노원구 2025-12: API(309) > DB(297), 차이 12건 → 복구 시작
[2025-12-13T22:49:50.370Z] [deal] 서울특별시 도봉구 2025-12: API(18) > DB(15), 차이 3건 → 복구 시작
[2025-12-13T22:49:50.915Z] [rent] 서울특별시 도봉구 2025-12: API(108) > DB(103), 차이 5건 → 복구 시작
[2025-12-13T22:49:51.385Z] [deal] 서울특별시 동대문구 2025-12: API(29) > DB(24), 차이 5건 → 복구 시작
[2025-12-13T22:49:52.147Z] [rent] 서울특별시 동대문구 2025-12: API(138) > DB(131), 차이 7건 → 복구 시작
[2025-12-13T22:49:52.625Z] [deal] 서울특별시 동작구 2025-12: API(12) > DB(8), 차이 4건 → 복구 시작
[2025-12-13T22:49:53.158Z] [rent] 서울특별시 동작구 2025-12: API(169) > DB(166), 차이 3건 → 복구 시작
[2025-12-13T22:49:53.631Z] [deal] 서울특별시 마포구 2025-12: API(4) > DB(3), 차이 1건 → 복구 시작
[2025-12-13T22:49:54.872Z] [rent] 서울특별시 마포구 2025-12: API(208) > DB(206), 차이 2건 → 복구 시작
[2025-12-13T22:49:55.399Z] [deal] 서울특별시 서대문구 2025-12: API(32) > DB(21), 차이 11건 → 복구 시작
[2025-12-13T22:49:55.917Z] [rent] 서울특별시 서대문구 2025-12: API(212) > DB(201), 차이 11건 → 복구 시작
[2025-12-13T22:49:57.365Z] [deal] 서울특별시 서초구 2025-12: API(11) > DB(5), 차이 6건 → 복구 시작
[2025-12-13T22:49:57.916Z] [rent] 서울특별시 서초구 2025-12: API(320) > DB(307), 차이 13건 → 복구 시작
[2025-12-13T22:49:59.341Z] [deal] 서울특별시 성동구 2025-12: API(99) > DB(35), 차이 64건 → 복구 시작
[2025-12-13T22:49:59.866Z] [rent] 서울특별시 성동구 2025-12: API(174) > DB(169), 차이 5건 → 복구 시작
[2025-12-13T22:50:00.799Z] [deal] 서울특별시 성북구 2025-12: API(45) > DB(35), 차이 10건 → 복구 시작
[2025-12-13T22:50:01.834Z] [rent] 서울특별시 성북구 2025-12: API(221) > DB(213), 차이 8건 → 복구 시작
[2025-12-13T22:50:02.723Z] [deal] 서울특별시 송파구 2025-12: API(35) > DB(15), 차이 20건 → 복구 시작
[2025-12-13T22:50:03.757Z] [rent] 서울특별시 송파구 2025-12: API(689) > DB(642), 차이 47건 → 복구 시작
[2025-12-13T22:50:54.913Z] [deal] 서울특별시 강남구 2025-12: API(12) > DB(8), 차이 4건 → 복구 시작
[2025-12-13T22:50:55.748Z] [rent] 서울특별시 강남구 2025-12: API(453) > DB(442), 차이 11건 → 복구 시작
[2025-12-13T22:52:45.966Z] [deal] 서울특별시 강남구 2025-12: API(12) > DB(8), 차이 4건 → 복구 시작
[2025-12-13T22:52:46.861Z] [rent] 서울특별시 강남구 2025-12: API(453) > DB(442), 차이 11건 → 복구 시작
[2025-12-13T22:52:56.812Z] [deal] 서울특별시 강동구 2025-12: API(13) > DB(4), 차이 9건 → 복구 시작
[2025-12-13T22:52:57.924Z] [rent] 서울특별시 강동구 2025-12: API(360) > DB(350), 차이 10건 → 복구 시작
[2025-12-13T22:53:06.370Z] [deal] 서울특별시 강북구 2025-12: API(15) > DB(11), 차이 4건 → 복구 시작
[2025-12-13T22:53:07.945Z] [rent] 서울특별시 강북구 2025-12: API(84) > DB(83), 차이 1건 → 복구 시작
[2025-12-13T22:53:10.470Z] [deal] 서울특별시 강서구 2025-12: API(15) > DB(7), 차이 8건 → 복구 시작
[2025-12-13T22:53:11.345Z] [rent] 서울특별시 강서구 2025-12: API(365) > DB(351), 차이 14건 → 복구 시작
[2025-12-13T22:53:19.139Z] [deal] 서울특별시 관악구 2025-12: API(23) > DB(16), 차이 7건 → 복구 시작
[2025-12-13T22:53:20.345Z] [rent] 서울특별시 관악구 2025-12: API(127) > DB(121), 차이 6건 → 복구 시작
[2025-12-13T22:53:24.342Z] [rent] 서울특별시 광진구 2025-12: API(102) > DB(100), 차이 2건 → 복구 시작
[2025-12-13T22:53:27.560Z] [deal] 서울특별시 구로구 2025-12: API(40) > DB(30), 차이 10건 → 복구 시작
[2025-12-13T22:53:28.857Z] [rent] 서울특별시 구로구 2025-12: API(296) > DB(276), 차이 20건 → 복구 시작
[2025-12-13T22:53:34.715Z] [deal] 서울특별시 금천구 2025-12: API(16) > DB(10), 차이 6건 → 복구 시작
[2025-12-13T22:53:35.910Z] [deal] 서울특별시 노원구 2025-12: API(27) > DB(18), 차이 9건 → 복구 시작
[2025-12-13T22:53:37.568Z] [rent] 서울특별시 노원구 2025-12: API(309) > DB(297), 차이 12건 → 복구 시작
[2025-12-13T22:53:45.838Z] [deal] 서울특별시 도봉구 2025-12: API(18) > DB(15), 차이 3건 → 복구 시작
[2025-12-13T22:53:46.720Z] [rent] 서울특별시 도봉구 2025-12: API(108) > DB(103), 차이 5건 → 복구 시작
[2025-12-13T22:53:49.618Z] [deal] 서울특별시 동대문구 2025-12: API(29) > DB(24), 차이 5건 → 복구 시작
[2025-12-13T22:53:50.713Z] [rent] 서울특별시 동대문구 2025-12: API(138) > DB(131), 차이 7건 → 복구 시작
[2025-12-13T22:53:54.062Z] [deal] 서울특별시 동작구 2025-12: API(12) > DB(8), 차이 4건 → 복구 시작
[2025-12-13T22:53:55.171Z] [rent] 서울특별시 동작구 2025-12: API(169) > DB(166), 차이 3건 → 복구 시작
[2025-12-13T22:53:59.150Z] [deal] 서울특별시 마포구 2025-12: API(4) > DB(3), 차이 1건 → 복구 시작
[2025-12-13T22:53:59.854Z] [rent] 서울특별시 마포구 2025-12: API(208) > DB(206), 차이 2건 → 복구 시작
[2025-12-13T22:54:04.711Z] [deal] 서울특별시 서대문구 2025-12: API(32) > DB(21), 차이 11건 → 복구 시작
[2025-12-13T22:54:05.814Z] [rent] 서울특별시 서대문구 2025-12: API(212) > DB(201), 차이 11건 → 복구 시작
[2025-12-13T22:54:15.180Z] [deal] 서울특별시 서초구 2025-12: API(11) > DB(5), 차이 6건 → 복구 시작
[2025-12-13T22:54:16.659Z] [rent] 서울특별시 서초구 2025-12: API(320) > DB(307), 차이 13건 → 복구 시작
[2025-12-13T22:54:25.406Z] [deal] 서울특별시 성동구 2025-12: API(99) > DB(35), 차이 64건 → 복구 시작
[2025-12-13T22:54:27.542Z] [rent] 서울특별시 성동구 2025-12: API(174) > DB(169), 차이 5건 → 복구 시작
[2025-12-13T22:54:31.259Z] [deal] 서울특별시 성북구 2025-12: API(45) > DB(35), 차이 10건 → 복구 시작
[2025-12-13T22:54:32.587Z] [rent] 서울특별시 성북구 2025-12: API(221) > DB(213), 차이 8건 → 복구 시작
[2025-12-13T22:54:37.749Z] [deal] 서울특별시 송파구 2025-12: API(35) > DB(15), 차이 20건 → 복구 시작
[2025-12-13T22:54:39.300Z] [rent] 서울특별시 송파구 2025-12: API(689) > DB(642), 차이 47건 → 복구 시작
[2025-12-13T22:54:54.327Z] [deal] 서울특별시 양천구 2025-12: API(36) > DB(23), 차이 13건 → 복구 시작
