[2025-12-14T00:10:30.763Z] [deal] 서울특별시 노원구 2025-12: API(27) > DB(26), 차이 1건 → 복구 시작
[2025-12-14T00:10:39.147Z] [deal] 서울특별시 성동구 2025-12: API(99) > DB(40), 차이 59건 → 복구 시작
[2025-12-14T00:10:44.560Z] [rent] 서울특별시 양천구 2025-12: API(263) > DB(255), 차이 8건 → 복구 시작
[2025-12-14T00:10:49.907Z] [deal] 서울특별시 영등포구 2025-12: API(17) > DB(11), 차이 6건 → 복구 시작
[2025-12-14T00:10:50.787Z] [rent] 서울특별시 영등포구 2025-12: API(221) > DB(215), 차이 6건 → 복구 시작
[2025-12-14T00:10:58.171Z] [deal] 서울특별시 용산구 2025-12: API(1) > DB(0), 차이 1건 → 복구 시작
[2025-12-14T00:11:00.271Z] [rent] 서울특별시 용산구 2025-12: API(110) > DB(105), 차이 5건 → 복구 시작
[2025-12-14T00:11:03.154Z] [deal] 서울특별시 은평구 2025-12: API(23) > DB(14), 차이 9건 → 복구 시작
[2025-12-14T00:11:05.019Z] [rent] 서울특별시 은평구 2025-12: API(237) > DB(221), 차이 16건 → 복구 시작
[2025-12-14T00:11:12.874Z] [deal] 서울특별시 종로구 2025-12: API(4) > DB(0), 차이 4건 → 복구 시작
[2025-12-14T00:11:13.518Z] [rent] 서울특별시 종로구 2025-12: API(50) > DB(49), 차이 1건 → 복구 시작
[2025-12-14T00:11:15.011Z] [deal] 서울특별시 중구 2025-12: API(8) > DB(7), 차이 1건 → 복구 시작
[2025-12-14T00:11:15.975Z] [rent] 서울특별시 중구 2025-12: API(63) > DB(62), 차이 1건 → 복구 시작
[2025-12-14T00:11:17.811Z] [deal] 서울특별시 중랑구 2025-12: API(22) > DB(19), 차이 3건 → 복구 시작
[2025-12-14T00:11:18.754Z] [rent] 서울특별시 중랑구 2025-12: API(217) > DB(207), 차이 10건 → 복구 시작
[2025-12-14T00:11:23.859Z] [deal] 경기도 가평군 2025-12: API(8) > DB(4), 차이 4건 → 복구 시작
[2025-12-14T00:11:25.186Z] [rent] 경기도 가평군 2025-12: API(9) > DB(8), 차이 1건 → 복구 시작
[2025-12-14T00:11:27.982Z] [deal] 경기도 고양시 덕양구 2025-12: API(76) > DB(59), 차이 17건 → 복구 시작
[2025-12-14T00:11:29.883Z] [rent] 경기도 고양시 덕양구 2025-12: API(294) > DB(279), 차이 15건 → 복구 시작
[2025-12-14T00:11:36.847Z] [deal] 경기도 고양시 일산동구 2025-12: API(42) > DB(33), 차이 9건 → 복구 시작
[2025-12-14T00:11:38.686Z] [deal] 경기도 고양시 일산서구 2025-12: API(41) > DB(31), 차이 10건 → 복구 시작
[2025-12-14T00:11:40.789Z] [rent] 경기도 고양시 일산서구 2025-12: API(155) > DB(148), 차이 7건 → 복구 시작
[2025-12-14T00:11:44.832Z] [deal] 경기도 과천시 2025-12: API(1) > DB(0), 차이 1건 → 복구 시작
[2025-12-14T00:11:46.149Z] [rent] 경기도 과천시 2025-12: API(43) > DB(41), 차이 2건 → 복구 시작
[2025-12-14T00:11:47.669Z] [deal] 경기도 광명시 2025-12: API(27) > DB(20), 차이 7건 → 복구 시작
[2025-12-14T00:11:49.659Z] [rent] 경기도 광명시 2025-12: API(160) > DB(153), 차이 7건 → 복구 시작
[2025-12-14T00:11:53.639Z] [deal] 경기도 광주시 2025-12: API(52) > DB(39), 차이 13건 → 복구 시작
[2025-12-14T00:11:55.562Z] [rent] 경기도 광주시 2025-12: API(224) > DB(199), 차이 25건 → 복구 시작
[2025-12-14T00:12:02.246Z] [deal] 경기도 구리시 2025-12: API(27) > DB(22), 차이 5건 → 복구 시작
[2025-12-14T00:12:03.988Z] [deal] 경기도 군포시 2025-12: API(44) > DB(37), 차이 7건 → 복구 시작
[2025-12-14T00:12:06.836Z] [rent] 경기도 군포시 2025-12: API(110) > DB(104), 차이 6건 → 복구 시작
[2025-12-14T00:12:10.727Z] [deal] 경기도 김포시 2025-12: API(66) > DB(45), 차이 21건 → 복구 시작
[2025-12-14T00:12:12.425Z] [rent] 경기도 김포시 2025-12: API(307) > DB(278), 차이 29건 → 복구 시작
[2025-12-14T00:12:20.557Z] [deal] 경기도 남양주시 2025-12: API(118) > DB(82), 차이 36건 → 복구 시작
[2025-12-14T00:12:24.770Z] [rent] 경기도 남양주시 2025-12: API(709) > DB(695), 차이 14건 → 복구 시작
[2025-12-14T00:12:44.452Z] [deal] 경기도 동두천시 2025-12: API(14) > DB(11), 차이 3건 → 복구 시작
[2025-12-14T00:12:46.857Z] [deal] 경기도 부천시 소사구  2025-12: API(41) > DB(36), 차이 5건 → 복구 시작
[2025-12-14T00:12:48.223Z] [rent] 경기도 부천시 소사구  2025-12: API(65) > DB(59), 차이 6건 → 복구 시작
[2025-12-14T00:12:50.191Z] [deal] 경기도 부천시 오정구  2025-12: API(11) > DB(5), 차이 6건 → 복구 시작
[2025-12-14T00:12:51.221Z] [deal] 경기도 부천시 원미구  2025-12: API(85) > DB(67), 차이 18건 → 복구 시작
[2025-12-14T00:12:54.582Z] [rent] 경기도 부천시 원미구  2025-12: API(185) > DB(177), 차이 8건 → 복구 시작
[2025-12-14T00:13:02.522Z] [deal] 경기도 성남시 분당구 2025-12: API(23) > DB(13), 차이 10건 → 복구 시작
[2025-12-14T00:13:04.030Z] [rent] 경기도 성남시 분당구 2025-12: API(345) > DB(335), 차이 10건 → 복구 시작
[2025-12-14T00:13:14.029Z] [deal] 경기도 성남시 수정구 2025-12: API(8) > DB(7), 차이 1건 → 복구 시작
[2025-12-14T00:13:15.361Z] [rent] 경기도 성남시 수정구 2025-12: API(145) > DB(141), 차이 4건 → 복구 시작
[2025-12-14T00:13:20.589Z] [deal] 경기도 성남시 중원구 2025-12: API(23) > DB(18), 차이 5건 → 복구 시작
[2025-12-14T00:13:21.637Z] [rent] 경기도 성남시 중원구 2025-12: API(42) > DB(41), 차이 1건 → 복구 시작
[2025-12-14T00:13:23.998Z] [deal] 경기도 수원시 권선구 2025-12: API(92) > DB(68), 차이 24건 → 복구 시작
[2025-12-14T00:13:26.335Z] [rent] 경기도 수원시 권선구 2025-12: API(150) > DB(146), 차이 4건 → 복구 시작
[2025-12-14T00:13:30.792Z] [deal] 경기도 수원시 영통구 2025-12: API(86) > DB(53), 차이 33건 → 복구 시작
[2025-12-14T00:13:34.033Z] [rent] 경기도 수원시 영통구 2025-12: API(283) > DB(271), 차이 12건 → 복구 시작
[2025-12-14T00:13:40.466Z] [deal] 경기도 수원시 장안구 2025-12: API(11) > DB(8), 차이 3건 → 복구 시작
[2025-12-14T00:13:41.507Z] [deal] 경기도 수원시 팔달구 2025-12: API(11) > DB(8), 차이 3건 → 복구 시작
[2025-12-14T00:13:42.239Z] [rent] 경기도 수원시 팔달구 2025-12: API(74) > DB(73), 차이 1건 → 복구 시작
[2025-12-14T00:13:44.113Z] [deal] 경기도 시흥시 2025-12: API(89) > DB(68), 차이 21건 → 복구 시작
[2025-12-14T00:13:46.183Z] [rent] 경기도 시흥시 2025-12: API(253) > DB(244), 차이 9건 → 복구 시작
[2025-12-14T00:13:52.393Z] [deal] 경기도 안산시 단원구 2025-12: API(53) > DB(36), 차이 17건 → 복구 시작
[2025-12-14T00:13:53.932Z] [rent] 경기도 안산시 단원구 2025-12: API(117) > DB(111), 차이 6건 → 복구 시작
[2025-12-14T00:13:56.692Z] [deal] 경기도 안산시 상록구 2025-12: API(27) > DB(13), 차이 14건 → 복구 시작
[2025-12-14T00:13:58.068Z] [rent] 경기도 안산시 상록구 2025-12: API(58) > DB(57), 차이 1건 → 복구 시작
[2025-12-14T00:14:00.075Z] [deal] 경기도 안성시 2025-12: API(34) > DB(27), 차이 7건 → 복구 시작
[2025-12-14T00:14:01.568Z] [rent] 경기도 안성시 2025-12: API(231) > DB(221), 차이 10건 → 복구 시작
[2025-12-14T00:14:06.958Z] [deal] 경기도 안양시 동안구 2025-12: API(29) > DB(26), 차이 3건 → 복구 시작
[2025-12-14T00:14:08.008Z] [rent] 경기도 안양시 동안구 2025-12: API(193) > DB(191), 차이 2건 → 복구 시작
[2025-12-14T00:14:12.168Z] [deal] 경기도 안양시 만안구 2025-12: API(48) > DB(37), 차이 11건 → 복구 시작
[2025-12-14T00:14:13.918Z] [rent] 경기도 안양시 만안구 2025-12: API(40) > DB(37), 차이 3건 → 복구 시작
[2025-12-14T00:14:15.076Z] [deal] 경기도 양주시 2025-12: API(48) > DB(32), 차이 16건 → 복구 시작
[2025-12-14T00:14:16.870Z] [rent] 경기도 양주시 2025-12: API(193) > DB(178), 차이 15건 → 복구 시작
[2025-12-14T00:14:20.769Z] [deal] 경기도 양평군 2025-12: API(8) > DB(6), 차이 2건 → 복구 시작
[2025-12-14T00:14:21.932Z] [deal] 경기도 여주시 2025-12: API(18) > DB(15), 차이 3건 → 복구 시작
[2025-12-14T00:14:22.762Z] [rent] 경기도 여주시 2025-12: API(22) > DB(21), 차이 1건 → 복구 시작
[2025-12-14T00:14:23.592Z] [deal] 경기도 연천군 2025-12: API(3) > DB(1), 차이 2건 → 복구 시작
[2025-12-14T00:14:24.441Z] [deal] 경기도 오산시 2025-12: API(55) > DB(36), 차이 19건 → 복구 시작
[2025-12-14T00:14:26.109Z] [rent] 경기도 오산시 2025-12: API(98) > DB(95), 차이 3건 → 복구 시작
[2025-12-14T00:14:28.747Z] [deal] 경기도 용인시 기흥구 2025-12: API(119) > DB(92), 차이 27건 → 복구 시작
[2025-12-14T00:14:31.740Z] [rent] 경기도 용인시 기흥구 2025-12: API(289) > DB(282), 차이 7건 → 복구 시작
[2025-12-14T00:14:37.874Z] [deal] 경기도 용인시 수지구 2025-12: API(50) > DB(36), 차이 14건 → 복구 시작
[2025-12-14T00:14:39.276Z] [rent] 경기도 용인시 수지구 2025-12: API(219) > DB(214), 차이 5건 → 복구 시작
[2025-12-14T00:14:44.113Z] [deal] 경기도 용인시 처인구 2025-12: API(45) > DB(32), 차이 13건 → 복구 시작
[2025-12-14T00:14:45.810Z] [rent] 경기도 용인시 처인구 2025-12: API(69) > DB(68), 차이 1건 → 복구 시작
[2025-12-14T00:14:47.424Z] [deal] 경기도 의왕시 2025-12: API(6) > DB(3), 차이 3건 → 복구 시작
[2025-12-14T00:14:48.064Z] [rent] 경기도 의왕시 2025-12: API(73) > DB(69), 차이 4건 → 복구 시작
[2025-12-14T00:14:49.772Z] [deal] 경기도 의정부시 2025-12: API(73) > DB(60), 차이 13건 → 복구 시작
[2025-12-14T00:14:51.699Z] [rent] 경기도 의정부시 2025-12: API(219) > DB(212), 차이 7건 → 복구 시작
[2025-12-14T00:14:57.180Z] [deal] 경기도 이천시 2025-12: API(21) > DB(16), 차이 5건 → 복구 시작
[2025-12-14T00:14:58.125Z] [rent] 경기도 이천시 2025-12: API(70) > DB(65), 차이 5건 → 복구 시작
[2025-12-14T00:15:00.322Z] [deal] 경기도 파주시 2025-12: API(76) > DB(56), 차이 20건 → 복구 시작
[2025-12-14T00:15:02.645Z] [rent] 경기도 파주시 2025-12: API(829) > DB(679), 차이 150건 → 복구 시작
[2025-12-14T00:15:24.439Z] [deal] 경기도 평택시 2025-12: API(123) > DB(97), 차이 26건 → 복구 시작
[2025-12-14T00:15:27.828Z] [rent] 경기도 평택시 2025-12: API(648) > DB(612), 차이 36건 → 복구 시작
[2025-12-14T00:15:43.587Z] [deal] 경기도 포천시 2025-12: API(20) > DB(11), 차이 9건 → 복구 시작
[2025-12-14T00:15:44.844Z] [rent] 경기도 포천시 2025-12: API(38) > DB(34), 차이 4건 → 복구 시작
[2025-12-14T00:15:45.955Z] [deal] 경기도 하남시 2025-12: API(39) > DB(28), 차이 11건 → 복구 시작
[2025-12-14T00:15:48.485Z] [rent] 경기도 하남시 2025-12: API(184) > DB(181), 차이 3건 → 복구 시작
[2025-12-14T00:15:54.107Z] [deal] 경기도 화성시 2025-12: API(266) > DB(175), 차이 91건 → 복구 시작
[2025-12-14T00:16:00.483Z] [rent] 경기도 화성시 2025-12: API(799) > DB(777), 차이 22건 → 복구 시작
[2025-12-14T00:16:22.092Z] [deal] 부산광역시 강서구 2025-12: API(40) > DB(30), 차이 10건 → 복구 시작
[2025-12-14T00:16:23.700Z] [rent] 부산광역시 강서구 2025-12: API(255) > DB(243), 차이 12건 → 복구 시작
[2025-12-14T00:16:29.442Z] [deal] 부산광역시 금정구 2025-12: API(45) > DB(35), 차이 10건 → 복구 시작
[2025-12-14T00:16:31.144Z] [deal] 부산광역시 기장군 2025-12: API(51) > DB(41), 차이 10건 → 복구 시작
[2025-12-14T00:16:32.756Z] [rent] 부산광역시 기장군 2025-12: API(116) > DB(87), 차이 29건 → 복구 시작
[2025-12-14T00:16:35.694Z] [deal] 부산광역시 남구 2025-12: API(72) > DB(56), 차이 16건 → 복구 시작
[2025-12-14T00:16:37.596Z] [rent] 부산광역시 남구 2025-12: API(83) > DB(82), 차이 1건 → 복구 시작
[2025-12-14T00:16:39.494Z] [deal] 부산광역시 동구 2025-12: API(16) > DB(12), 차이 4건 → 복구 시작
[2025-12-14T00:16:40.278Z] [rent] 부산광역시 동구 2025-12: API(27) > DB(25), 차이 2건 → 복구 시작
[2025-12-14T00:16:41.222Z] [deal] 부산광역시 동래구 2025-12: API(71) > DB(52), 차이 19건 → 복구 시작
[2025-12-14T00:16:42.927Z] [rent] 부산광역시 동래구 2025-12: API(109) > DB(106), 차이 3건 → 복구 시작
[2025-12-14T00:16:45.931Z] [deal] 부산광역시 부산진구 2025-12: API(122) > DB(86), 차이 36건 → 복구 시작
[2025-12-14T00:16:49.355Z] [deal] 부산광역시 북구 2025-12: API(60) > DB(50), 차이 10건 → 복구 시작
[2025-12-14T00:16:50.898Z] [rent] 부산광역시 북구 2025-12: API(86) > DB(80), 차이 6건 → 복구 시작
[2025-12-14T00:16:53.321Z] [deal] 부산광역시 사상구 2025-12: API(37) > DB(31), 차이 6건 → 복구 시작
[2025-12-14T00:16:54.507Z] [rent] 부산광역시 사상구 2025-12: API(38) > DB(37), 차이 1건 → 복구 시작
[2025-12-14T00:16:57.586Z] [deal] 부산광역시 사하구 2025-12: API(77) > DB(57), 차이 20건 → 복구 시작
[2025-12-14T00:16:59.608Z] [rent] 부산광역시 사하구 2025-12: API(65) > DB(60), 차이 5건 → 복구 시작
[2025-12-14T00:17:01.375Z] [deal] 부산광역시 서구 2025-12: API(14) > DB(12), 차이 2건 → 복구 시작
[2025-12-14T00:17:02.459Z] [deal] 부산광역시 수영구 2025-12: API(49) > DB(37), 차이 12건 → 복구 시작
[2025-12-14T00:17:03.969Z] [rent] 부산광역시 수영구 2025-12: API(63) > DB(60), 차이 3건 → 복구 시작
[2025-12-14T00:17:05.967Z] [deal] 부산광역시 연제구 2025-12: API(59) > DB(48), 차이 11건 → 복구 시작
[2025-12-14T00:17:08.395Z] [rent] 부산광역시 연제구 2025-12: API(89) > DB(88), 차이 1건 → 복구 시작
[2025-12-14T00:17:10.883Z] [rent] 부산광역시 영도구 2025-12: API(28) > DB(27), 차이 1건 → 복구 시작
[2025-12-14T00:17:12.771Z] [deal] 부산광역시 해운대구 2025-12: API(82) > DB(65), 차이 17건 → 복구 시작
[2025-12-14T00:17:14.858Z] [rent] 부산광역시 해운대구 2025-12: API(163) > DB(161), 차이 2건 → 복구 시작
[2025-12-14T00:17:19.996Z] [deal] 대구광역시 남구 2025-12: API(22) > DB(19), 차이 3건 → 복구 시작
[2025-12-14T00:17:21.258Z] [deal] 대구광역시 달서구 2025-12: API(107) > DB(82), 차이 25건 → 복구 시작
[2025-12-14T00:17:23.832Z] [rent] 대구광역시 달서구 2025-12: API(98) > DB(94), 차이 4건 → 복구 시작
[2025-12-14T00:17:25.948Z] [deal] 대구광역시 달성군 2025-12: API(75) > DB(64), 차이 11건 → 복구 시작
[2025-12-14T00:17:27.823Z] [rent] 대구광역시 달성군 2025-12: API(130) > DB(129), 차이 1건 → 복구 시작
[2025-12-14T00:17:30.748Z] [deal] 대구광역시 동구 2025-12: API(80) > DB(64), 차이 16건 → 복구 시작
[2025-12-14T00:17:32.864Z] [rent] 대구광역시 동구 2025-12: API(145) > DB(136), 차이 9건 → 복구 시작
[2025-12-14T00:17:36.083Z] [deal] 대구광역시 북구 2025-12: API(90) > DB(68), 차이 22건 → 복구 시작
[2025-12-14T00:17:38.214Z] [rent] 대구광역시 북구 2025-12: API(103) > DB(96), 차이 7건 → 복구 시작
[2025-12-14T00:17:40.674Z] [deal] 대구광역시 서구 2025-12: API(21) > DB(15), 차이 6건 → 복구 시작
[2025-12-14T00:17:41.832Z] [deal] 대구광역시 수성구 2025-12: API(108) > DB(80), 차이 28건 → 복구 시작
[2025-12-14T00:17:44.513Z] [rent] 대구광역시 수성구 2025-12: API(129) > DB(124), 차이 5건 → 복구 시작
[2025-12-14T00:17:47.453Z] [deal] 대구광역시 중구 2025-12: API(52) > DB(34), 차이 18건 → 복구 시작
[2025-12-14T00:17:49.588Z] [deal] 인천광역시 강화군 2025-12: API(1) > DB(0), 차이 1건 → 복구 시작
[2025-12-14T00:17:50.411Z] [deal] 인천광역시 계양구 2025-12: API(36) > DB(25), 차이 11건 → 복구 시작
[2025-12-14T00:17:51.579Z] [rent] 인천광역시 계양구 2025-12: API(72) > DB(71), 차이 1건 → 복구 시작
[2025-12-14T00:17:53.303Z] [deal] 인천광역시 남동구 2025-12: API(70) > DB(57), 차이 13건 → 복구 시작
[2025-12-14T00:17:55.134Z] [rent] 인천광역시 남동구 2025-12: API(126) > DB(125), 차이 1건 → 복구 시작
[2025-12-14T00:17:58.026Z] [deal] 인천광역시 동구 2025-12: API(15) > DB(13), 차이 2건 → 복구 시작
[2025-12-14T00:17:59.019Z] [rent] 인천광역시 동구 2025-12: API(10) > DB(9), 차이 1건 → 복구 시작
[2025-12-14T00:17:59.727Z] [deal] 인천광역시 미추홀구 2025-12: API(39) > DB(30), 차이 9건 → 복구 시작
[2025-12-14T00:18:01.045Z] [rent] 인천광역시 미추홀구 2025-12: API(97) > DB(96), 차이 1건 → 복구 시작
[2025-12-14T00:18:03.458Z] [deal] 인천광역시 부평구 2025-12: API(76) > DB(63), 차이 13건 → 복구 시작
[2025-12-14T00:18:05.492Z] [rent] 인천광역시 부평구 2025-12: API(188) > DB(183), 차이 5건 → 복구 시작
[2025-12-14T00:18:09.808Z] [deal] 인천광역시 서구 2025-12: API(123) > DB(102), 차이 21건 → 복구 시작
[2025-12-14T00:18:13.469Z] [rent] 인천광역시 서구 2025-12: API(267) > DB(264), 차이 3건 → 복구 시작
[2025-12-14T00:18:19.117Z] [deal] 인천광역시 연수구 2025-12: API(86) > DB(65), 차이 21건 → 복구 시작
[2025-12-14T00:18:21.191Z] [rent] 인천광역시 연수구 2025-12: API(222) > DB(217), 차이 5건 → 복구 시작
[2025-12-14T00:18:27.052Z] [deal] 인천광역시 중구 2025-12: API(23) > DB(20), 차이 3건 → 복구 시작
[2025-12-14T00:18:28.000Z] [rent] 인천광역시 중구 2025-12: API(100) > DB(97), 차이 3건 → 복구 시작
[2025-12-14T00:18:31.484Z] [deal] 광주광역시 광산구 2025-12: API(103) > DB(81), 차이 22건 → 복구 시작
[2025-12-14T00:18:34.159Z] [rent] 광주광역시 광산구 2025-12: API(147) > DB(140), 차이 7건 → 복구 시작
[2025-12-14T00:18:37.333Z] [deal] 광주광역시 남구 2025-12: API(48) > DB(38), 차이 10건 → 복구 시작
[2025-12-14T00:18:38.990Z] [rent] 광주광역시 남구 2025-12: API(69) > DB(68), 차이 1건 → 복구 시작
[2025-12-14T00:18:41.512Z] [deal] 광주광역시 동구 2025-12: API(33) > DB(29), 차이 4건 → 복구 시작
[2025-12-14T00:18:42.925Z] [deal] 광주광역시 북구 2025-12: API(94) > DB(72), 차이 22건 → 복구 시작
[2025-12-14T00:18:45.098Z] [rent] 광주광역시 북구 2025-12: API(192) > DB(162), 차이 30건 → 복구 시작
[2025-12-14T00:18:49.041Z] [deal] 광주광역시 서구 2025-12: API(61) > DB(52), 차이 9건 → 복구 시작
[2025-12-14T00:18:50.940Z] [rent] 광주광역시 서구 2025-12: API(63) > DB(61), 차이 2건 → 복구 시작
[2025-12-14T00:18:52.994Z] [deal] 대전광역시 대덕구 2025-12: API(22) > DB(16), 차이 6건 → 복구 시작
[2025-12-14T00:18:54.575Z] [rent] 대전광역시 대덕구 2025-12: API(39) > DB(38), 차이 1건 → 복구 시작
[2025-12-14T00:18:55.796Z] [deal] 대전광역시 동구 2025-12: API(41) > DB(31), 차이 10건 → 복구 시작
[2025-12-14T00:18:57.927Z] [deal] 대전광역시 서구 2025-12: API(140) > DB(113), 차이 27건 → 복구 시작
[2025-12-14T00:19:01.726Z] [rent] 대전광역시 서구 2025-12: API(196) > DB(190), 차이 6건 → 복구 시작
[2025-12-14T00:19:06.108Z] [deal] 대전광역시 유성구 2025-12: API(85) > DB(64), 차이 21건 → 복구 시작
[2025-12-14T00:19:08.811Z] [rent] 대전광역시 유성구 2025-12: API(254) > DB(235), 차이 19건 → 복구 시작
[2025-12-14T00:19:14.603Z] [deal] 대전광역시 중구 2025-12: API(37) > DB(35), 차이 2건 → 복구 시작
[2025-12-14T00:19:15.814Z] [rent] 대전광역시 중구 2025-12: API(74) > DB(72), 차이 2건 → 복구 시작
[2025-12-14T00:19:18.675Z] [deal] 울산광역시 남구 2025-12: API(102) > DB(76), 차이 26건 → 복구 시작
[2025-12-14T00:19:21.588Z] [rent] 울산광역시 남구 2025-12: API(71) > DB(70), 차이 1건 → 복구 시작
[2025-12-14T00:19:23.964Z] [deal] 울산광역시 동구 2025-12: API(42) > DB(38), 차이 4건 → 복구 시작
[2025-12-14T00:19:25.296Z] [rent] 울산광역시 동구 2025-12: API(28) > DB(27), 차이 1건 → 복구 시작
[2025-12-14T00:19:26.310Z] [deal] 울산광역시 북구 2025-12: API(82) > DB(71), 차이 11건 → 복구 시작
[2025-12-14T00:19:28.412Z] [rent] 울산광역시 북구 2025-12: API(52) > DB(50), 차이 2건 → 복구 시작
[2025-12-14T00:19:29.883Z] [deal] 울산광역시 울주군 2025-12: API(51) > DB(36), 차이 15건 → 복구 시작
[2025-12-14T00:19:31.674Z] [deal] 울산광역시 중구 2025-12: API(43) > DB(32), 차이 11건 → 복구 시작
[2025-12-14T00:19:33.334Z] [deal] 세종특별자치시 2025-12: API(94) > DB(73), 차이 21건 → 복구 시작
[2025-12-14T00:19:35.706Z] [rent] 세종특별자치시 2025-12: API(393) > DB(380), 차이 13건 → 복구 시작
[2025-12-14T00:19:47.444Z] [deal] 충청북도 보은군 2025-12: API(2) > DB(1), 차이 1건 → 복구 시작
[2025-12-14T00:19:48.024Z] [rent] 충청북도 보은군 2025-12: API(2) > DB(1), 차이 1건 → 복구 시작
[2025-12-14T00:19:48.551Z] [deal] 충청북도 영동군 2025-12: API(4) > DB(3), 차이 1건 → 복구 시작
[2025-12-14T00:19:49.919Z] [deal] 충청북도 옥천군 2025-12: API(4) > DB(3), 차이 1건 → 복구 시작
[2025-12-14T00:19:51.467Z] [deal] 충청북도 음성군 2025-12: API(18) > DB(13), 차이 5건 → 복구 시작
[2025-12-14T00:19:52.579Z] [deal] 충청북도 제천시 2025-12: API(45) > DB(34), 차이 11건 → 복구 시작
[2025-12-14T00:19:53.849Z] [rent] 충청북도 제천시 2025-12: API(31) > DB(29), 차이 2건 → 복구 시작
[2025-12-14T00:19:54.850Z] [deal] 충청북도 증평군 2025-12: API(11) > DB(9), 차이 2건 → 복구 시작
[2025-12-14T00:19:56.185Z] [deal] 충청북도 진천군 2025-12: API(16) > DB(14), 차이 2건 → 복구 시작
[2025-12-14T00:19:57.151Z] [rent] 충청북도 진천군 2025-12: API(32) > DB(31), 차이 1건 → 복구 시작
[2025-12-14T00:19:58.923Z] [deal] 충청북도 청주시 상당구 2025-12: API(57) > DB(43), 차이 14건 → 복구 시작
[2025-12-14T00:20:00.923Z] [rent] 충청북도 청주시 상당구 2025-12: API(158) > DB(139), 차이 19건 → 복구 시작
[2025-12-14T00:20:04.567Z] [deal] 충청북도 청주시 서원구 2025-12: API(80) > DB(67), 차이 13건 → 복구 시작
[2025-12-14T00:20:07.025Z] [rent] 충청북도 청주시 서원구 2025-12: API(71) > DB(69), 차이 2건 → 복구 시작
[2025-12-14T00:20:10.289Z] [deal] 충청북도 청주시 청원구 2025-12: API(51) > DB(42), 차이 9건 → 복구 시작
[2025-12-14T00:20:11.837Z] [rent] 충청북도 청주시 청원구 2025-12: API(95) > DB(94), 차이 1건 → 복구 시작
[2025-12-14T00:20:15.191Z] [deal] 충청북도 청주시 흥덕구 2025-12: API(89) > DB(68), 차이 21건 → 복구 시작
[2025-12-14T00:20:17.607Z] [deal] 충청북도 충주시 2025-12: API(62) > DB(50), 차이 12건 → 복구 시작
[2025-12-14T00:20:21.522Z] [rent] 충청북도 충주시 2025-12: API(95) > DB(87), 차이 8건 → 복구 시작
[2025-12-14T00:20:25.462Z] [deal] 충청남도 계룡시 2025-12: API(13) > DB(10), 차이 3건 → 복구 시작
[2025-12-14T00:20:26.283Z] [rent] 충청남도 계룡시 2025-12: API(23) > DB(21), 차이 2건 → 복구 시작
[2025-12-14T00:20:27.837Z] [deal] 충청남도 공주시 2025-12: API(16) > DB(11), 차이 5건 → 복구 시작
[2025-12-14T00:20:31.165Z] [deal] 충청남도 논산시 2025-12: API(26) > DB(16), 차이 10건 → 복구 시작
[2025-12-14T00:20:34.404Z] [deal] 충청남도 당진시 2025-12: API(65) > DB(52), 차이 13건 → 복구 시작
[2025-12-14T00:20:36.759Z] [rent] 충청남도 당진시 2025-12: API(60) > DB(54), 차이 6건 → 복구 시작
[2025-12-14T00:20:39.347Z] [deal] 충청남도 부여군 2025-12: API(6) > DB(5), 차이 1건 → 복구 시작
[2025-12-14T00:20:41.207Z] [deal] 충청남도 서산시 2025-12: API(50) > DB(31), 차이 19건 → 복구 시작
[2025-12-14T00:20:43.089Z] [rent] 충청남도 서산시 2025-12: API(46) > DB(44), 차이 2건 → 복구 시작
[2025-12-14T00:20:45.126Z] [deal] 충청남도 서천군 2025-12: API(6) > DB(3), 차이 3건 → 복구 시작
[2025-12-14T00:20:46.007Z] [deal] 충청남도 아산시 2025-12: API(106) > DB(82), 차이 24건 → 복구 시작
[2025-12-14T00:20:49.292Z] [rent] 충청남도 아산시 2025-12: API(215) > DB(205), 차이 10건 → 복구 시작
[2025-12-14T00:20:54.761Z] [deal] 충청남도 예산군 2025-12: API(9) > DB(8), 차이 1건 → 복구 시작
[2025-12-14T00:20:58.616Z] [deal] 충청남도 천안시 동남구 2025-12: API(60) > DB(39), 차이 21건 → 복구 시작
[2025-12-14T00:21:00.302Z] [rent] 충청남도 천안시 동남구 2025-12: API(97) > DB(93), 차이 4건 → 복구 시작
[2025-12-14T00:21:02.736Z] [deal] 충청남도 천안시 서북구 2025-12: API(136) > DB(91), 차이 45건 → 복구 시작
[2025-12-14T00:21:06.916Z] [rent] 충청남도 천안시 서북구 2025-12: API(203) > DB(199), 차이 4건 → 복구 시작
[2025-12-14T00:21:13.697Z] [deal] 충청남도 청양군 2025-12: API(1) > DB(0), 차이 1건 → 복구 시작
[2025-12-14T00:21:16.770Z] [deal] 충청남도 홍성군 2025-12: API(18) > DB(13), 차이 5건 → 복구 시작
[2025-12-14T00:21:19.602Z] [rent] 충청남도 홍성군 2025-12: API(77) > DB(72), 차이 5건 → 복구 시작
[2025-12-14T00:21:22.742Z] [deal] 전라남도 강진군 2025-12: API(3) > DB(2), 차이 1건 → 복구 시작
[2025-12-14T00:21:27.618Z] [deal] 전라남도 광양시 2025-12: API(394) > DB(72), 차이 322건 → 복구 시작
[2025-12-14T00:21:35.239Z] [rent] 전라남도 광양시 2025-12: API(62) > DB(59), 차이 3건 → 복구 시작
[2025-12-14T00:21:37.475Z] [deal] 전라남도 나주시 2025-12: API(23) > DB(21), 차이 2건 → 복구 시작
[2025-12-14T00:21:38.376Z] [rent] 전라남도 나주시 2025-12: API(67) > DB(66), 차이 1건 → 복구 시작
[2025-12-14T00:21:41.870Z] [deal] 전라남도 목포시 2025-12: API(57) > DB(46), 차이 11건 → 복구 시작
[2025-12-14T00:21:43.568Z] [rent] 전라남도 목포시 2025-12: API(58) > DB(57), 차이 1건 → 복구 시작
[2025-12-14T00:21:45.083Z] [deal] 전라남도 무안군 2025-12: API(32) > DB(23), 차이 9건 → 복구 시작
[2025-12-14T00:21:46.743Z] [deal] 전라남도 보성군 2025-12: API(2) > DB(1), 차이 1건 → 복구 시작
[2025-12-14T00:21:48.081Z] [deal] 전라남도 순천시 2025-12: API(105) > DB(73), 차이 32건 → 복구 시작
[2025-12-14T00:21:50.685Z] [rent] 전라남도 순천시 2025-12: API(99) > DB(96), 차이 3건 → 복구 시작
[2025-12-14T00:21:53.373Z] [deal] 전라남도 여수시 2025-12: API(45) > DB(37), 차이 8건 → 복구 시작
[2025-12-14T00:21:54.678Z] [rent] 전라남도 여수시 2025-12: API(256) > DB(253), 차이 3건 → 복구 시작
[2025-12-14T00:22:00.302Z] [deal] 전라남도 영광군 2025-12: API(7) > DB(5), 차이 2건 → 복구 시작
[2025-12-14T00:22:01.212Z] [deal] 전라남도 영암군 2025-12: API(15) > DB(11), 차이 4건 → 복구 시작
[2025-12-14T00:22:03.287Z] [deal] 전라남도 장성군 2025-12: API(3) > DB(2), 차이 1건 → 복구 시작
[2025-12-14T00:22:04.083Z] [deal] 전라남도 장흥군 2025-12: API(5) > DB(4), 차이 1건 → 복구 시작
[2025-12-14T00:22:06.296Z] [deal] 전라남도 해남군 2025-12: API(4) > DB(2), 차이 2건 → 복구 시작
[2025-12-14T00:22:07.464Z] [deal] 전라남도 화순군 2025-12: API(12) > DB(9), 차이 3건 → 복구 시작
[2025-12-14T00:22:08.927Z] [deal] 경상북도 경산시 2025-12: API(71) > DB(55), 차이 16건 → 복구 시작
[2025-12-14T00:22:10.709Z] [rent] 경상북도 경산시 2025-12: API(84) > DB(80), 차이 4건 → 복구 시작
[2025-12-14T00:22:12.623Z] [deal] 경상북도 경주시 2025-12: API(42) > DB(31), 차이 11건 → 복구 시작
[2025-12-14T00:22:13.876Z] [rent] 경상북도 경주시 2025-12: API(84) > DB(81), 차이 3건 → 복구 시작
[2025-12-14T00:22:16.300Z] [deal] 경상북도 구미시 2025-12: API(108) > DB(95), 차이 13건 → 복구 시작
[2025-12-14T00:22:18.864Z] [rent] 경상북도 구미시 2025-12: API(84) > DB(82), 차이 2건 → 복구 시작
[2025-12-14T00:22:20.820Z] [deal] 경상북도 김천시 2025-12: API(21) > DB(13), 차이 8건 → 복구 시작
[2025-12-14T00:22:22.220Z] [rent] 경상북도 김천시 2025-12: API(32) > DB(31), 차이 1건 → 복구 시작
[2025-12-14T00:22:23.392Z] [deal] 경상북도 문경시 2025-12: API(9) > DB(8), 차이 1건 → 복구 시작
[2025-12-14T00:22:24.346Z] [deal] 경상북도 봉화군 2025-12: API(1) > DB(0), 차이 1건 → 복구 시작
[2025-12-14T00:22:25.902Z] [deal] 경상북도 상주시 2025-12: API(12) > DB(8), 차이 4건 → 복구 시작
[2025-12-14T00:22:29.323Z] [deal] 경상북도 안동시 2025-12: API(42) > DB(29), 차이 13건 → 복구 시작
[2025-12-14T00:22:31.210Z] [rent] 경상북도 안동시 2025-12: API(14) > DB(12), 차이 2건 → 복구 시작
[2025-12-14T00:22:32.252Z] [deal] 경상북도 영덕군 2025-12: API(2) > DB(1), 차이 1건 → 복구 시작
[2025-12-14T00:22:35.737Z] [deal] 경상북도 영주시 2025-12: API(19) > DB(17), 차이 2건 → 복구 시작
[2025-12-14T00:22:37.344Z] [deal] 경상북도 영천시 2025-12: API(29) > DB(23), 차이 6건 → 복구 시작
[2025-12-14T00:22:39.099Z] [deal] 경상북도 예천군 2025-12: API(13) > DB(11), 차이 2건 → 복구 시작
[2025-12-14T00:22:44.310Z] [deal] 경상북도 칠곡군 2025-12: API(25) > DB(18), 차이 7건 → 복구 시작
[2025-12-14T00:22:45.622Z] [rent] 경상북도 칠곡군 2025-12: API(9) > DB(7), 차이 2건 → 복구 시작
[2025-12-14T00:22:47.298Z] [deal] 경상북도 포항시 남구 2025-12: API(39) > DB(34), 차이 5건 → 복구 시작
[2025-12-14T00:22:49.226Z] [deal] 경상북도 포항시 북구 2025-12: API(50) > DB(36), 차이 14건 → 복구 시작
[2025-12-14T00:22:50.908Z] [rent] 경상북도 포항시 북구 2025-12: API(78) > DB(76), 차이 2건 → 복구 시작
[2025-12-14T00:22:53.746Z] [deal] 경상남도 거제시 2025-12: API(47) > DB(39), 차이 8건 → 복구 시작
[2025-12-14T00:22:55.875Z] [rent] 경상남도 거제시 2025-12: API(80) > DB(77), 차이 3건 → 복구 시작
[2025-12-14T00:22:57.747Z] [deal] 경상남도 거창군 2025-12: API(8) > DB(5), 차이 3건 → 복구 시작
[2025-12-14T00:23:00.271Z] [deal] 경상남도 김해시 2025-12: API(166) > DB(128), 차이 38건 → 복구 시작
[2025-12-14T00:23:04.208Z] [rent] 경상남도 김해시 2025-12: API(178) > DB(171), 차이 7건 → 복구 시작
[2025-12-14T00:23:09.838Z] [deal] 경상남도 밀양시 2025-12: API(19) > DB(12), 차이 7건 → 복구 시작
[2025-12-14T00:23:11.953Z] [deal] 경상남도 사천시 2025-12: API(28) > DB(20), 차이 8건 → 복구 시작
[2025-12-14T00:23:13.676Z] [rent] 경상남도 사천시 2025-12: API(38) > DB(37), 차이 1건 → 복구 시작
[2025-12-14T00:23:16.336Z] [deal] 경상남도 양산시 2025-12: API(116) > DB(92), 차이 24건 → 복구 시작
[2025-12-14T00:23:19.748Z] [rent] 경상남도 양산시 2025-12: API(150) > DB(146), 차이 4건 → 복구 시작
[2025-12-14T00:23:24.500Z] [deal] 경상남도 진주시 2025-12: API(103) > DB(69), 차이 34건 → 복구 시작
[2025-12-14T00:23:27.201Z] [rent] 경상남도 진주시 2025-12: API(107) > DB(106), 차이 1건 → 복구 시작
[2025-12-14T00:23:29.979Z] [deal] 경상남도 창녕군 2025-12: API(7) > DB(6), 차이 1건 → 복구 시작
[2025-12-14T00:23:31.941Z] [deal] 경상남도 창원시 마산합포구 2025-12: API(38) > DB(27), 차이 11건 → 복구 시작
[2025-12-14T00:23:33.480Z] [rent] 경상남도 창원시 마산합포구 2025-12: API(84) > DB(83), 차이 1건 → 복구 시작
[2025-12-14T00:23:35.570Z] [deal] 경상남도 창원시 마산회원구 2025-12: API(49) > DB(42), 차이 7건 → 복구 시작
[2025-12-14T00:23:37.060Z] [rent] 경상남도 창원시 마산회원구 2025-12: API(25) > DB(24), 차이 1건 → 복구 시작
[2025-12-14T00:23:38.064Z] [deal] 경상남도 창원시 성산구 2025-12: API(98) > DB(70), 차이 28건 → 복구 시작
[2025-12-14T00:23:40.520Z] [rent] 경상남도 창원시 성산구 2025-12: API(111) > DB(105), 차이 6건 → 복구 시작
[2025-12-14T00:23:43.440Z] [deal] 경상남도 창원시 의창구 2025-12: API(46) > DB(32), 차이 14건 → 복구 시작
[2025-12-14T00:23:44.844Z] [rent] 경상남도 창원시 의창구 2025-12: API(44) > DB(43), 차이 1건 → 복구 시작
[2025-12-14T00:23:46.494Z] [deal] 경상남도 창원시 진해구 2025-12: API(32) > DB(25), 차이 7건 → 복구 시작
[2025-12-14T00:23:47.568Z] [rent] 경상남도 창원시 진해구 2025-12: API(136) > DB(134), 차이 2건 → 복구 시작
[2025-12-14T00:23:50.619Z] [deal] 경상남도 통영시 2025-12: API(30) > DB(22), 차이 8건 → 복구 시작
[2025-12-14T00:23:51.670Z] [rent] 경상남도 통영시 2025-12: API(15) > DB(14), 차이 1건 → 복구 시작
[2025-12-14T00:23:53.033Z] [deal] 경상남도 함안군 2025-12: API(8) > DB(5), 차이 3건 → 복구 시작
[2025-12-14T00:23:54.995Z] [deal] 경상남도 합천군 2025-12: API(2) > DB(1), 차이 1건 → 복구 시작
[2025-12-14T00:23:56.265Z] [deal] 제주특별자치도 서귀포시 2025-12: API(18) > DB(13), 차이 5건 → 복구 시작
[2025-12-14T00:23:57.481Z] [deal] 제주특별자치도 제주시 2025-12: API(33) > DB(25), 차이 8건 → 복구 시작
[2025-12-14T00:23:58.654Z] [rent] 제주특별자치도 제주시 2025-12: API(108) > DB(107), 차이 1건 → 복구 시작
[2025-12-14T00:24:02.673Z] [deal] 강원특별자치도 강릉시 2025-12: API(66) > DB(54), 차이 12건 → 복구 시작
[2025-12-14T00:24:04.726Z] [rent] 강원특별자치도 강릉시 2025-12: API(68) > DB(65), 차이 3건 → 복구 시작
[2025-12-14T00:24:07.126Z] [deal] 강원특별자치도 동해시 2025-12: API(20) > DB(16), 차이 4건 → 복구 시작
[2025-12-14T00:24:08.034Z] [rent] 강원특별자치도 동해시 2025-12: API(309) > DB(221), 차이 88건 → 복구 시작
[2025-12-14T00:24:15.909Z] [deal] 강원특별자치도 속초시 2025-12: API(27) > DB(20), 차이 7건 → 복구 시작
[2025-12-14T00:24:17.977Z] [deal] 강원특별자치도 양양군 2025-12: API(6) > DB(5), 차이 1건 → 복구 시작
[2025-12-14T00:24:20.306Z] [deal] 강원특별자치도 원주시 2025-12: API(132) > DB(108), 차이 24건 → 복구 시작
[2025-12-14T00:24:24.734Z] [rent] 강원특별자치도 원주시 2025-12: API(219) > DB(213), 차이 6건 → 복구 시작
[2025-12-14T00:24:31.759Z] [rent] 강원특별자치도 정선군 2025-12: API(1) > DB(0), 차이 1건 → 복구 시작
[2025-12-14T00:24:33.708Z] [deal] 강원특별자치도 춘천시 2025-12: API(94) > DB(77), 차이 17건 → 복구 시작
[2025-12-14T00:24:36.099Z] [rent] 강원특별자치도 춘천시 2025-12: API(104) > DB(102), 차이 2건 → 복구 시작
[2025-12-14T00:24:39.442Z] [deal] 강원특별자치도 평창군 2025-12: API(6) > DB(4), 차이 2건 → 복구 시작
[2025-12-14T00:24:40.625Z] [deal] 강원특별자치도 홍천군 2025-12: API(11) > DB(8), 차이 3건 → 복구 시작
[2025-12-14T00:24:44.289Z] [deal] 전북특별자치도 고창군 2025-12: API(4) > DB(3), 차이 1건 → 복구 시작
[2025-12-14T00:24:45.157Z] [deal] 전북특별자치도 군산시 2025-12: API(51) > DB(39), 차이 12건 → 복구 시작
[2025-12-14T00:24:46.801Z] [rent] 전북특별자치도 군산시 2025-12: API(369) > DB(332), 차이 37건 → 복구 시작
[2025-12-14T00:24:55.059Z] [rent] 전북특별자치도 김제시 2025-12: API(29) > DB(28), 차이 1건 → 복구 시작
[2025-12-14T00:24:56.426Z] [rent] 전북특별자치도 남원시 2025-12: API(31) > DB(29), 차이 2건 → 복구 시작
[2025-12-14T00:24:57.701Z] [rent] 전북특별자치도 무주군 2025-12: API(1) > DB(0), 차이 1건 → 복구 시작
[2025-12-14T00:24:58.205Z] [deal] 전북특별자치도 부안군 2025-12: API(2) > DB(1), 차이 1건 → 복구 시작
[2025-12-14T00:24:59.550Z] [deal] 전북특별자치도 완주군 2025-12: API(29) > DB(22), 차이 7건 → 복구 시작
[2025-12-14T00:25:00.899Z] [deal] 전북특별자치도 익산시 2025-12: API(72) > DB(45), 차이 27건 → 복구 시작
[2025-12-14T00:25:02.816Z] [rent] 전북특별자치도 익산시 2025-12: API(125) > DB(112), 차이 13건 → 복구 시작
[2025-12-14T00:25:07.835Z] [deal] 전북특별자치도 전주시 덕진구 2025-12: API(117) > DB(88), 차이 29건 → 복구 시작
[2025-12-14T00:25:11.113Z] [deal] 전북특별자치도 전주시 완산구 2025-12: API(113) > DB(90), 차이 23건 → 복구 시작
[2025-12-14T00:25:14.083Z] [rent] 전북특별자치도 전주시 완산구 2025-12: API(57) > DB(56), 차이 1건 → 복구 시작
[2025-12-14T00:25:15.594Z] [deal] 전북특별자치도 정읍시 2025-12: API(19) > DB(16), 차이 3건 → 복구 시작
[2025-12-14T00:25:16.448Z] [rent] 전북특별자치도 정읍시 2025-12: API(8) > DB(7), 차이 1건 → 복구 시작
[2025-12-14T00:25:19.496Z] [deal] 서울특별시 강남구 2025-11: API(225) > DB(217), 차이 8건 → 복구 시작
[2025-12-14T00:25:25.497Z] [rent] 서울특별시 강남구 2025-11: API(1834) > DB(1768), 차이 66건 → 복구 시작
[2025-12-14T00:26:03.571Z] [deal] 서울특별시 강동구 2025-11: API(81) > DB(72), 차이 9건 → 복구 시작
[2025-12-14T00:26:05.914Z] [rent] 서울특별시 강동구 2025-11: API(1161) > DB(1117), 차이 44건 → 복구 시작
[2025-12-14T00:26:29.407Z] [deal] 서울특별시 강북구 2025-11: API(59) > DB(57), 차이 2건 → 복구 시작
[2025-12-14T00:26:31.307Z] [rent] 서울특별시 강북구 2025-11: API(197) > DB(190), 차이 7건 → 복구 시작
[2025-12-14T00:26:35.339Z] [deal] 서울특별시 강서구 2025-11: API(130) > DB(121), 차이 9건 → 복구 시작
[2025-12-14T00:26:38.569Z] [rent] 서울특별시 강서구 2025-11: API(969) > DB(927), 차이 42건 → 복구 시작
[2025-12-14T00:26:58.158Z] [deal] 서울특별시 관악구 2025-11: API(86) > DB(82), 차이 4건 → 복구 시작
[2025-12-14T00:27:00.658Z] [rent] 서울특별시 관악구 2025-11: API(402) > DB(381), 차이 21건 → 복구 시작
[2025-12-14T00:27:10.295Z] [deal] 서울특별시 광진구 2025-11: API(26) > DB(25), 차이 1건 → 복구 시작
[2025-12-14T00:27:11.489Z] [rent] 서울특별시 광진구 2025-11: API(454) > DB(433), 차이 21건 → 복구 시작
[2025-12-14T00:27:20.446Z] [deal] 서울특별시 구로구 2025-11: API(140) > DB(135), 차이 5건 → 복구 시작
[2025-12-14T00:27:23.868Z] [rent] 서울특별시 구로구 2025-11: API(593) > DB(564), 차이 29건 → 복구 시작
[2025-12-14T00:27:35.803Z] [deal] 서울특별시 금천구 2025-11: API(50) > DB(47), 차이 3건 → 복구 시작
[2025-12-14T00:27:37.663Z] [rent] 서울특별시 금천구 2025-11: API(208) > DB(198), 차이 10건 → 복구 시작
[2025-12-14T00:27:42.142Z] [deal] 서울특별시 노원구 2025-11: API(170) > DB(159), 차이 11건 → 복구 시작
[2025-12-14T00:27:46.858Z] [rent] 서울특별시 노원구 2025-11: API(1393) > DB(1348), 차이 45건 → 복구 시작
[2025-12-14T00:28:17.775Z] [deal] 서울특별시 도봉구 2025-11: API(90) > DB(85), 차이 5건 → 복구 시작
[2025-12-14T00:28:19.927Z] [rent] 서울특별시 도봉구 2025-11: API(386) > DB(366), 차이 20건 → 복구 시작
[2025-12-14T00:28:27.741Z] [deal] 서울특별시 동대문구 2025-11: API(125) > DB(119), 차이 6건 → 복구 시작
[2025-12-14T00:28:31.322Z] [rent] 서울특별시 동대문구 2025-11: API(561) > DB(533), 차이 28건 → 복구 시작
[2025-12-14T00:28:44.979Z] [deal] 서울특별시 동작구 2025-11: API(58) > DB(51), 차이 7건 → 복구 시작
[2025-12-14T00:28:46.668Z] [rent] 서울특별시 동작구 2025-11: API(569) > DB(544), 차이 25건 → 복구 시작
[2025-12-14T00:28:58.589Z] [deal] 서울특별시 마포구 2025-11: API(65) > DB(59), 차이 6건 → 복구 시작
[2025-12-14T00:29:01.375Z] [rent] 서울특별시 마포구 2025-11: API(877) > DB(840), 차이 37건 → 복구 시작
[2025-12-14T00:29:21.622Z] [deal] 서울특별시 서대문구 2025-11: API(117) > DB(109), 차이 8건 → 복구 시작
[2025-12-14T00:29:25.925Z] [rent] 서울특별시 서대문구 2025-11: API(575) > DB(550), 차이 25건 → 복구 시작
[2025-12-14T00:29:38.784Z] [deal] 서울특별시 서초구 2025-11: API(181) > DB(164), 차이 17건 → 복구 시작
[2025-12-14T00:29:43.823Z] [rent] 서울특별시 서초구 2025-11: API(1227) > DB(1186), 차이 41건 → 복구 시작
[2025-12-14T00:30:12.602Z] [deal] 서울특별시 성동구 2025-11: API(50) > DB(47), 차이 3건 → 복구 시작
[2025-12-14T00:30:15.883Z] [rent] 서울특별시 성동구 2025-11: API(780) > DB(741), 차이 39건 → 복구 시작
[2025-12-14T00:30:39.641Z] [deal] 서울특별시 성북구 2025-11: API(175) > DB(158), 차이 17건 → 복구 시작
[2025-12-14T00:30:44.063Z] [rent] 서울특별시 성북구 2025-11: API(638) > DB(618), 차이 20건 → 복구 시작
[2025-12-14T00:30:58.656Z] [deal] 서울특별시 송파구 2025-11: API(373) > DB(345), 차이 28건 → 복구 시작
[2025-12-14T00:31:07.250Z] [rent] 서울특별시 송파구 2025-11: API(1507) > DB(1470), 차이 37건 → 복구 시작
[2025-12-14T00:31:38.391Z] [deal] 서울특별시 양천구 2025-11: API(148) > DB(144), 차이 4건 → 복구 시작
[2025-12-14T00:31:41.831Z] [rent] 서울특별시 양천구 2025-11: API(907) > DB(882), 차이 25건 → 복구 시작
[2025-12-14T00:32:00.329Z] [deal] 서울특별시 영등포구 2025-11: API(86) > DB(79), 차이 7건 → 복구 시작
[2025-12-14T00:32:02.578Z] [rent] 서울특별시 영등포구 2025-11: API(772) > DB(728), 차이 44건 → 복구 시작
[2025-12-14T00:32:19.647Z] [deal] 서울특별시 용산구 2025-11: API(86) > DB(80), 차이 6건 → 복구 시작
[2025-12-14T00:32:22.112Z] [rent] 서울특별시 용산구 2025-11: API(368) > DB(354), 차이 14건 → 복구 시작
[2025-12-14T00:32:30.113Z] [deal] 서울특별시 은평구 2025-11: API(159) > DB(144), 차이 15건 → 복구 시작
[2025-12-14T00:32:33.784Z] [rent] 서울특별시 은평구 2025-11: API(553) > DB(528), 차이 25건 → 복구 시작
[2025-12-14T00:32:44.745Z] [deal] 서울특별시 종로구 2025-11: API(15) > DB(13), 차이 2건 → 복구 시작
[2025-12-14T00:32:45.592Z] [rent] 서울특별시 종로구 2025-11: API(171) > DB(162), 차이 9건 → 복구 시작
[2025-12-14T00:32:49.036Z] [deal] 서울특별시 중구 2025-11: API(26) > DB(24), 차이 2건 → 복구 시작
[2025-12-14T00:32:50.002Z] [rent] 서울특별시 중구 2025-11: API(234) > DB(222), 차이 12건 → 복구 시작
[2025-12-14T00:32:55.006Z] [deal] 서울특별시 중랑구 2025-11: API(88) > DB(83), 차이 5건 → 복구 시작
[2025-12-14T00:32:57.813Z] [rent] 서울특별시 중랑구 2025-11: API(556) > DB(518), 차이 38건 → 복구 시작
[2025-12-14T00:33:10.637Z] [deal] 경기도 가평군 2025-11: API(29) > DB(25), 차이 4건 → 복구 시작
[2025-12-14T00:33:12.149Z] [rent] 경기도 가평군 2025-11: API(47) > DB(43), 차이 4건 → 복구 시작
[2025-12-14T00:33:14.170Z] [deal] 경기도 고양시 덕양구 2025-11: API(413) > DB(396), 차이 17건 → 복구 시작
[2025-12-14T00:33:24.124Z] [rent] 경기도 고양시 덕양구 2025-11: API(975) > DB(909), 차이 66건 → 복구 시작
[2025-12-14T00:33:43.887Z] [deal] 경기도 고양시 일산동구 2025-11: API(200) > DB(191), 차이 9건 → 복구 시작
[2025-12-14T00:33:49.135Z] [rent] 경기도 고양시 일산동구 2025-11: API(553) > DB(536), 차이 17건 → 복구 시작
[2025-12-14T00:34:01.670Z] [deal] 경기도 고양시 일산서구 2025-11: API(264) > DB(255), 차이 9건 → 복구 시작
[2025-12-14T00:34:08.902Z] [rent] 경기도 고양시 일산서구 2025-11: API(580) > DB(556), 차이 24건 → 복구 시작
[2025-12-14T00:34:21.031Z] [deal] 경기도 과천시 2025-11: API(5) > DB(4), 차이 1건 → 복구 시작
[2025-12-14T00:34:21.757Z] [rent] 경기도 과천시 2025-11: API(190) > DB(188), 차이 2건 → 복구 시작
[2025-12-14T00:34:25.789Z] [deal] 경기도 광명시 2025-11: API(154) > DB(137), 차이 17건 → 복구 시작
[2025-12-14T00:34:29.581Z] [rent] 경기도 광명시 2025-11: API(634) > DB(613), 차이 21건 → 복구 시작
[2025-12-14T00:34:42.368Z] [deal] 경기도 광주시 2025-11: API(247) > DB(235), 차이 12건 → 복구 시작
[2025-12-14T00:34:48.054Z] [rent] 경기도 광주시 2025-11: API(269) > DB(262), 차이 7건 → 복구 시작
[2025-12-14T00:34:54.039Z] [deal] 경기도 구리시 2025-11: API(332) > DB(325), 차이 7건 → 복구 시작
[2025-12-14T00:35:01.656Z] [rent] 경기도 구리시 2025-11: API(327) > DB(308), 차이 19건 → 복구 시작
[2025-12-14T00:35:09.221Z] [deal] 경기도 군포시 2025-11: API(353) > DB(345), 차이 8건 → 복구 시작
[2025-12-14T00:35:18.280Z] [rent] 경기도 군포시 2025-11: API(418) > DB(194), 차이 224건 → 복구 시작
[2025-12-14T00:35:27.868Z] [deal] 경기도 김포시 2025-11: API(402) > DB(377), 차이 25건 → 복구 시작
[2025-12-14T00:35:37.111Z] [rent] 경기도 김포시 2025-11: API(907) > DB(860), 차이 47건 → 복구 시작
[2025-12-14T00:35:56.448Z] [deal] 경기도 남양주시 2025-11: API(720) > DB(696), 차이 24건 → 복구 시작
[2025-12-14T00:36:12.341Z] [rent] 경기도 남양주시 2025-11: API(2477) > DB(2378), 차이 99건 → 복구 시작
[2025-12-14T00:37:08.180Z] [rent] 경기도 동두천시 2025-11: API(134) > DB(127), 차이 7건 → 복구 시작
[2025-12-14T00:37:11.972Z] [deal] 경기도 부천시 소사구  2025-11: API(208) > DB(192), 차이 16건 → 복구 시작
[2025-12-14T00:37:17.973Z] [rent] 경기도 부천시 소사구  2025-11: API(259) > DB(245), 차이 14건 → 복구 시작
[2025-12-14T00:37:25.277Z] [deal] 경기도 부천시 오정구  2025-11: API(43) > DB(42), 차이 1건 → 복구 시작
[2025-12-14T00:37:27.173Z] [rent] 경기도 부천시 오정구  2025-11: API(93) > DB(88), 차이 5건 → 복구 시작
[2025-12-14T00:37:29.938Z] [deal] 경기도 부천시 원미구  2025-11: API(398) > DB(381), 차이 17건 → 복구 시작
[2025-12-14T00:37:38.778Z] [rent] 경기도 부천시 원미구  2025-11: API(596) > DB(549), 차이 47건 → 복구 시작
[2025-12-14T00:37:52.980Z] [deal] 경기도 성남시 분당구 2025-11: API(66) > DB(58), 차이 8건 → 복구 시작
[2025-12-14T00:37:54.868Z] [rent] 경기도 성남시 분당구 2025-11: API(1449) > DB(1402), 차이 47건 → 복구 시작
[2025-12-14T00:38:25.834Z] [deal] 경기도 성남시 수정구 2025-11: API(36) > DB(34), 차이 2건 → 복구 시작
[2025-12-14T00:38:27.133Z] [rent] 경기도 성남시 수정구 2025-11: API(601) > DB(579), 차이 22건 → 복구 시작
[2025-12-14T00:38:39.566Z] [deal] 경기도 성남시 중원구 2025-11: API(24) > DB(22), 차이 2건 → 복구 시작
[2025-12-14T00:38:40.531Z] [rent] 경기도 성남시 중원구 2025-11: API(219) > DB(209), 차이 10건 → 복구 시작
[2025-12-14T00:38:45.670Z] [deal] 경기도 수원시 권선구 2025-11: API(463) > DB(447), 차이 16건 → 복구 시작
[2025-12-14T00:38:55.948Z] [rent] 경기도 수원시 권선구 2025-11: API(562) > DB(537), 차이 25건 → 복구 시작
[2025-12-14T00:39:08.751Z] [deal] 경기도 수원시 영통구 2025-11: API(340) > DB(324), 차이 16건 → 복구 시작
[2025-12-14T00:39:16.925Z] [rent] 경기도 수원시 영통구 2025-11: API(938) > DB(910), 차이 28건 → 복구 시작
[2025-12-14T00:39:37.194Z] [deal] 경기도 수원시 장안구 2025-11: API(92) > DB(83), 차이 9건 → 복구 시작
[2025-12-14T00:39:39.461Z] [rent] 경기도 수원시 장안구 2025-11: API(373) > DB(365), 차이 8건 → 복구 시작
[2025-12-14T00:39:47.172Z] [deal] 경기도 수원시 팔달구 2025-11: API(102) > DB(85), 차이 17건 → 복구 시작
[2025-12-14T00:39:50.638Z] [rent] 경기도 수원시 팔달구 2025-11: API(316) > DB(306), 차이 10건 → 복구 시작
[2025-12-14T00:39:57.500Z] [deal] 경기도 시흥시 2025-11: API(488) > DB(469), 차이 19건 → 복구 시작
[2025-12-14T00:40:08.312Z] [rent] 경기도 시흥시 2025-11: API(953) > DB(905), 차이 48건 → 복구 시작
[2025-12-14T00:40:28.251Z] [deal] 경기도 안산시 단원구 2025-11: API(246) > DB(235), 차이 11건 → 복구 시작
[2025-12-14T00:40:33.784Z] [rent] 경기도 안산시 단원구 2025-11: API(376) > DB(358), 차이 18건 → 복구 시작
[2025-12-14T00:40:41.256Z] [deal] 경기도 안산시 상록구 2025-11: API(143) > DB(140), 차이 3건 → 복구 시작
[2025-12-14T00:40:44.419Z] [rent] 경기도 안산시 상록구 2025-11: API(241) > DB(233), 차이 8건 → 복구 시작
[2025-12-14T00:40:49.937Z] [deal] 경기도 안성시 2025-11: API(193) > DB(181), 차이 12건 → 복구 시작
[2025-12-14T00:40:54.623Z] [rent] 경기도 안성시 2025-11: API(473) > DB(460), 차이 13건 → 복구 시작
[2025-12-14T00:41:06.552Z] [deal] 경기도 안양시 동안구 2025-11: API(132) > DB(121), 차이 11건 → 복구 시작
[2025-12-14T00:41:10.645Z] [rent] 경기도 안양시 동안구 2025-11: API(882) > DB(833), 차이 49건 → 복구 시작
[2025-12-14T00:41:29.714Z] [deal] 경기도 안양시 만안구 2025-11: API(234) > DB(221), 차이 13건 → 복구 시작
[2025-12-14T00:41:36.273Z] [rent] 경기도 안양시 만안구 2025-11: API(222) > DB(209), 차이 13건 → 복구 시작
[2025-12-14T00:41:42.101Z] [deal] 경기도 양주시 2025-11: API(227) > DB(213), 차이 14건 → 복구 시작
[2025-12-14T00:41:48.109Z] [rent] 경기도 양주시 2025-11: API(571) > DB(381), 차이 190건 → 복구 시작
[2025-12-14T00:42:01.140Z] [deal] 경기도 양평군 2025-11: API(49) > DB(48), 차이 1건 → 복구 시작
[2025-12-14T00:42:03.343Z] [rent] 경기도 양평군 2025-11: API(82) > DB(79), 차이 3건 → 복구 시작
[2025-12-14T00:42:06.590Z] [deal] 경기도 여주시 2025-11: API(61) > DB(58), 차이 3건 → 복구 시작
[2025-12-14T00:42:08.391Z] [rent] 경기도 여주시 2025-11: API(82) > DB(78), 차이 4건 → 복구 시작
[2025-12-14T00:42:10.364Z] [deal] 경기도 연천군 2025-11: API(14) > DB(13), 차이 1건 → 복구 시작
[2025-12-14T00:42:12.278Z] [deal] 경기도 오산시 2025-11: API(239) > DB(229), 차이 10건 → 복구 시작
[2025-12-14T00:42:17.742Z] [rent] 경기도 오산시 2025-11: API(511) > DB(494), 차이 17건 → 복구 시작
[2025-12-14T00:42:28.762Z] [deal] 경기도 용인시 기흥구 2025-11: API(640) > DB(610), 차이 30건 → 복구 시작
[2025-12-14T00:42:44.930Z] [rent] 경기도 용인시 기흥구 2025-11: API(906) > DB(865), 차이 41건 → 복구 시작
[2025-12-14T00:43:04.966Z] [deal] 경기도 용인시 수지구 2025-11: API(215) > DB(197), 차이 18건 → 복구 시작
[2025-12-14T00:43:10.202Z] [rent] 경기도 용인시 수지구 2025-11: API(901) > DB(867), 차이 34건 → 복구 시작
[2025-12-14T00:43:29.905Z] [deal] 경기도 용인시 처인구 2025-11: API(196) > DB(187), 차이 9건 → 복구 시작
[2025-12-14T00:43:34.569Z] [rent] 경기도 용인시 처인구 2025-11: API(361) > DB(329), 차이 32건 → 복구 시작
[2025-12-14T00:43:42.622Z] [deal] 경기도 의왕시 2025-11: API(71) > DB(65), 차이 6건 → 복구 시작
[2025-12-14T00:43:45.018Z] [rent] 경기도 의왕시 2025-11: API(331) > DB(326), 차이 5건 → 복구 시작
[2025-12-14T00:43:52.420Z] [deal] 경기도 의정부시 2025-11: API(417) > DB(402), 차이 15건 → 복구 시작
[2025-12-14T00:44:03.241Z] [rent] 경기도 의정부시 2025-11: API(768) > DB(737), 차이 31건 → 복구 시작
[2025-12-14T00:44:19.886Z] [deal] 경기도 이천시 2025-11: API(97) > DB(96), 차이 1건 → 복구 시작
[2025-12-14T00:44:22.168Z] [rent] 경기도 이천시 2025-11: API(302) > DB(272), 차이 30건 → 복구 시작
[2025-12-14T00:44:28.936Z] [deal] 경기도 파주시 2025-11: API(411) > DB(397), 차이 14건 → 복구 시작
[2025-12-14T00:44:38.314Z] [rent] 경기도 파주시 2025-11: API(1442) > DB(1355), 차이 87건 → 복구 시작
[2025-12-14T00:45:09.082Z] [deal] 경기도 평택시 2025-11: API(586) > DB(558), 차이 28건 → 복구 시작
[2025-12-14T00:45:22.761Z] [rent] 경기도 평택시 2025-11: API(1850) > DB(1701), 차이 149건 → 복구 시작
[2025-12-14T00:46:08.430Z] [deal] 경기도 포천시 2025-11: API(64) > DB(61), 차이 3건 → 복구 시작
[2025-12-14T00:46:10.669Z] [rent] 경기도 포천시 2025-11: API(210) > DB(178), 차이 32건 → 복구 시작
[2025-12-14T00:46:16.763Z] [deal] 경기도 하남시 2025-11: API(137) > DB(129), 차이 8건 → 복구 시작
[2025-12-14T00:46:21.346Z] [rent] 경기도 하남시 2025-11: API(1062) > DB(941), 차이 121건 → 복구 시작
[2025-12-14T00:46:46.080Z] [deal] 경기도 화성시 2025-11: API(1566) > DB(1517), 차이 49건 → 복구 시작
[2025-12-14T00:47:26.994Z] [rent] 경기도 화성시 2025-11: API(3243) > DB(3038), 차이 205건 → 복구 시작
[2025-12-14T00:48:44.716Z] [deal] 부산광역시 강서구 2025-11: API(154) > DB(143), 차이 11건 → 복구 시작
[2025-12-14T00:48:48.956Z] [rent] 부산광역시 강서구 2025-11: API(617) > DB(590), 차이 27건 → 복구 시작
[2025-12-14T00:49:02.267Z] [deal] 부산광역시 금정구 2025-11: API(266) > DB(248), 차이 18건 → 복구 시작
[2025-12-14T00:49:08.918Z] [rent] 부산광역시 금정구 2025-11: API(178) > DB(174), 차이 4건 → 복구 시작
[2025-12-14T00:49:12.925Z] [deal] 부산광역시 기장군 2025-11: API(154) > DB(148), 차이 6건 → 복구 시작
[2025-12-14T00:49:16.735Z] [rent] 부산광역시 기장군 2025-11: API(240) > DB(233), 차이 7건 → 복구 시작
[2025-12-14T00:49:23.779Z] [deal] 부산광역시 남구 2025-11: API(328) > DB(313), 차이 15건 → 복구 시작
[2025-12-14T00:49:31.689Z] [rent] 부산광역시 남구 2025-11: API(295) > DB(288), 차이 7건 → 복구 시작
[2025-12-14T00:49:38.422Z] [deal] 부산광역시 동구 2025-11: API(55) > DB(53), 차이 2건 → 복구 시작
[2025-12-14T00:49:40.151Z] [rent] 부산광역시 동구 2025-11: API(97) > DB(93), 차이 4건 → 복구 시작
[2025-12-14T00:49:42.496Z] [deal] 부산광역시 동래구 2025-11: API(414) > DB(400), 차이 14건 → 복구 시작
[2025-12-14T00:49:52.041Z] [rent] 부산광역시 동래구 2025-11: API(350) > DB(333), 차이 17건 → 복구 시작
[2025-12-14T00:50:00.349Z] [deal] 부산광역시 부산진구 2025-11: API(478) > DB(464), 차이 14건 → 복구 시작
[2025-12-14T00:50:14.136Z] [rent] 부산광역시 부산진구 2025-11: API(622) > DB(606), 차이 16건 → 복구 시작
[2025-12-14T00:50:26.901Z] [deal] 부산광역시 북구 2025-11: API(342) > DB(330), 차이 12건 → 복구 시작
[2025-12-14T00:50:34.774Z] [rent] 부산광역시 북구 2025-11: API(321) > DB(306), 차이 15건 → 복구 시작
[2025-12-14T00:50:42.944Z] [deal] 부산광역시 사상구 2025-11: API(148) > DB(141), 차이 7건 → 복구 시작
[2025-12-14T00:50:48.898Z] [rent] 부산광역시 사상구 2025-11: API(191) > DB(177), 차이 14건 → 복구 시작
[2025-12-14T00:50:52.846Z] [deal] 부산광역시 사하구 2025-11: API(246) > DB(233), 차이 13건 → 복구 시작
[2025-12-14T00:50:59.260Z] [rent] 부산광역시 사하구 2025-11: API(276) > DB(270), 차이 6건 → 복구 시작
[2025-12-14T00:51:08.704Z] [deal] 부산광역시 서구 2025-11: API(83) > DB(78), 차이 5건 → 복구 시작
[2025-12-14T00:51:11.156Z] [rent] 부산광역시 서구 2025-11: API(68) > DB(65), 차이 3건 → 복구 시작
[2025-12-14T00:51:14.022Z] [deal] 부산광역시 수영구 2025-11: API(208) > DB(192), 차이 16건 → 복구 시작
[2025-12-14T00:51:19.343Z] [rent] 부산광역시 수영구 2025-11: API(227) > DB(221), 차이 6건 → 복구 시작
[2025-12-14T00:51:24.101Z] [deal] 부산광역시 연제구 2025-11: API(358) > DB(337), 차이 21건 → 복구 시작
[2025-12-14T00:51:31.401Z] [rent] 부산광역시 연제구 2025-11: API(363) > DB(352), 차이 11건 → 복구 시작
[2025-12-14T00:51:39.163Z] [deal] 부산광역시 영도구 2025-11: API(58) > DB(56), 차이 2건 → 복구 시작
[2025-12-14T00:51:42.119Z] [rent] 부산광역시 영도구 2025-11: API(99) > DB(97), 차이 2건 → 복구 시작
[2025-12-14T00:51:46.086Z] [deal] 부산광역시 해운대구 2025-11: API(482) > DB(460), 차이 22건 → 복구 시작
[2025-12-14T00:51:55.897Z] [rent] 부산광역시 해운대구 2025-11: API(609) > DB(585), 차이 24건 → 복구 시작
[2025-12-14T00:52:11.494Z] [deal] 대구광역시 남구 2025-11: API(64) > DB(59), 차이 5건 → 복구 시작
[2025-12-14T00:52:13.073Z] [rent] 대구광역시 남구 2025-11: API(104) > DB(98), 차이 6건 → 복구 시작
[2025-12-14T00:52:16.037Z] [deal] 대구광역시 달서구 2025-11: API(770) > DB(716), 차이 54건 → 복구 시작
[2025-12-14T00:52:31.635Z] [rent] 대구광역시 달서구 2025-11: API(439) > DB(422), 차이 17건 → 복구 시작
[2025-12-14T00:52:40.797Z] [deal] 대구광역시 달성군 2025-11: API(298) > DB(287), 차이 11건 → 복구 시작
[2025-12-14T00:52:47.781Z] [rent] 대구광역시 달성군 2025-11: API(505) > DB(492), 차이 13건 → 복구 시작
[2025-12-14T00:52:58.544Z] [deal] 대구광역시 동구 2025-11: API(341) > DB(332), 차이 9건 → 복구 시작
[2025-12-14T00:53:05.693Z] [rent] 대구광역시 동구 2025-11: API(491) > DB(456), 차이 35건 → 복구 시작
[2025-12-14T00:53:15.961Z] [deal] 대구광역시 북구 2025-11: API(449) > DB(433), 차이 16건 → 복구 시작
[2025-12-14T00:53:25.670Z] [rent] 대구광역시 북구 2025-11: API(399) > DB(384), 차이 15건 → 복구 시작
[2025-12-14T00:53:33.709Z] [deal] 대구광역시 서구 2025-11: API(102) > DB(92), 차이 10건 → 복구 시작
[2025-12-14T00:53:37.188Z] [rent] 대구광역시 서구 2025-11: API(302) > DB(208), 차이 94건 → 복구 시작
[2025-12-14T00:53:43.360Z] [deal] 대구광역시 수성구 2025-11: API(538) > DB(518), 차이 20건 → 복구 시작
[2025-12-14T00:53:55.126Z] [rent] 대구광역시 수성구 2025-11: API(634) > DB(604), 차이 30건 → 복구 시작
[2025-12-14T00:54:08.321Z] [deal] 대구광역시 중구 2025-11: API(231) > DB(221), 차이 10건 → 복구 시작
[2025-12-14T00:54:13.100Z] [rent] 대구광역시 중구 2025-11: API(195) > DB(189), 차이 6건 → 복구 시작
[2025-12-14T00:54:17.591Z] [deal] 인천광역시 강화군 2025-11: API(9) > DB(8), 차이 1건 → 복구 시작
[2025-12-14T00:54:18.550Z] [deal] 인천광역시 계양구 2025-11: API(228) > DB(212), 차이 16건 → 복구 시작
[2025-12-14T00:54:23.450Z] [rent] 인천광역시 계양구 2025-11: API(342) > DB(329), 차이 13건 → 복구 시작
[2025-12-14T00:54:30.317Z] [deal] 인천광역시 남동구 2025-11: API(319) > DB(309), 차이 10건 → 복구 시작
[2025-12-14T00:54:37.297Z] [rent] 인천광역시 남동구 2025-11: API(644) > DB(610), 차이 34건 → 복구 시작
[2025-12-14T00:54:50.228Z] [deal] 인천광역시 동구 2025-11: API(50) > DB(49), 차이 1건 → 복구 시작
[2025-12-14T00:54:51.616Z] [rent] 인천광역시 동구 2025-11: API(61) > DB(57), 차이 4건 → 복구 시작
[2025-12-14T00:54:53.162Z] [deal] 인천광역시 미추홀구 2025-11: API(240) > DB(232), 차이 8건 → 복구 시작
[2025-12-14T00:54:58.296Z] [rent] 인천광역시 미추홀구 2025-11: API(377) > DB(364), 차이 13건 → 복구 시작
[2025-12-14T00:55:06.527Z] [deal] 인천광역시 부평구 2025-11: API(375) > DB(361), 차이 14건 → 복구 시작
[2025-12-14T00:55:15.868Z] [rent] 인천광역시 부평구 2025-11: API(723) > DB(696), 차이 27건 → 복구 시작
[2025-12-14T00:55:32.091Z] [deal] 인천광역시 서구 2025-11: API(593) > DB(577), 차이 16건 → 복구 시작
[2025-12-14T00:55:53.340Z] [rent] 인천광역시 서구 2025-11: API(1058) > DB(1000), 차이 58건 → 복구 시작
[2025-12-14T00:56:17.012Z] [deal] 인천광역시 연수구 2025-11: API(502) > DB(484), 차이 18건 → 복구 시작
[2025-12-14T00:56:28.288Z] [rent] 인천광역시 연수구 2025-11: API(1027) > DB(983), 차이 44건 → 복구 시작
[2025-12-14T00:56:49.984Z] [deal] 인천광역시 중구 2025-11: API(159) > DB(153), 차이 6건 → 복구 시작
[2025-12-14T00:56:53.465Z] [rent] 인천광역시 중구 2025-11: API(355) > DB(339), 차이 16건 → 복구 시작
[2025-12-14T00:57:01.892Z] [deal] 광주광역시 광산구 2025-11: API(413) > DB(399), 차이 14건 → 복구 시작
[2025-12-14T00:57:11.218Z] [rent] 광주광역시 광산구 2025-11: API(485) > DB(469), 차이 16건 → 복구 시작
[2025-12-14T00:57:20.770Z] [deal] 광주광역시 남구 2025-11: API(239) > DB(229), 차이 10건 → 복구 시작
[2025-12-14T00:57:25.938Z] [rent] 광주광역시 남구 2025-11: API(246) > DB(241), 차이 5건 → 복구 시작
[2025-12-14T00:57:31.093Z] [deal] 광주광역시 동구 2025-11: API(103) > DB(100), 차이 3건 → 복구 시작
[2025-12-14T00:57:33.710Z] [rent] 광주광역시 동구 2025-11: API(131) > DB(123), 차이 8건 → 복구 시작
[2025-12-14T00:57:36.652Z] [deal] 광주광역시 북구 2025-11: API(453) > DB(437), 차이 16건 → 복구 시작
[2025-12-14T00:57:46.101Z] [rent] 광주광역시 북구 2025-11: API(413) > DB(402), 차이 11건 → 복구 시작
[2025-12-14T00:57:54.796Z] [deal] 광주광역시 서구 2025-11: API(283) > DB(275), 차이 8건 → 복구 시작
[2025-12-14T00:58:00.740Z] [rent] 광주광역시 서구 2025-11: API(301) > DB(285), 차이 16건 → 복구 시작
[2025-12-14T00:58:08.763Z] [deal] 대전광역시 대덕구 2025-11: API(153) > DB(143), 차이 10건 → 복구 시작
[2025-12-14T00:58:12.494Z] [rent] 대전광역시 대덕구 2025-11: API(138) > DB(125), 차이 13건 → 복구 시작
[2025-12-14T00:58:15.581Z] [deal] 대전광역시 동구 2025-11: API(186) > DB(180), 차이 6건 → 복구 시작
[2025-12-14T00:58:19.575Z] [rent] 대전광역시 동구 2025-11: API(180) > DB(166), 차이 14건 → 복구 시작
[2025-12-14T00:58:23.296Z] [deal] 대전광역시 서구 2025-11: API(560) > DB(538), 차이 22건 → 복구 시작
[2025-12-14T00:58:35.313Z] [rent] 대전광역시 서구 2025-11: API(846) > DB(788), 차이 58건 → 복구 시작
[2025-12-14T00:58:52.757Z] [deal] 대전광역시 유성구 2025-11: API(471) > DB(454), 차이 17건 → 복구 시작
[2025-12-14T00:59:03.690Z] [rent] 대전광역시 유성구 2025-11: API(827) > DB(796), 차이 31건 → 복구 시작
[2025-12-14T00:59:22.232Z] [deal] 대전광역시 중구 2025-11: API(174) > DB(171), 차이 3건 → 복구 시작
[2025-12-14T00:59:26.178Z] [rent] 대전광역시 중구 2025-11: API(269) > DB(249), 차이 20건 → 복구 시작
[2025-12-14T00:59:32.447Z] [deal] 울산광역시 남구 2025-11: API(500) > DB(483), 차이 17건 → 복구 시작
[2025-12-14T00:59:43.368Z] [rent] 울산광역시 남구 2025-11: API(281) > DB(274), 차이 7건 → 복구 시작
[2025-12-14T00:59:49.832Z] [deal] 울산광역시 동구 2025-11: API(164) > DB(161), 차이 3건 → 복구 시작
[2025-12-14T00:59:53.391Z] [rent] 울산광역시 동구 2025-11: API(150) > DB(145), 차이 5건 → 복구 시작
[2025-12-14T00:59:56.872Z] [deal] 울산광역시 북구 2025-11: API(296) > DB(292), 차이 4건 → 복구 시작
[2025-12-14T01:00:03.536Z] [rent] 울산광역시 북구 2025-11: API(213) > DB(203), 차이 10건 → 복구 시작
[2025-12-14T01:00:14.069Z] [deal] 울산광역시 울주군 2025-11: API(243) > DB(239), 차이 4건 → 복구 시작
[2025-12-14T01:00:24.078Z] [rent] 울산광역시 울주군 2025-11: API(118) > DB(115), 차이 3건 → 복구 시작
[2025-12-14T01:00:32.018Z] [deal] 울산광역시 중구 2025-11: API(222) > DB(215), 차이 7건 → 복구 시작
[2025-12-14T01:00:41.707Z] [rent] 울산광역시 중구 2025-11: API(165) > DB(150), 차이 15건 → 복구 시작
[2025-12-14T01:00:46.972Z] [deal] 세종특별자치시 2025-11: API(515) > DB(497), 차이 18건 → 복구 시작
[2025-12-14T01:00:59.512Z] [rent] 세종특별자치시 2025-11: API(1352) > DB(1298), 차이 54건 → 복구 시작
[2025-12-14T01:01:40.561Z] [rent] 충청북도 괴산군 2025-11: API(3) > DB(2), 차이 1건 → 복구 시작
[2025-12-14T01:01:41.675Z] [deal] 충청북도 단양군 2025-11: API(11) > DB(10), 차이 1건 → 복구 시작
[2025-12-14T01:01:47.546Z] [deal] 충청북도 음성군 2025-11: API(86) > DB(79), 차이 7건 → 복구 시작
[2025-12-14T01:01:51.706Z] [rent] 충청북도 음성군 2025-11: API(72) > DB(69), 차이 3건 → 복구 시작
[2025-12-14T01:01:53.418Z] [deal] 충청북도 제천시 2025-11: API(150) > DB(141), 차이 9건 → 복구 시작
[2025-12-14T01:01:58.855Z] [rent] 충청북도 제천시 2025-11: API(91) > DB(84), 차이 7건 → 복구 시작
[2025-12-14T01:02:01.907Z] [deal] 충청북도 증평군 2025-11: API(33) > DB(32), 차이 1건 → 복구 시작
[2025-12-14T01:02:03.776Z] [rent] 충청북도 진천군 2025-11: API(170) > DB(158), 차이 12건 → 복구 시작
[2025-12-14T01:02:08.343Z] [deal] 충청북도 청주시 상당구 2025-11: API(237) > DB(228), 차이 9건 → 복구 시작
[2025-12-14T01:02:14.501Z] [rent] 충청북도 청주시 상당구 2025-11: API(219) > DB(204), 차이 15건 → 복구 시작
[2025-12-14T01:02:19.841Z] [deal] 충청북도 청주시 서원구 2025-11: API(233) > DB(229), 차이 4건 → 복구 시작
[2025-12-14T01:02:25.217Z] [rent] 충청북도 청주시 서원구 2025-11: API(288) > DB(275), 차이 13건 → 복구 시작
[2025-12-14T01:02:31.927Z] [deal] 충청북도 청주시 청원구 2025-11: API(233) > DB(226), 차이 7건 → 복구 시작
[2025-12-14T01:02:37.320Z] [rent] 충청북도 청주시 청원구 2025-11: API(304) > DB(290), 차이 14건 → 복구 시작
[2025-12-14T01:02:44.579Z] [deal] 충청북도 청주시 흥덕구 2025-11: API(422) > DB(411), 차이 11건 → 복구 시작
[2025-12-14T01:02:54.052Z] [rent] 충청북도 청주시 흥덕구 2025-11: API(447) > DB(430), 차이 17건 → 복구 시작
[2025-12-14T01:03:06.998Z] [deal] 충청북도 충주시 2025-11: API(229) > DB(221), 차이 8건 → 복구 시작
[2025-12-14T01:03:16.542Z] [rent] 충청북도 충주시 2025-11: API(261) > DB(256), 차이 5건 → 복구 시작
[2025-12-14T01:03:24.876Z] [deal] 충청남도 계룡시 2025-11: API(67) > DB(63), 차이 4건 → 복구 시작
[2025-12-14T01:03:26.708Z] [rent] 충청남도 계룡시 2025-11: API(79) > DB(72), 차이 7건 → 복구 시작
[2025-12-14T01:03:28.744Z] [deal] 충청남도 공주시 2025-11: API(58) > DB(55), 차이 3건 → 복구 시작
[2025-12-14T01:03:31.174Z] [rent] 충청남도 공주시 2025-11: API(68) > DB(66), 차이 2건 → 복구 시작
[2025-12-14T01:03:35.625Z] [rent] 충청남도 금산군 2025-11: API(20) > DB(19), 차이 1건 → 복구 시작
[2025-12-14T01:03:36.920Z] [deal] 충청남도 논산시 2025-11: API(154) > DB(83), 차이 71건 → 복구 시작
[2025-12-14T01:03:45.101Z] [rent] 충청남도 논산시 2025-11: API(29) > DB(23), 차이 6건 → 복구 시작
[2025-12-14T01:03:46.357Z] [deal] 충청남도 당진시 2025-11: API(221) > DB(218), 차이 3건 → 복구 시작
[2025-12-14T01:03:51.408Z] [rent] 충청남도 당진시 2025-11: API(176) > DB(165), 차이 11건 → 복구 시작
[2025-12-14T01:03:57.054Z] [deal] 충청남도 서산시 2025-11: API(212) > DB(210), 차이 2건 → 복구 시작
[2025-12-14T01:04:02.319Z] [rent] 충청남도 서산시 2025-11: API(143) > DB(138), 차이 5건 → 복구 시작
[2025-12-14T01:20:13.166Z] [deal] 충청남도 서천군 2025-11: API(19) > DB(18), 차이 1건 → 복구 시작
[2025-12-14T01:20:14.075Z] [rent] 충청남도 서천군 2025-11: API(41) > DB(31), 차이 10건 → 복구 시작
[2025-12-14T01:20:16.332Z] [deal] 충청남도 아산시 2025-11: API(488) > DB(469), 차이 19건 → 복구 시작
[2025-12-14T01:20:28.751Z] [rent] 충청남도 아산시 2025-11: API(893) > DB(795), 차이 98건 → 복구 시작
[2025-12-14T01:20:51.690Z] [deal] 충청남도 예산군 2025-11: API(55) > DB(53), 차이 2건 → 복구 시작
[2025-12-14T01:20:53.468Z] [rent] 충청남도 예산군 2025-11: API(25) > DB(24), 차이 1건 → 복구 시작
[2025-12-14T01:20:55.205Z] [deal] 충청남도 천안시 동남구 2025-11: API(265) > DB(261), 차이 4건 → 복구 시작
[2025-12-14T01:21:01.346Z] [rent] 충청남도 천안시 동남구 2025-11: API(382) > DB(356), 차이 26건 → 복구 시작
[2025-12-14T01:21:09.645Z] [deal] 충청남도 천안시 서북구 2025-11: API(553) > DB(536), 차이 17건 → 복구 시작
[2025-12-14T01:21:22.583Z] [rent] 충청남도 천안시 서북구 2025-11: API(770) > DB(709), 차이 61건 → 복구 시작
[2025-12-14T01:21:39.109Z] [deal] 충청남도 태안군 2025-11: API(28) > DB(26), 차이 2건 → 복구 시작
[2025-12-14T01:21:40.935Z] [deal] 충청남도 홍성군 2025-11: API(90) > DB(89), 차이 1건 → 복구 시작
[2025-12-14T01:21:42.909Z] [rent] 충청남도 홍성군 2025-11: API(128) > DB(122), 차이 6건 → 복구 시작
[2025-12-14T01:21:46.818Z] [deal] 전라남도 강진군 2025-11: API(3) > DB(2), 차이 1건 → 복구 시작
[2025-12-14T01:21:48.639Z] [rent] 전라남도 곡성군 2025-11: API(3) > DB(2), 차이 1건 → 복구 시작
[2025-12-14T01:21:49.244Z] [deal] 전라남도 광양시 2025-11: API(206) > DB(203), 차이 3건 → 복구 시작
[2025-12-14T01:21:54.703Z] [rent] 전라남도 광양시 2025-11: API(263) > DB(252), 차이 11건 → 복구 시작
[2025-12-14T01:39:26.705Z] [rent] 전라남도 나주시 2025-11: API(236) > DB(226), 차이 10건 → 복구 시작
[2025-12-14T01:39:32.384Z] [deal] 전라남도 목포시 2025-11: API(222) > DB(210), 차이 12건 → 복구 시작
[2025-12-14T01:39:37.312Z] [rent] 전라남도 목포시 2025-11: API(265) > DB(252), 차이 13건 → 복구 시작
[2025-12-14T01:39:43.205Z] [deal] 전라남도 무안군 2025-11: API(114) > DB(112), 차이 2건 → 복구 시작
[2025-12-14T01:39:49.749Z] [rent] 전라남도 무안군 2025-11: API(101) > DB(95), 차이 6건 → 복구 시작
[2025-12-14T01:39:54.315Z] [deal] 전라남도 순천시 2025-11: API(338) > DB(330), 차이 8건 → 복구 시작
[2025-12-14T01:40:02.093Z] [rent] 전라남도 순천시 2025-11: API(503) > DB(449), 차이 54건 → 복구 시작
[2025-12-14T01:56:24.691Z] [deal] 전라남도 여수시 2025-11: API(151) > DB(141), 차이 10건 → 복구 시작
[2025-12-14T01:56:28.694Z] [rent] 전라남도 여수시 2025-11: API(868) > DB(768), 차이 100건 → 복구 시작
[2025-12-14T01:56:50.444Z] [deal] 전라남도 영광군 2025-11: API(34) > DB(33), 차이 1건 → 복구 시작
[2025-12-14T01:56:51.997Z] [rent] 전라남도 영광군 2025-11: API(17) > DB(16), 차이 1건 → 복구 시작
[2025-12-14T01:56:52.801Z] [deal] 전라남도 영암군 2025-11: API(38) > DB(37), 차이 1건 → 복구 시작
[2025-12-14T01:56:55.748Z] [deal] 전라남도 완도군 2025-11: API(5) > DB(4), 차이 1건 → 복구 시작
[2025-12-14T01:56:58.027Z] [rent] 전라남도 장성군 2025-11: API(93) > DB(39), 차이 54건 → 복구 시작
[2025-12-14T01:57:04.009Z] [rent] 전라남도 해남군 2025-11: API(23) > DB(19), 차이 4건 → 복구 시작
[2025-12-14T01:57:06.659Z] [rent] 전라남도 화순군 2025-11: API(92) > DB(90), 차이 2건 → 복구 시작
[2025-12-14T01:57:10.230Z] [deal] 경상북도 경산시 2025-11: API(277) > DB(274), 차이 3건 → 복구 시작
[2025-12-14T01:57:17.781Z] [rent] 경상북도 경산시 2025-11: API(274) > DB(265), 차이 9건 → 복구 시작
[2025-12-14T01:57:23.220Z] [deal] 경상북도 경주시 2025-11: API(169) > DB(165), 차이 4건 → 복구 시작
[2025-12-14T01:57:28.220Z] [rent] 경상북도 경주시 2025-11: API(223) > DB(218), 차이 5건 → 복구 시작
[2025-12-14T01:57:32.763Z] [deal] 경상북도 고령군 2025-11: API(11) > DB(10), 차이 1건 → 복구 시작
[2025-12-14T01:57:33.805Z] [deal] 경상북도 구미시 2025-11: API(500) > DB(488), 차이 12건 → 복구 시작
[2025-12-14T01:57:44.029Z] [rent] 경상북도 구미시 2025-11: API(1023) > DB(520), 차이 503건 → 복구 시작
[2025-12-14T01:58:03.851Z] [deal] 경상북도 김천시 2025-11: API(124) > DB(123), 차이 1건 → 복구 시작
[2025-12-14T01:58:07.032Z] [rent] 경상북도 김천시 2025-11: API(246) > DB(228), 차이 18건 → 복구 시작
[2025-12-14T01:58:13.798Z] [deal] 경상북도 상주시 2025-11: API(33) > DB(32), 차이 1건 → 복구 시작
[2025-12-14T01:58:17.027Z] [deal] 경상북도 안동시 2025-11: API(136) > DB(130), 차이 6건 → 복구 시작
[2025-12-14T01:58:20.093Z] [rent] 경상북도 안동시 2025-11: API(46) > DB(45), 차이 1건 → 복구 시작
[2025-12-14T01:58:23.255Z] [deal] 경상북도 영주시 2025-11: API(64) > DB(62), 차이 2건 → 복구 시작
[2025-12-14T01:58:24.773Z] [rent] 경상북도 영주시 2025-11: API(38) > DB(37), 차이 1건 → 복구 시작
[2025-12-14T01:58:26.357Z] [rent] 경상북도 영천시 2025-11: API(37) > DB(34), 차이 3건 → 복구 시작
[2025-12-14T01:58:27.543Z] [deal] 경상북도 예천군 2025-11: API(47) > DB(45), 차이 2건 → 복구 시작
[2025-12-14T01:58:31.709Z] [deal] 경상북도 칠곡군 2025-11: API(75) > DB(73), 차이 2건 → 복구 시작
[2025-12-14T01:58:34.390Z] [deal] 경상북도 포항시 남구 2025-11: API(125) > DB(124), 차이 1건 → 복구 시작
[2025-12-14T01:58:37.200Z] [rent] 경상북도 포항시 남구 2025-11: API(220) > DB(213), 차이 7건 → 복구 시작
[2025-12-14T01:58:41.764Z] [deal] 경상북도 포항시 북구 2025-11: API(284) > DB(276), 차이 8건 → 복구 시작
[2025-12-14T01:58:47.750Z] [rent] 경상북도 포항시 북구 2025-11: API(334) > DB(316), 차이 18건 → 복구 시작
[2025-12-14T01:58:55.437Z] [deal] 경상남도 거제시 2025-11: API(198) > DB(194), 차이 4건 → 복구 시작
[2025-12-14T01:58:59.722Z] [rent] 경상남도 거제시 2025-11: API(308) > DB(297), 차이 11건 → 복구 시작
[2025-12-14T01:59:07.338Z] [deal] 경상남도 거창군 2025-11: API(43) > DB(40), 차이 3건 → 복구 시작
[2025-12-14T01:59:09.684Z] [deal] 경상남도 김해시 2025-11: API(626) > DB(611), 차이 15건 → 복구 시작
[2025-12-14T01:59:23.783Z] [rent] 경상남도 김해시 2025-11: API(716) > DB(687), 차이 29건 → 복구 시작
[2025-12-14T01:59:40.760Z] [deal] 경상남도 밀양시 2025-11: API(65) > DB(64), 차이 1건 → 복구 시작
[2025-12-14T01:59:43.540Z] [rent] 경상남도 밀양시 2025-11: API(35) > DB(33), 차이 2건 → 복구 시작
[2025-12-14T01:59:44.650Z] [deal] 경상남도 사천시 2025-11: API(288) > DB(140), 차이 148건 → 복구 시작
[2025-12-14T01:59:50.360Z] [rent] 경상남도 사천시 2025-11: API(117) > DB(108), 차이 9건 → 복구 시작
[2025-12-14T01:59:53.207Z] [deal] 경상남도 산청군 2025-11: API(5) > DB(4), 차이 1건 → 복구 시작
[2025-12-14T01:59:54.261Z] [deal] 경상남도 양산시 2025-11: API(508) > DB(496), 차이 12건 → 복구 시작
[2025-12-14T02:00:05.492Z] [rent] 경상남도 양산시 2025-11: API(454) > DB(437), 차이 17건 → 복구 시작
[2025-12-14T02:00:18.910Z] [deal] 경상남도 진주시 2025-11: API(434) > DB(418), 차이 16건 → 복구 시작
[2025-12-14T02:00:28.849Z] [rent] 경상남도 진주시 2025-11: API(244) > DB(238), 차이 6건 → 복구 시작
[2025-12-14T02:00:34.483Z] [deal] 경상남도 창녕군 2025-11: API(18) > DB(17), 차이 1건 → 복구 시작
[2025-12-14T02:00:36.403Z] [deal] 경상남도 창원시 마산합포구 2025-11: API(195) > DB(193), 차이 2건 → 복구 시작
[2025-12-14T02:00:42.548Z] [rent] 경상남도 창원시 마산합포구 2025-11: API(184) > DB(177), 차이 7건 → 복구 시작
[2025-12-14T02:00:49.772Z] [deal] 경상남도 창원시 마산회원구 2025-11: API(162) > DB(157), 차이 5건 → 복구 시작
[2025-12-14T02:00:55.194Z] [rent] 경상남도 창원시 마산회원구 2025-11: API(110) > DB(105), 차이 5건 → 복구 시작
[2025-12-14T02:00:58.781Z] [deal] 경상남도 창원시 성산구 2025-11: API(470) > DB(458), 차이 12건 → 복구 시작
[2025-12-14T02:01:10.182Z] [rent] 경상남도 창원시 성산구 2025-11: API(421) > DB(403), 차이 18건 → 복구 시작
[2025-12-14T02:01:22.077Z] [deal] 경상남도 창원시 의창구 2025-11: API(169) > DB(163), 차이 6건 → 복구 시작
[2025-12-14T02:01:25.717Z] [rent] 경상남도 창원시 의창구 2025-11: API(186) > DB(174), 차이 12건 → 복구 시작
[2025-12-14T02:01:31.048Z] [deal] 경상남도 창원시 진해구 2025-11: API(141) > DB(138), 차이 3건 → 복구 시작
[2025-12-14T02:01:35.119Z] [rent] 경상남도 창원시 진해구 2025-11: API(375) > DB(366), 차이 9건 → 복구 시작
[2025-12-14T02:01:43.405Z] [deal] 경상남도 통영시 2025-11: API(64) > DB(61), 차이 3건 → 복구 시작
[2025-12-14T02:01:45.466Z] [rent] 경상남도 통영시 2025-11: API(48) > DB(45), 차이 3건 → 복구 시작
[2025-12-14T02:01:47.379Z] [deal] 경상남도 하동군 2025-11: API(11) > DB(9), 차이 2건 → 복구 시작
[2025-12-14T02:01:48.680Z] [deal] 경상남도 함안군 2025-11: API(30) > DB(27), 차이 3건 → 복구 시작
[2025-12-14T02:01:51.469Z] [deal] 제주특별자치도 서귀포시 2025-11: API(38) > DB(36), 차이 2건 → 복구 시작
[2025-12-14T02:01:52.718Z] [rent] 제주특별자치도 서귀포시 2025-11: API(112) > DB(109), 차이 3건 → 복구 시작
[2025-12-14T02:01:55.380Z] [deal] 제주특별자치도 제주시 2025-11: API(138) > DB(132), 차이 6건 → 복구 시작
[2025-12-14T02:01:59.012Z] [rent] 제주특별자치도 제주시 2025-11: API(257) > DB(249), 차이 8건 → 복구 시작
[2025-12-14T02:02:06.097Z] [deal] 강원특별자치도 강릉시 2025-11: API(172) > DB(170), 차이 2건 → 복구 시작
[2025-12-14T02:02:10.829Z] [rent] 강원특별자치도 강릉시 2025-11: API(306) > DB(293), 차이 13건 → 복구 시작
[2025-12-14T02:02:19.171Z] [deal] 강원특별자치도 고성군 2025-11: API(19) > DB(17), 차이 2건 → 복구 시작
[2025-12-14T02:02:21.414Z] [deal] 강원특별자치도 동해시 2025-11: API(115) > DB(109), 차이 6건 → 복구 시작
[2025-12-14T02:02:23.982Z] [rent] 강원특별자치도 동해시 2025-11: API(115) > DB(110), 차이 5건 → 복구 시작
[2025-12-14T02:02:27.707Z] [rent] 강원특별자치도 삼척시 2025-11: API(27) > DB(25), 차이 2건 → 복구 시작
[2025-12-14T02:02:29.054Z] [deal] 강원특별자치도 속초시 2025-11: API(111) > DB(107), 차이 4건 → 복구 시작
[2025-12-14T02:02:31.659Z] [rent] 강원특별자치도 속초시 2025-11: API(149) > DB(141), 차이 8건 → 복구 시작
[2025-12-14T02:02:35.277Z] [deal] 강원특별자치도 양구군 2025-11: API(4) > DB(3), 차이 1건 → 복구 시작
[2025-12-14T02:02:36.746Z] [rent] 강원특별자치도 양양군 2025-11: API(9) > DB(8), 차이 1건 → 복구 시작
[2025-12-14T02:02:37.545Z] [deal] 강원특별자치도 영월군 2025-11: API(18) > DB(15), 차이 3건 → 복구 시작
[2025-12-14T02:02:39.116Z] [deal] 강원특별자치도 원주시 2025-11: API(464) > DB(450), 차이 14건 → 복구 시작
[2025-12-14T02:02:48.775Z] [rent] 강원특별자치도 원주시 2025-11: API(787) > DB(743), 차이 44건 → 복구 시작
[2025-12-14T02:03:06.159Z] [rent] 강원특별자치도 인제군 2025-11: API(6) > DB(5), 차이 1건 → 복구 시작
[2025-12-14T02:03:06.764Z] [deal] 강원특별자치도 정선군 2025-11: API(16) > DB(15), 차이 1건 → 복구 시작
[2025-12-14T02:03:11.402Z] [deal] 강원특별자치도 춘천시 2025-11: API(292) > DB(286), 차이 6건 → 복구 시작
[2025-12-14T02:03:17.592Z] [rent] 강원특별자치도 춘천시 2025-11: API(351) > DB(336), 차이 15건 → 복구 시작
[2025-12-14T02:03:27.576Z] [deal] 강원특별자치도 태백시 2025-11: API(37) > DB(36), 차이 1건 → 복구 시작
[2025-12-14T02:03:28.906Z] [rent] 강원특별자치도 태백시 2025-11: API(96) > DB(94), 차이 2건 → 복구 시작
[2025-12-14T02:03:32.689Z] [rent] 강원특별자치도 홍천군 2025-11: API(25) > DB(24), 차이 1건 → 복구 시작
[2025-12-14T02:03:37.736Z] [deal] 전북특별자치도 군산시 2025-11: API(269) > DB(252), 차이 17건 → 복구 시작
[2025-12-14T02:03:44.223Z] [rent] 전북특별자치도 군산시 2025-11: API(299) > DB(275), 차이 24건 → 복구 시작
[2025-12-14T02:03:52.074Z] [rent] 전북특별자치도 김제시 2025-11: API(101) > DB(96), 차이 5건 → 복구 시작
[2025-12-14T02:03:54.825Z] [rent] 전북특별자치도 남원시 2025-11: API(143) > DB(135), 차이 8건 → 복구 시작
[2025-12-14T02:03:59.843Z] [deal] 전북특별자치도 완주군 2025-11: API(130) > DB(126), 차이 4건 → 복구 시작
[2025-12-14T02:04:02.879Z] [rent] 전북특별자치도 완주군 2025-11: API(63) > DB(59), 차이 4건 → 복구 시작
[2025-12-14T02:04:04.475Z] [deal] 전북특별자치도 익산시 2025-11: API(228) > DB(218), 차이 10건 → 복구 시작
[2025-12-14T02:04:09.333Z] [rent] 전북특별자치도 익산시 2025-11: API(385) > DB(365), 차이 20건 → 복구 시작
[2025-12-14T02:04:16.901Z] [deal] 전북특별자치도 임실군 2025-11: API(6) > DB(5), 차이 1건 → 복구 시작
[2025-12-14T02:04:19.284Z] [deal] 전북특별자치도 전주시 덕진구 2025-11: API(494) > DB(479), 차이 15건 → 복구 시작
[2025-12-14T02:04:29.265Z] [rent] 전북특별자치도 전주시 덕진구 2025-11: API(263) > DB(255), 차이 8건 → 복구 시작
[2025-12-14T02:04:35.261Z] [deal] 전북특별자치도 전주시 완산구 2025-11: API(491) > DB(477), 차이 14건 → 복구 시작
[2025-12-14T02:04:45.311Z] [rent] 전북특별자치도 전주시 완산구 2025-11: API(244) > DB(235), 차이 9건 → 복구 시작
[2025-12-14T02:04:50.295Z] [deal] 전북특별자치도 정읍시 2025-11: API(85) > DB(81), 차이 4건 → 복구 시작
[2025-12-14T02:04:52.409Z] [rent] 전북특별자치도 정읍시 2025-11: API(34) > DB(32), 차이 2건 → 복구 시작
[2025-12-14T02:04:53.448Z] [deal] 전북특별자치도 진안군 2025-11: API(4) > DB(3), 차이 1건 → 복구 시작
[2025-12-14T02:04:54.838Z] [deal] 서울특별시 강남구 2025-10: API(297) > DB(284), 차이 13건 → 복구 시작
[2025-12-14T02:05:02.356Z] [rent] 서울특별시 강남구 2025-10: API(1579) > DB(1509), 차이 70건 → 복구 시작
[2025-12-14T02:05:41.836Z] [deal] 서울특별시 강동구 2025-10: API(572) > DB(544), 차이 28건 → 복구 시작
[2025-12-14T02:05:53.488Z] [rent] 서울특별시 강동구 2025-10: API(1302) > DB(1225), 차이 77건 → 복구 시작
[2025-12-14T02:06:20.542Z] [deal] 서울특별시 강북구 2025-10: API(123) > DB(120), 차이 3건 → 복구 시작
[2025-12-14T02:06:23.444Z] [rent] 서울특별시 강북구 2025-10: API(182) > DB(179), 차이 3건 → 복구 시작
[2025-12-14T02:06:27.439Z] [deal] 서울특별시 강서구 2025-10: API(591) > DB(580), 차이 11건 → 복구 시작
[2025-12-14T02:06:39.488Z] [rent] 서울특별시 강서구 2025-10: API(1143) > DB(1071), 차이 72건 → 복구 시작
[2025-12-14T02:07:01.626Z] [deal] 서울특별시 관악구 2025-10: API(295) > DB(287), 차이 8건 → 복구 시작
[2025-12-14T02:07:08.074Z] [rent] 서울특별시 관악구 2025-10: API(436) > DB(407), 차이 29건 → 복구 시작
[2025-12-14T02:07:17.604Z] [deal] 서울특별시 광진구 2025-10: API(265) > DB(246), 차이 19건 → 복구 시작
[2025-12-14T02:07:23.661Z] [rent] 서울특별시 광진구 2025-10: API(367) > DB(350), 차이 17건 → 복구 시작
[2025-12-14T02:07:31.431Z] [deal] 서울특별시 구로구 2025-10: API(345) > DB(339), 차이 6건 → 복구 시작
[2025-12-14T02:07:38.712Z] [rent] 서울특별시 구로구 2025-10: API(863) > DB(787), 차이 76건 → 복구 시작
[2025-12-14T02:07:56.503Z] [rent] 서울특별시 금천구 2025-10: API(207) > DB(197), 차이 10건 → 복구 시작
[2025-12-14T02:08:01.072Z] [deal] 서울특별시 노원구 2025-10: API(654) > DB(639), 차이 15건 → 복구 시작
[2025-12-14T02:08:13.692Z] [rent] 서울특별시 노원구 2025-10: API(1482) > DB(1399), 차이 83건 → 복구 시작
[2025-12-14T02:08:42.914Z] [deal] 서울특별시 도봉구 2025-10: API(159) > DB(157), 차이 2건 → 복구 시작
[2025-12-14T02:08:47.165Z] [rent] 서울특별시 도봉구 2025-10: API(423) > DB(402), 차이 21건 → 복구 시작
[2025-12-14T02:08:55.780Z] [deal] 서울특별시 동대문구 2025-10: API(532) > DB(517), 차이 15건 → 복구 시작
[2025-12-14T02:09:06.138Z] [rent] 서울특별시 동대문구 2025-10: API(639) > DB(607), 차이 32건 → 복구 시작
[2025-12-14T02:09:20.942Z] [deal] 서울특별시 동작구 2025-10: API(419) > DB(407), 차이 12건 → 복구 시작
[2025-12-14T02:09:30.284Z] [rent] 서울특별시 동작구 2025-10: API(658) > DB(620), 차이 38건 → 복구 시작
[2025-12-14T02:09:44.836Z] [deal] 서울특별시 마포구 2025-10: API(424) > DB(410), 차이 14건 → 복구 시작
[2025-12-14T02:09:53.872Z] [rent] 서울특별시 마포구 2025-10: API(956) > DB(904), 차이 52건 → 복구 시작
[2025-12-14T02:10:15.564Z] [deal] 서울특별시 서대문구 2025-10: API(405) > DB(399), 차이 6건 → 복구 시작
[2025-12-14T02:10:28.702Z] [rent] 서울특별시 서대문구 2025-10: API(475) > DB(447), 차이 28건 → 복구 시작
[2025-12-14T02:10:43.954Z] [deal] 서울특별시 서초구 2025-10: API(221) > DB(214), 차이 7건 → 복구 시작
[2025-12-14T02:10:48.878Z] [rent] 서울특별시 서초구 2025-10: API(1341) > DB(1283), 차이 58건 → 복구 시작
[2025-12-14T02:11:18.537Z] [deal] 서울특별시 성동구 2025-10: API(384) > DB(374), 차이 10건 → 복구 시작
[2025-12-14T02:11:28.016Z] [rent] 서울특별시 성동구 2025-10: API(764) > DB(724), 차이 40건 → 복구 시작
[2025-12-14T02:11:44.150Z] [deal] 서울특별시 성북구 2025-10: API(508) > DB(488), 차이 20건 → 복구 시작
[2025-12-14T02:11:55.569Z] [rent] 서울특별시 성북구 2025-10: API(611) > DB(572), 차이 39건 → 복구 시작
[2025-12-14T02:12:08.294Z] [deal] 서울특별시 송파구 2025-10: API(612) > DB(600), 차이 12건 → 복구 시작
[2025-12-14T02:12:21.875Z] [rent] 서울특별시 송파구 2025-10: API(1461) > DB(1399), 차이 62건 → 복구 시작
[2025-12-14T02:12:52.940Z] [deal] 서울특별시 양천구 2025-10: API(433) > DB(421), 차이 12건 → 복구 시작
[2025-12-14T02:13:06.202Z] [rent] 서울특별시 양천구 2025-10: API(940) > DB(893), 차이 47건 → 복구 시작
[2025-12-14T02:13:27.431Z] [deal] 서울특별시 영등포구 2025-10: API(453) > DB(444), 차이 9건 → 복구 시작
[2025-12-14T02:13:37.531Z] [rent] 서울특별시 영등포구 2025-10: API(749) > DB(707), 차이 42건 → 복구 시작
[2025-12-14T02:13:53.645Z] [rent] 서울특별시 용산구 2025-10: API(422) > DB(396), 차이 26건 → 복구 시작
[2025-12-14T02:14:02.395Z] [deal] 서울특별시 은평구 2025-10: API(375) > DB(363), 차이 12건 → 복구 시작
[2025-12-14T02:14:10.622Z] [rent] 서울특별시 은평구 2025-10: API(754) > DB(719), 차이 35건 → 복구 시작
[2025-12-14T02:14:24.876Z] [deal] 서울특별시 종로구 2025-10: API(85) > DB(84), 차이 1건 → 복구 시작
[2025-12-14T02:14:26.899Z] [rent] 서울특별시 종로구 2025-10: API(184) > DB(171), 차이 13건 → 복구 시작
[2025-12-14T02:14:31.246Z] [deal] 서울특별시 중구 2025-10: API(140) > DB(139), 차이 1건 → 복구 시작
[2025-12-14T02:14:34.342Z] [rent] 서울특별시 중구 2025-10: API(265) > DB(252), 차이 13건 → 복구 시작
[2025-12-14T02:14:40.192Z] [deal] 서울특별시 중랑구 2025-10: API(249) > DB(240), 차이 9건 → 복구 시작
[2025-12-14T02:14:45.879Z] [rent] 서울특별시 중랑구 2025-10: API(616) > DB(581), 차이 35건 → 복구 시작
[2025-12-14T02:15:05.989Z] [rent] 경기도 가평군 2025-10: API(55) > DB(51), 차이 4건 → 복구 시작
[2025-12-14T02:15:15.996Z] [deal] 경기도 고양시 덕양구 2025-10: API(426) > DB(418), 차이 8건 → 복구 시작
[2025-12-14T02:15:28.840Z] [rent] 경기도 고양시 덕양구 2025-10: API(841) > DB(802), 차이 39건 → 복구 시작
[2025-12-14T02:15:49.278Z] [deal] 경기도 고양시 일산동구 2025-10: API(212) > DB(201), 차이 11건 → 복구 시작
[2025-12-14T02:15:57.890Z] [rent] 경기도 고양시 일산동구 2025-10: API(483) > DB(462), 차이 21건 → 복구 시작
[2025-12-14T02:16:11.307Z] [deal] 경기도 고양시 일산서구 2025-10: API(252) > DB(246), 차이 6건 → 복구 시작
[2025-12-14T02:16:18.995Z] [rent] 경기도 고양시 일산서구 2025-10: API(606) > DB(572), 차이 34건 → 복구 시작
[2025-12-14T02:16:32.871Z] [deal] 경기도 과천시 2025-10: API(72) > DB(71), 차이 1건 → 복구 시작
[2025-12-14T02:16:35.018Z] [rent] 경기도 과천시 2025-10: API(149) > DB(144), 차이 5건 → 복구 시작
[2025-12-14T02:16:42.535Z] [deal] 경기도 광명시 2025-10: API(534) > DB(518), 차이 16건 → 복구 시작
[2025-12-14T02:16:57.598Z] [rent] 경기도 광명시 2025-10: API(738) > DB(684), 차이 54건 → 복구 시작
[2025-12-14T02:17:15.810Z] [deal] 경기도 광주시 2025-10: API(245) > DB(236), 차이 9건 → 복구 시작
[2025-12-14T02:17:21.862Z] [rent] 경기도 광주시 2025-10: API(285) > DB(270), 차이 15건 → 복구 시작
[2025-12-14T02:17:28.100Z] [deal] 경기도 구리시 2025-10: API(445) > DB(428), 차이 17건 → 복구 시작
[2025-12-14T02:17:38.463Z] [rent] 경기도 구리시 2025-10: API(401) > DB(374), 차이 27건 → 복구 시작
[2025-12-14T02:17:49.338Z] [deal] 경기도 군포시 2025-10: API(327) > DB(322), 차이 5건 → 복구 시작
[2025-12-14T02:17:57.024Z] [rent] 경기도 군포시 2025-10: API(446) > DB(421), 차이 25건 → 복구 시작
[2025-12-14T02:18:08.089Z] [deal] 경기도 김포시 2025-10: API(374) > DB(360), 차이 14건 → 복구 시작
[2025-12-14T02:18:16.592Z] [rent] 경기도 김포시 2025-10: API(940) > DB(900), 차이 40건 → 복구 시작
[2025-12-14T02:18:37.031Z] [deal] 경기도 남양주시 2025-10: API(765) > DB(727), 차이 38건 → 복구 시작
[2025-12-14T02:18:54.346Z] [rent] 경기도 남양주시 2025-10: API(2159) > DB(2064), 차이 95건 → 복구 시작
[2025-12-14T02:19:46.514Z] [deal] 경기도 동두천시 2025-10: API(65) > DB(64), 차이 1건 → 복구 시작
[2025-12-14T02:19:48.442Z] [rent] 경기도 동두천시 2025-10: API(116) > DB(111), 차이 5건 → 복구 시작
[2025-12-14T02:19:51.654Z] [deal] 경기도 부천시 소사구  2025-10: API(128) > DB(123), 차이 5건 → 복구 시작
[2025-12-14T02:19:54.936Z] [rent] 경기도 부천시 소사구  2025-10: API(218) > DB(204), 차이 14건 → 복구 시작
[2025-12-14T02:20:00.838Z] [deal] 경기도 부천시 오정구  2025-10: API(85) > DB(79), 차이 6건 → 복구 시작
[2025-12-14T02:20:04.148Z] [rent] 경기도 부천시 오정구  2025-10: API(97) > DB(89), 차이 8건 → 복구 시작
[2025-12-14T02:20:06.221Z] [deal] 경기도 부천시 원미구  2025-10: API(351) > DB(346), 차이 5건 → 복구 시작
[2025-12-14T02:20:13.747Z] [rent] 경기도 부천시 원미구  2025-10: API(631) > DB(589), 차이 42건 → 복구 시작
[2025-12-14T02:20:32.283Z] [deal] 경기도 성남시 분당구 2025-10: API(642) > DB(631), 차이 11건 → 복구 시작
[2025-12-14T02:20:49.256Z] [rent] 경기도 성남시 분당구 2025-10: API(1355) > DB(1288), 차이 67건 → 복구 시작
[2025-12-14T02:21:16.443Z] [deal] 경기도 성남시 수정구 2025-10: API(214) > DB(212), 차이 2건 → 복구 시작
[2025-12-14T02:21:21.840Z] [rent] 경기도 성남시 수정구 2025-10: API(589) > DB(555), 차이 34건 → 복구 시작
[2025-12-14T02:21:33.662Z] [deal] 경기도 성남시 중원구 2025-10: API(182) > DB(180), 차이 2건 → 복구 시작
[2025-12-14T02:21:38.567Z] [rent] 경기도 성남시 중원구 2025-10: API(255) > DB(241), 차이 14건 → 복구 시작
[2025-12-14T02:21:44.805Z] [deal] 경기도 수원시 권선구 2025-10: API(420) > DB(399), 차이 21건 → 복구 시작
[2025-12-14T02:21:53.779Z] [rent] 경기도 수원시 권선구 2025-10: API(649) > DB(591), 차이 58건 → 복구 시작
[2025-12-14T02:22:07.352Z] [deal] 경기도 수원시 영통구 2025-10: API(734) > DB(713), 차이 21건 → 복구 시작
[2025-12-14T02:22:21.991Z] [rent] 경기도 수원시 영통구 2025-10: API(904) > DB(850), 차이 54건 → 복구 시작
[2025-12-14T02:22:39.707Z] [deal] 경기도 수원시 장안구 2025-10: API(211) > DB(208), 차이 3건 → 복구 시작
[2025-12-14T02:22:44.743Z] [rent] 경기도 수원시 장안구 2025-10: API(382) > DB(367), 차이 15건 → 복구 시작
[2025-12-14T02:22:52.395Z] [deal] 경기도 수원시 팔달구 2025-10: API(208) > DB(198), 차이 10건 → 복구 시작
[2025-12-14T02:22:56.928Z] [rent] 경기도 수원시 팔달구 2025-10: API(359) > DB(328), 차이 31건 → 복구 시작
[2025-12-14T02:23:05.532Z] [deal] 경기도 시흥시 2025-10: API(455) > DB(443), 차이 12건 → 복구 시작
[2025-12-14T02:23:16.327Z] [rent] 경기도 시흥시 2025-10: API(934) > DB(871), 차이 63건 → 복구 시작
[2025-12-14T02:23:39.181Z] [deal] 경기도 안산시 단원구 2025-10: API(254) > DB(247), 차이 7건 → 복구 시작
[2025-12-14T02:23:45.539Z] [rent] 경기도 안산시 단원구 2025-10: API(428) > DB(398), 차이 30건 → 복구 시작
[2025-12-14T02:23:55.681Z] [deal] 경기도 안산시 상록구 2025-10: API(138) > DB(136), 차이 2건 → 복구 시작
[2025-12-14T02:23:59.074Z] [rent] 경기도 안산시 상록구 2025-10: API(222) > DB(214), 차이 8건 → 복구 시작
[2025-12-14T02:24:03.856Z] [deal] 경기도 안성시 2025-10: API(158) > DB(157), 차이 1건 → 복구 시작
[2025-12-14T02:24:07.404Z] [rent] 경기도 안성시 2025-10: API(547) > DB(520), 차이 27건 → 복구 시작
[2025-12-14T02:24:20.113Z] [deal] 경기도 안양시 동안구 2025-10: API(699) > DB(683), 차이 16건 → 복구 시작
[2025-12-14T02:24:34.024Z] [rent] 경기도 안양시 동안구 2025-10: API(902) > DB(852), 차이 50건 → 복구 시작
[2025-12-14T02:24:52.823Z] [deal] 경기도 안양시 만안구 2025-10: API(287) > DB(277), 차이 10건 → 복구 시작
[2025-12-14T02:24:58.998Z] [rent] 경기도 안양시 만안구 2025-10: API(231) > DB(213), 차이 18건 → 복구 시작
[2025-12-14T02:25:04.956Z] [deal] 경기도 양주시 2025-10: API(265) > DB(261), 차이 4건 → 복구 시작
[2025-12-14T02:25:13.397Z] [rent] 경기도 양주시 2025-10: API(622) > DB(580), 차이 42건 → 복구 시작
[2025-12-14T02:25:26.426Z] [deal] 경기도 양평군 2025-10: API(40) > DB(39), 차이 1건 → 복구 시작
[2025-12-14T02:25:27.673Z] [rent] 경기도 양평군 2025-10: API(79) > DB(74), 차이 5건 → 복구 시작
[2025-12-14T02:25:30.889Z] [deal] 경기도 여주시 2025-10: API(63) > DB(61), 차이 2건 → 복구 시작
[2025-12-14T02:25:34.220Z] [rent] 경기도 여주시 2025-10: API(98) > DB(97), 차이 1건 → 복구 시작
[2025-12-14T02:25:37.192Z] [deal] 경기도 오산시 2025-10: API(208) > DB(201), 차이 7건 → 복구 시작
[2025-12-14T02:25:42.284Z] [rent] 경기도 오산시 2025-10: API(503) > DB(466), 차이 37건 → 복구 시작
[2025-12-14T02:25:54.329Z] [deal] 경기도 용인시 기흥구 2025-10: API(730) > DB(704), 차이 26건 → 복구 시작
[2025-12-14T02:26:10.009Z] [rent] 경기도 용인시 기흥구 2025-10: API(880) > DB(816), 차이 64건 → 복구 시작
[2025-12-14T02:26:29.118Z] [deal] 경기도 용인시 수지구 2025-10: API(825) > DB(806), 차이 19건 → 복구 시작
[2025-12-14T02:26:47.921Z] [rent] 경기도 용인시 수지구 2025-10: API(929) > DB(886), 차이 43건 → 복구 시작
[2025-12-14T02:27:07.871Z] [deal] 경기도 용인시 처인구 2025-10: API(199) > DB(195), 차이 4건 → 복구 시작
[2025-12-14T02:27:12.474Z] [rent] 경기도 용인시 처인구 2025-10: API(239) > DB(227), 차이 12건 → 복구 시작
[2025-12-14T02:27:17.945Z] [deal] 경기도 의왕시 2025-10: API(205) > DB(201), 차이 4건 → 복구 시작
[2025-12-14T02:27:22.762Z] [rent] 경기도 의왕시 2025-10: API(284) > DB(263), 차이 21건 → 복구 시작
[2025-12-14T02:27:28.500Z] [deal] 경기도 의정부시 2025-10: API(407) > DB(394), 차이 13건 → 복구 시작
[2025-12-14T02:27:37.603Z] [rent] 경기도 의정부시 2025-10: API(815) > DB(741), 차이 74건 → 복구 시작
[2025-12-14T02:27:54.122Z] [deal] 경기도 이천시 2025-10: API(131) > DB(129), 차이 2건 → 복구 시작
[2025-12-14T02:27:57.054Z] [rent] 경기도 이천시 2025-10: API(271) > DB(252), 차이 19건 → 복구 시작
[2025-12-14T02:28:02.602Z] [deal] 경기도 파주시 2025-10: API(343) > DB(334), 차이 9건 → 복구 시작
[2025-12-14T02:28:09.682Z] [rent] 경기도 파주시 2025-10: API(1207) > DB(1092), 차이 115건 → 복구 시작
[2025-12-14T02:28:34.240Z] [deal] 경기도 평택시 2025-10: API(512) > DB(501), 차이 11건 → 복구 시작
[2025-12-14T02:28:45.680Z] [rent] 경기도 평택시 2025-10: API(1943) > DB(1802), 차이 141건 → 복구 시작
[2025-12-14T02:29:28.722Z] [deal] 경기도 포천시 2025-10: API(49) > DB(48), 차이 1건 → 복구 시작
[2025-12-14T02:29:31.001Z] [rent] 경기도 포천시 2025-10: API(95) > DB(89), 차이 6건 → 복구 시작
[2025-12-14T02:29:33.669Z] [deal] 경기도 하남시 2025-10: API(611) > DB(593), 차이 18건 → 복구 시작
[2025-12-14T02:29:46.843Z] [rent] 경기도 하남시 2025-10: API(758) > DB(719), 차이 39건 → 복구 시작
[2025-12-14T02:30:08.426Z] [deal] 경기도 화성시 2025-10: API(1525) > DB(1487), 차이 38건 → 복구 시작
[2025-12-14T02:31:00.718Z] [rent] 경기도 화성시 2025-10: API(2276) > DB(2142), 차이 134건 → 복구 시작
[2025-12-14T02:47:54.112Z] [deal] 부산광역시 강서구 2025-10: API(114) > DB(111), 차이 3건 → 복구 시작
[2025-12-14T02:47:57.225Z] [rent] 부산광역시 강서구 2025-10: API(486) > DB(463), 차이 23건 → 복구 시작
[2025-12-14T02:48:10.583Z] [deal] 부산광역시 금정구 2025-10: API(189) > DB(186), 차이 3건 → 복구 시작
[2025-12-14T02:48:16.807Z] [rent] 부산광역시 금정구 2025-10: API(150) > DB(137), 차이 13건 → 복구 시작
[2025-12-14T02:48:20.459Z] [deal] 부산광역시 기장군 2025-10: API(165) > DB(155), 차이 10건 → 복구 시작
[2025-12-14T02:48:25.910Z] [rent] 부산광역시 기장군 2025-10: API(263) > DB(234), 차이 29건 → 복구 시작
[2025-12-14T02:48:31.160Z] [deal] 부산광역시 남구 2025-10: API(279) > DB(273), 차이 6건 → 복구 시작
[2025-12-14T02:48:37.341Z] [rent] 부산광역시 남구 2025-10: API(298) > DB(281), 차이 17건 → 복구 시작
[2025-12-14T02:48:45.380Z] [rent] 부산광역시 동구 2025-10: API(84) > DB(78), 차이 6건 → 복구 시작
[2025-12-14T02:48:47.271Z] [deal] 부산광역시 동래구 2025-10: API(400) > DB(381), 차이 19건 → 복구 시작
[2025-12-14T02:48:55.777Z] [rent] 부산광역시 동래구 2025-10: API(330) > DB(312), 차이 18건 → 복구 시작
[2025-12-14T02:49:04.092Z] [deal] 부산광역시 부산진구 2025-10: API(396) > DB(378), 차이 18건 → 복구 시작
[2025-12-14T02:49:14.990Z] [rent] 부산광역시 부산진구 2025-10: API(574) > DB(548), 차이 26건 → 복구 시작
[2025-12-14T02:49:29.302Z] [deal] 부산광역시 북구 2025-10: API(268) > DB(261), 차이 7건 → 복구 시작
[2025-12-14T02:49:36.378Z] [rent] 부산광역시 북구 2025-10: API(303) > DB(285), 차이 18건 → 복구 시작
[2025-12-14T02:49:43.814Z] [deal] 부산광역시 사상구 2025-10: API(157) > DB(151), 차이 6건 → 복구 시작
[2025-12-14T02:49:47.851Z] [rent] 부산광역시 사상구 2025-10: API(191) > DB(175), 차이 16건 → 복구 시작
[2025-12-14T02:49:52.164Z] [deal] 부산광역시 사하구 2025-10: API(196) > DB(191), 차이 5건 → 복구 시작
[2025-12-14T02:49:56.704Z] [rent] 부산광역시 사하구 2025-10: API(278) > DB(265), 차이 13건 → 복구 시작
[2025-12-14T02:50:04.601Z] [rent] 부산광역시 서구 2025-10: API(78) > DB(71), 차이 7건 → 복구 시작
[2025-12-14T02:50:09.074Z] [deal] 부산광역시 수영구 2025-10: API(201) > DB(195), 차이 6건 → 복구 시작
[2025-12-14T02:50:15.346Z] [rent] 부산광역시 수영구 2025-10: API(223) > DB(212), 차이 11건 → 복구 시작
[2025-12-14T02:50:22.184Z] [deal] 부산광역시 연제구 2025-10: API(382) > DB(362), 차이 20건 → 복구 시작
[2025-12-14T03:08:07.040Z] [rent] 부산광역시 연제구 2025-10: API(264) > DB(252), 차이 12건 → 복구 시작
[2025-12-14T03:08:12.468Z] [deal] 부산광역시 영도구 2025-10: API(60) > DB(58), 차이 2건 → 복구 시작
[2025-12-14T03:08:14.044Z] [rent] 부산광역시 영도구 2025-10: API(92) > DB(86), 차이 6건 → 복구 시작
[2025-12-14T03:08:16.555Z] [deal] 부산광역시 중구 2025-10: API(15) > DB(14), 차이 1건 → 복구 시작
[2025-12-14T03:08:17.576Z] [deal] 부산광역시 해운대구 2025-10: API(508) > DB(501), 차이 7건 → 복구 시작
[2025-12-14T03:08:32.909Z] [rent] 부산광역시 해운대구 2025-10: API(551) > DB(531), 차이 20건 → 복구 시작
[2025-12-14T03:08:45.212Z] [deal] 대구광역시 남구 2025-10: API(73) > DB(70), 차이 3건 → 복구 시작
[2025-12-14T03:24:02.658Z] [rent] 대구광역시 남구 2025-10: API(114) > DB(107), 차이 7건 → 복구 시작
[2025-12-14T03:24:05.515Z] [deal] 대구광역시 달서구 2025-10: API(484) > DB(470), 차이 14건 → 복구 시작
[2025-12-14T03:24:15.608Z] [rent] 대구광역시 달서구 2025-10: API(452) > DB(428), 차이 24건 → 복구 시작
[2025-12-14T03:24:29.524Z] [deal] 대구광역시 달성군 2025-10: API(281) > DB(267), 차이 14건 → 복구 시작
[2025-12-14T03:24:35.375Z] [rent] 대구광역시 달성군 2025-10: API(562) > DB(544), 차이 18건 → 복구 시작
[2025-12-14T03:24:46.940Z] [deal] 대구광역시 동구 2025-10: API(300) > DB(294), 차이 6건 → 복구 시작
[2025-12-14T03:24:53.426Z] [rent] 대구광역시 동구 2025-10: API(517) > DB(475), 차이 42건 → 복구 시작
[2025-12-14T03:25:04.561Z] [deal] 대구광역시 북구 2025-10: API(405) > DB(391), 차이 14건 → 복구 시작
[2025-12-14T03:25:13.737Z] [rent] 대구광역시 북구 2025-10: API(410) > DB(385), 차이 25건 → 복구 시작
[2025-12-14T03:25:22.585Z] [deal] 대구광역시 서구 2025-10: API(97) > DB(90), 차이 7건 → 복구 시작
[2025-12-14T03:25:24.707Z] [rent] 대구광역시 서구 2025-10: API(294) > DB(241), 차이 53건 → 복구 시작
[2025-12-14T03:25:30.715Z] [deal] 대구광역시 수성구 2025-10: API(416) > DB(404), 차이 12건 → 복구 시작
[2025-12-14T03:25:39.368Z] [rent] 대구광역시 수성구 2025-10: API(671) > DB(635), 차이 36건 → 복구 시작
[2025-12-14T03:25:52.794Z] [deal] 대구광역시 중구 2025-10: API(179) > DB(174), 차이 5건 → 복구 시작
[2025-12-14T03:25:56.876Z] [rent] 대구광역시 중구 2025-10: API(189) > DB(183), 차이 6건 → 복구 시작
[2025-12-14T03:26:02.452Z] [deal] 인천광역시 계양구 2025-10: API(205) > DB(196), 차이 9건 → 복구 시작
[2025-12-14T03:26:08.410Z] [rent] 인천광역시 계양구 2025-10: API(383) > DB(363), 차이 20건 → 복구 시작
[2025-12-14T03:26:16.365Z] [deal] 인천광역시 남동구 2025-10: API(338) > DB(325), 차이 13건 → 복구 시작
[2025-12-14T03:26:24.706Z] [rent] 인천광역시 남동구 2025-10: API(548) > DB(513), 차이 35건 → 복구 시작
[2025-12-14T03:26:36.700Z] [rent] 인천광역시 동구 2025-10: API(71) > DB(67), 차이 4건 → 복구 시작
[2025-12-14T03:26:38.366Z] [deal] 인천광역시 미추홀구 2025-10: API(248) > DB(240), 차이 8건 → 복구 시작
[2025-12-14T03:26:43.645Z] [rent] 인천광역시 미추홀구 2025-10: API(390) > DB(375), 차이 15건 → 복구 시작
[2025-12-14T03:26:51.606Z] [deal] 인천광역시 부평구 2025-10: API(373) > DB(363), 차이 10건 → 복구 시작
[2025-12-14T03:26:59.175Z] [rent] 인천광역시 부평구 2025-10: API(696) > DB(660), 차이 36건 → 복구 시작
[2025-12-14T03:27:13.177Z] [deal] 인천광역시 서구 2025-10: API(538) > DB(515), 차이 23건 → 복구 시작
[2025-12-14T03:27:24.006Z] [rent] 인천광역시 서구 2025-10: API(1118) > DB(1059), 차이 59건 → 복구 시작
[2025-12-14T03:27:46.690Z] [deal] 인천광역시 연수구 2025-10: API(494) > DB(485), 차이 9건 → 복구 시작
[2025-12-14T03:27:58.605Z] [rent] 인천광역시 연수구 2025-10: API(981) > DB(919), 차이 62건 → 복구 시작
[2025-12-14T03:28:21.505Z] [deal] 인천광역시 중구 2025-10: API(120) > DB(117), 차이 3건 → 복구 시작
[2025-12-14T03:28:24.280Z] [rent] 인천광역시 중구 2025-10: API(400) > DB(377), 차이 23건 → 복구 시작
[2025-12-14T03:28:33.449Z] [deal] 광주광역시 광산구 2025-10: API(378) > DB(369), 차이 9건 → 복구 시작
[2025-12-14T03:28:41.239Z] [rent] 광주광역시 광산구 2025-10: API(510) > DB(486), 차이 24건 → 복구 시작
[2025-12-14T03:28:51.931Z] [deal] 광주광역시 남구 2025-10: API(177) > DB(170), 차이 7건 → 복구 시작
[2025-12-14T03:28:55.881Z] [rent] 광주광역시 남구 2025-10: API(302) > DB(287), 차이 15건 → 복구 시작
[2025-12-14T03:29:02.167Z] [deal] 광주광역시 동구 2025-10: API(104) > DB(98), 차이 6건 → 복구 시작
[2025-12-14T03:29:04.837Z] [rent] 광주광역시 동구 2025-10: API(156) > DB(143), 차이 13건 → 복구 시작
[2025-12-14T03:29:08.150Z] [deal] 광주광역시 북구 2025-10: API(357) > DB(349), 차이 8건 → 복구 시작
[2025-12-14T03:29:15.871Z] [rent] 광주광역시 북구 2025-10: API(419) > DB(402), 차이 17건 → 복구 시작
[2025-12-14T03:29:24.513Z] [deal] 광주광역시 서구 2025-10: API(237) > DB(227), 차이 10건 → 복구 시작
[2025-12-14T03:29:29.505Z] [rent] 광주광역시 서구 2025-10: API(288) > DB(274), 차이 14건 → 복구 시작
[2025-12-14T03:29:35.939Z] [deal] 대전광역시 대덕구 2025-10: API(126) > DB(123), 차이 3건 → 복구 시작
[2025-12-14T03:29:39.023Z] [rent] 대전광역시 대덕구 2025-10: API(155) > DB(136), 차이 19건 → 복구 시작
[2025-12-14T03:29:42.587Z] [deal] 대전광역시 동구 2025-10: API(137) > DB(132), 차이 5건 → 복구 시작
[2025-12-14T03:29:46.122Z] [rent] 대전광역시 동구 2025-10: API(196) > DB(180), 차이 16건 → 복구 시작
[2025-12-14T03:29:50.197Z] [deal] 대전광역시 서구 2025-10: API(497) > DB(475), 차이 22건 → 복구 시작
[2025-12-14T03:30:00.674Z] [rent] 대전광역시 서구 2025-10: API(737) > DB(684), 차이 53건 → 복구 시작
[2025-12-14T03:30:21.155Z] [deal] 대전광역시 유성구 2025-10: API(383) > DB(369), 차이 14건 → 복구 시작
[2025-12-14T03:30:30.282Z] [rent] 대전광역시 유성구 2025-10: API(857) > DB(791), 차이 66건 → 복구 시작
[2025-12-14T03:30:48.157Z] [deal] 대전광역시 중구 2025-10: API(160) > DB(152), 차이 8건 → 복구 시작
[2025-12-14T03:30:51.854Z] [rent] 대전광역시 중구 2025-10: API(302) > DB(277), 차이 25건 → 복구 시작
[2025-12-14T03:30:59.946Z] [deal] 울산광역시 남구 2025-10: API(464) > DB(451), 차이 13건 → 복구 시작
[2025-12-14T03:31:10.833Z] [rent] 울산광역시 남구 2025-10: API(303) > DB(285), 차이 18건 → 복구 시작
[2025-12-14T03:31:18.606Z] [deal] 울산광역시 동구 2025-10: API(187) > DB(181), 차이 6건 → 복구 시작
[2025-12-14T03:31:22.883Z] [rent] 울산광역시 동구 2025-10: API(145) > DB(138), 차이 7건 → 복구 시작
[2025-12-14T03:31:26.602Z] [deal] 울산광역시 북구 2025-10: API(332) > DB(323), 차이 9건 → 복구 시작
[2025-12-14T03:31:33.671Z] [rent] 울산광역시 북구 2025-10: API(304) > DB(289), 차이 15건 → 복구 시작
[2025-12-14T03:31:40.216Z] [deal] 울산광역시 울주군 2025-10: API(252) > DB(247), 차이 5건 → 복구 시작
[2025-12-14T03:31:46.227Z] [rent] 울산광역시 울주군 2025-10: API(126) > DB(122), 차이 4건 → 복구 시작
[2025-12-14T03:31:49.392Z] [deal] 울산광역시 중구 2025-10: API(209) > DB(203), 차이 6건 → 복구 시작
[2025-12-14T03:31:54.324Z] [rent] 울산광역시 중구 2025-10: API(190) > DB(184), 차이 6건 → 복구 시작
[2025-12-14T03:31:58.580Z] [deal] 세종특별자치시 2025-10: API(434) > DB(416), 차이 18건 → 복구 시작
[2025-12-14T03:32:08.710Z] [rent] 세종특별자치시 2025-10: API(1273) > DB(1197), 차이 76건 → 복구 시작
[2025-12-14T03:32:41.205Z] [rent] 충청북도 옥천군 2025-10: API(22) > DB(20), 차이 2건 → 복구 시작
[2025-12-14T03:32:42.240Z] [deal] 충청북도 음성군 2025-10: API(86) > DB(85), 차이 1건 → 복구 시작
[2025-12-14T03:32:44.239Z] [rent] 충청북도 음성군 2025-10: API(70) > DB(66), 차이 4건 → 복구 시작
[2025-12-14T03:32:46.726Z] [deal] 충청북도 제천시 2025-10: API(148) > DB(145), 차이 3건 → 복구 시작
[2025-12-14T03:32:50.373Z] [rent] 충청북도 제천시 2025-10: API(98) > DB(93), 차이 5건 → 복구 시작
[2025-12-14T03:32:52.993Z] [deal] 충청북도 증평군 2025-10: API(31) > DB(30), 차이 1건 → 복구 시작
[2025-12-14T03:32:54.585Z] [rent] 충청북도 진천군 2025-10: API(141) > DB(137), 차이 4건 → 복구 시작
[2025-12-14T03:32:58.497Z] [deal] 충청북도 청주시 상당구 2025-10: API(208) > DB(206), 차이 2건 → 복구 시작
[2025-12-14T03:33:03.017Z] [rent] 충청북도 청주시 상당구 2025-10: API(196) > DB(180), 차이 16건 → 복구 시작
[2025-12-14T03:33:07.491Z] [deal] 충청북도 청주시 서원구 2025-10: API(189) > DB(183), 차이 6건 → 복구 시작
[2025-12-14T03:33:11.562Z] [rent] 충청북도 청주시 서원구 2025-10: API(280) > DB(260), 차이 20건 → 복구 시작
[2025-12-14T03:33:17.769Z] [deal] 충청북도 청주시 청원구 2025-10: API(193) > DB(187), 차이 6건 → 복구 시작
[2025-12-14T03:33:21.965Z] [rent] 충청북도 청주시 청원구 2025-10: API(291) > DB(271), 차이 20건 → 복구 시작
[2025-12-14T03:33:28.025Z] [deal] 충청북도 청주시 흥덕구 2025-10: API(379) > DB(370), 차이 9건 → 복구 시작
[2025-12-14T03:33:35.483Z] [rent] 충청북도 청주시 흥덕구 2025-10: API(447) > DB(425), 차이 22건 → 복구 시작
[2025-12-14T03:33:44.871Z] [deal] 충청북도 충주시 2025-10: API(230) > DB(222), 차이 8건 → 복구 시작
[2025-12-14T03:33:49.757Z] [rent] 충청북도 충주시 2025-10: API(244) > DB(232), 차이 12건 → 복구 시작
[2025-12-14T03:33:55.262Z] [deal] 충청남도 계룡시 2025-10: API(51) > DB(46), 차이 5건 → 복구 시작
[2025-12-14T03:33:56.729Z] [rent] 충청남도 계룡시 2025-10: API(94) > DB(88), 차이 6건 → 복구 시작
[2025-12-14T03:33:58.796Z] [deal] 충청남도 공주시 2025-10: API(63) > DB(61), 차이 2건 → 복구 시작
[2025-12-14T03:34:00.460Z] [rent] 충청남도 공주시 2025-10: API(58) > DB(55), 차이 3건 → 복구 시작
[2025-12-14T03:34:01.881Z] [deal] 충청남도 금산군 2025-10: API(20) > DB(19), 차이 1건 → 복구 시작
[2025-12-14T03:34:02.753Z] [rent] 충청남도 금산군 2025-10: API(11) > DB(10), 차이 1건 → 복구 시작
[2025-12-14T03:34:03.678Z] [deal] 충청남도 논산시 2025-10: API(55) > DB(54), 차이 1건 → 복구 시작
[2025-12-14T03:34:05.532Z] [deal] 충청남도 당진시 2025-10: API(139) > DB(135), 차이 4건 → 복구 시작
[2025-12-14T03:34:08.546Z] [rent] 충청남도 당진시 2025-10: API(198) > DB(188), 차이 10건 → 복구 시작
[2025-12-14T03:34:13.446Z] [rent] 충청남도 부여군 2025-10: API(3) > DB(2), 차이 1건 → 복구 시작
[2025-12-14T03:34:14.065Z] [deal] 충청남도 서산시 2025-10: API(157) > DB(155), 차이 2건 → 복구 시작
[2025-12-14T03:34:17.566Z] [rent] 충청남도 서산시 2025-10: API(158) > DB(151), 차이 7건 → 복구 시작
[2025-12-14T03:34:21.428Z] [rent] 충청남도 서천군 2025-10: API(9) > DB(8), 차이 1건 → 복구 시작
[2025-12-14T03:34:22.102Z] [deal] 충청남도 아산시 2025-10: API(431) > DB(423), 차이 8건 → 복구 시작
[2025-12-14T03:34:31.624Z] [rent] 충청남도 아산시 2025-10: API(807) > DB(745), 차이 62건 → 복구 시작
[2025-12-14T03:34:49.740Z] [deal] 충청남도 예산군 2025-10: API(53) > DB(52), 차이 1건 → 복구 시작
[2025-12-14T03:34:51.717Z] [rent] 충청남도 예산군 2025-10: API(36) > DB(34), 차이 2건 → 복구 시작
[2025-12-14T03:34:53.499Z] [deal] 충청남도 천안시 동남구 2025-10: API(257) > DB(251), 차이 6건 → 복구 시작
[2025-12-14T03:34:58.834Z] [rent] 충청남도 천안시 동남구 2025-10: API(365) > DB(342), 차이 23건 → 복구 시작
[2025-12-14T03:35:07.420Z] [deal] 충청남도 천안시 서북구 2025-10: API(472) > DB(455), 차이 17건 → 복구 시작
[2025-12-14T03:35:19.260Z] [rent] 충청남도 천안시 서북구 2025-10: API(755) > DB(698), 차이 57건 → 복구 시작
[2025-12-14T03:35:37.250Z] [deal] 충청남도 홍성군 2025-10: API(77) > DB(75), 차이 2건 → 복구 시작
[2025-12-14T03:35:40.368Z] [rent] 충청남도 홍성군 2025-10: API(129) > DB(126), 차이 3건 → 복구 시작
[2025-12-14T03:35:48.227Z] [deal] 전라남도 고흥군 2025-10: API(18) > DB(17), 차이 1건 → 복구 시작
[2025-12-14T03:35:51.099Z] [deal] 전라남도 광양시 2025-10: API(160) > DB(159), 차이 1건 → 복구 시작
[2025-12-14T03:35:54.603Z] [rent] 전라남도 광양시 2025-10: API(270) > DB(257), 차이 13건 → 복구 시작
[2025-12-14T03:36:03.938Z] [deal] 전라남도 나주시 2025-10: API(97) > DB(95), 차이 2건 → 복구 시작
[2025-12-14T03:36:06.159Z] [rent] 전라남도 나주시 2025-10: API(261) > DB(247), 차이 14건 → 복구 시작
[2025-12-14T03:36:12.444Z] [deal] 전라남도 목포시 2025-10: API(215) > DB(209), 차이 6건 → 복구 시작
[2025-12-14T03:36:17.251Z] [rent] 전라남도 목포시 2025-10: API(257) > DB(242), 차이 15건 → 복구 시작
[2025-12-14T03:36:23.322Z] [rent] 전라남도 무안군 2025-10: API(106) > DB(100), 차이 6건 → 복구 시작
[2025-12-14T03:36:27.551Z] [deal] 전라남도 순천시 2025-10: API(343) > DB(328), 차이 15건 → 복구 시작
[2025-12-14T03:36:35.869Z] [rent] 전라남도 순천시 2025-10: API(352) > DB(332), 차이 20건 → 복구 시작
[2025-12-14T03:36:44.144Z] [deal] 전라남도 여수시 2025-10: API(155) > DB(151), 차이 4건 → 복구 시작
[2025-12-14T03:36:48.043Z] [rent] 전라남도 여수시 2025-10: API(450) > DB(431), 차이 19건 → 복구 시작
[2025-12-14T03:36:57.140Z] [deal] 전라남도 영광군 2025-10: API(32) > DB(30), 차이 2건 → 복구 시작
[2025-12-14T03:36:58.445Z] [deal] 전라남도 영암군 2025-10: API(45) > DB(44), 차이 1건 → 복구 시작
[2025-12-14T03:36:59.674Z] [rent] 전라남도 영암군 2025-10: API(51) > DB(50), 차이 1건 → 복구 시작
[2025-12-14T03:37:01.719Z] [deal] 전라남도 장성군 2025-10: API(10) > DB(9), 차이 1건 → 복구 시작
[2025-12-14T03:37:02.507Z] [rent] 전라남도 장성군 2025-10: API(18) > DB(15), 차이 3건 → 복구 시작
[2025-12-14T03:37:03.557Z] [rent] 전라남도 장흥군 2025-10: API(8) > DB(7), 차이 1건 → 복구 시작
[2025-12-14T03:37:05.364Z] [deal] 전라남도 함평군 2025-10: API(6) > DB(5), 차이 1건 → 복구 시작
[2025-12-14T03:37:07.082Z] [deal] 전라남도 화순군 2025-10: API(31) > DB(30), 차이 1건 → 복구 시작
[2025-12-14T03:37:08.216Z] [rent] 전라남도 화순군 2025-10: API(546) > DB(180), 차이 366건 → 복구 시작
[2025-12-14T03:37:19.752Z] [deal] 경상북도 경산시 2025-10: API(225) > DB(219), 차이 6건 → 복구 시작
[2025-12-14T03:37:25.163Z] [rent] 경상북도 경산시 2025-10: API(216) > DB(212), 차이 4건 → 복구 시작
[2025-12-14T03:37:30.204Z] [deal] 경상북도 경주시 2025-10: API(173) > DB(168), 차이 5건 → 복구 시작
[2025-12-14T03:37:34.010Z] [rent] 경상북도 경주시 2025-10: API(259) > DB(251), 차이 8건 → 복구 시작
[2025-12-14T03:37:40.076Z] [deal] 경상북도 구미시 2025-10: API(442) > DB(426), 차이 16건 → 복구 시작
[2025-12-14T03:37:49.509Z] [rent] 경상북도 구미시 2025-10: API(387) > DB(367), 차이 20건 → 복구 시작
[2025-12-14T03:37:58.198Z] [rent] 경상북도 김천시 2025-10: API(71) > DB(67), 차이 4건 → 복구 시작
[2025-12-14T03:37:59.890Z] [deal] 경상북도 문경시 2025-10: API(34) > DB(32), 차이 2건 → 복구 시작
[2025-12-14T03:38:02.439Z] [deal] 경상북도 상주시 2025-10: API(36) > DB(34), 차이 2건 → 복구 시작
[2025-12-14T03:38:05.189Z] [deal] 경상북도 안동시 2025-10: API(116) > DB(109), 차이 7건 → 복구 시작
[2025-12-14T03:38:08.503Z] [rent] 경상북도 안동시 2025-10: API(65) > DB(60), 차이 5건 → 복구 시작
[2025-12-14T03:38:12.771Z] [rent] 경상북도 영주시 2025-10: API(63) > DB(59), 차이 4건 → 복구 시작
[2025-12-14T03:38:14.301Z] [deal] 경상북도 영천시 2025-10: API(75) > DB(74), 차이 1건 → 복구 시작
[2025-12-14T03:38:16.094Z] [rent] 경상북도 영천시 2025-10: API(24) > DB(20), 차이 4건 → 복구 시작
[2025-12-14T03:38:17.462Z] [deal] 경상북도 예천군 2025-10: API(46) > DB(43), 차이 3건 → 복구 시작
[2025-12-14T03:38:18.726Z] [rent] 경상북도 예천군 2025-10: API(31) > DB(29), 차이 2건 → 복구 시작
[2025-12-14T03:38:21.584Z] [rent] 경상북도 울진군 2025-10: API(7) > DB(6), 차이 1건 → 복구 시작
[2025-12-14T03:38:23.900Z] [deal] 경상북도 칠곡군 2025-10: API(78) > DB(76), 차이 2건 → 복구 시작
[2025-12-14T03:38:26.446Z] [deal] 경상북도 포항시 남구 2025-10: API(140) > DB(138), 차이 2건 → 복구 시작
[2025-12-14T03:38:29.621Z] [rent] 경상북도 포항시 남구 2025-10: API(204) > DB(196), 차이 8건 → 복구 시작
[2025-12-14T03:38:34.403Z] [deal] 경상북도 포항시 북구 2025-10: API(273) > DB(267), 차이 6건 → 복구 시작
[2025-12-14T03:38:40.429Z] [rent] 경상북도 포항시 북구 2025-10: API(341) > DB(318), 차이 23건 → 복구 시작
[2025-12-14T03:38:48.271Z] [deal] 경상남도 거제시 2025-10: API(199) > DB(193), 차이 6건 → 복구 시작
[2025-12-14T03:38:52.465Z] [rent] 경상남도 거제시 2025-10: API(299) > DB(290), 차이 9건 → 복구 시작
[2025-12-14T03:38:59.205Z] [deal] 경상남도 거창군 2025-10: API(44) > DB(40), 차이 4건 → 복구 시작
[2025-12-14T03:39:04.269Z] [deal] 경상남도 고성군 2025-10: API(20) > DB(19), 차이 1건 → 복구 시작
[2025-12-14T03:39:05.150Z] [rent] 경상남도 고성군 2025-10: API(8) > DB(7), 차이 1건 → 복구 시작
[2025-12-14T03:39:07.262Z] [deal] 경상남도 김해시 2025-10: API(557) > DB(543), 차이 14건 → 복구 시작
[2025-12-14T03:39:19.104Z] [rent] 경상남도 김해시 2025-10: API(633) > DB(614), 차이 19건 → 복구 시작
[2025-12-14T03:39:34.858Z] [deal] 경상남도 밀양시 2025-10: API(65) > DB(63), 차이 2건 → 복구 시작
[2025-12-14T03:39:36.806Z] [deal] 경상남도 사천시 2025-10: API(100) > DB(95), 차이 5건 → 복구 시작
[2025-12-14T03:39:40.215Z] [rent] 경상남도 사천시 2025-10: API(119) > DB(112), 차이 7건 → 복구 시작
[2025-12-14T03:39:43.934Z] [deal] 경상남도 양산시 2025-10: API(412) > DB(403), 차이 9건 → 복구 시작
[2025-12-14T03:39:52.661Z] [rent] 경상남도 양산시 2025-10: API(544) > DB(520), 차이 24건 → 복구 시작
[2025-12-14T03:40:09.165Z] [deal] 경상남도 진주시 2025-10: API(440) > DB(430), 차이 10건 → 복구 시작
[2025-12-14T03:40:21.525Z] [rent] 경상남도 진주시 2025-10: API(270) > DB(250), 차이 20건 → 복구 시작
[2025-12-14T03:40:29.584Z] [deal] 경상남도 창원시 마산합포구 2025-10: API(155) > DB(153), 차이 2건 → 복구 시작
[2025-12-14T03:40:33.040Z] [rent] 경상남도 창원시 마산합포구 2025-10: API(219) > DB(210), 차이 9건 → 복구 시작
[2025-12-14T03:40:37.640Z] [deal] 경상남도 창원시 마산회원구 2025-10: API(149) > DB(146), 차이 3건 → 복구 시작
[2025-12-14T03:40:41.288Z] [rent] 경상남도 창원시 마산회원구 2025-10: API(109) > DB(101), 차이 8건 → 복구 시작
[2025-12-14T03:40:43.868Z] [deal] 경상남도 창원시 성산구 2025-10: API(458) > DB(447), 차이 11건 → 복구 시작
[2025-12-14T03:40:54.807Z] [rent] 경상남도 창원시 성산구 2025-10: API(386) > DB(362), 차이 24건 → 복구 시작
[2025-12-14T03:41:02.509Z] [deal] 경상남도 창원시 의창구 2025-10: API(156) > DB(150), 차이 6건 → 복구 시작
[2025-12-14T03:41:05.928Z] [rent] 경상남도 창원시 의창구 2025-10: API(147) > DB(141), 차이 6건 → 복구 시작
[2025-12-14T03:41:09.933Z] [deal] 경상남도 창원시 진해구 2025-10: API(124) > DB(122), 차이 2건 → 복구 시작
[2025-12-14T03:41:14.086Z] [rent] 경상남도 창원시 진해구 2025-10: API(433) > DB(415), 차이 18건 → 복구 시작
[2025-12-14T03:41:23.838Z] [deal] 경상남도 통영시 2025-10: API(76) > DB(74), 차이 2건 → 복구 시작
[2025-12-14T03:41:25.669Z] [rent] 경상남도 통영시 2025-10: API(48) > DB(45), 차이 3건 → 복구 시작
[2025-12-14T03:41:28.980Z] [deal] 경상남도 함양군 2025-10: API(11) > DB(10), 차이 1건 → 복구 시작
[2025-12-14T03:41:32.981Z] [rent] 제주특별자치도 서귀포시 2025-10: API(115) > DB(109), 차이 6건 → 복구 시작
[2025-12-14T03:41:36.913Z] [deal] 제주특별자치도 제주시 2025-10: API(119) > DB(118), 차이 1건 → 복구 시작
[2025-12-14T03:41:39.792Z] [rent] 제주특별자치도 제주시 2025-10: API(258) > DB(249), 차이 9건 → 복구 시작
[2025-12-14T03:41:45.924Z] [deal] 강원특별자치도 강릉시 2025-10: API(144) > DB(141), 차이 3건 → 복구 시작
[2025-12-14T03:41:49.584Z] [rent] 강원특별자치도 강릉시 2025-10: API(291) > DB(276), 차이 15건 → 복구 시작
[2025-12-14T03:41:57.159Z] [deal] 강원특별자치도 동해시 2025-10: API(69) > DB(68), 차이 1건 → 복구 시작
[2025-12-14T03:41:59.009Z] [rent] 강원특별자치도 동해시 2025-10: API(129) > DB(127), 차이 2건 → 복구 시작
[2025-12-14T03:42:02.471Z] [deal] 강원특별자치도 속초시 2025-10: API(69) > DB(66), 차이 3건 → 복구 시작
[2025-12-14T03:42:05.966Z] [rent] 강원특별자치도 속초시 2025-10: API(175) > DB(165), 차이 10건 → 복구 시작
[2025-12-14T03:42:11.020Z] [rent] 강원특별자치도 양구군 2025-10: API(3) > DB(2), 차이 1건 → 복구 시작
[2025-12-14T03:42:14.956Z] [rent] 강원특별자치도 양양군 2025-10: API(14) > DB(13), 차이 1건 → 복구 시작
[2025-12-14T03:42:16.310Z] [deal] 강원특별자치도 원주시 2025-10: API(450) > DB(435), 차이 15건 → 복구 시작
[2025-12-14T03:42:25.712Z] [rent] 강원특별자치도 원주시 2025-10: API(710) > DB(669), 차이 41건 → 복구 시작
[2025-12-14T03:42:42.613Z] [rent] 강원특별자치도 철원군 2025-10: API(154) > DB(140), 차이 14건 → 복구 시작
[2025-12-14T03:42:45.963Z] [deal] 강원특별자치도 춘천시 2025-10: API(272) > DB(266), 차이 6건 → 복구 시작
[2025-12-14T03:42:51.722Z] [rent] 강원특별자치도 춘천시 2025-10: API(377) > DB(351), 차이 26건 → 복구 시작
[2025-12-14T03:42:59.465Z] [deal] 강원특별자치도 태백시 2025-10: API(32) > DB(31), 차이 1건 → 복구 시작
[2025-12-14T03:43:00.521Z] [rent] 강원특별자치도 태백시 2025-10: API(144) > DB(137), 차이 7건 → 복구 시작
[2025-12-14T03:43:03.583Z] [deal] 강원특별자치도 평창군 2025-10: API(28) > DB(27), 차이 1건 → 복구 시작
[2025-12-14T03:43:05.496Z] [deal] 강원특별자치도 홍천군 2025-10: API(34) > DB(33), 차이 1건 → 복구 시작
[2025-12-14T03:43:08.465Z] [rent] 강원특별자치도 횡성군 2025-10: API(317) > DB(143), 차이 174건 → 복구 시작
[2025-12-14T03:43:16.125Z] [deal] 전북특별자치도 군산시 2025-10: API(253) > DB(245), 차이 8건 → 복구 시작
[2025-12-14T03:43:21.429Z] [rent] 전북특별자치도 군산시 2025-10: API(337) > DB(310), 차이 27건 → 복구 시작
[2025-12-14T03:43:28.587Z] [deal] 전북특별자치도 김제시 2025-10: API(34) > DB(33), 차이 1건 → 복구 시작
[2025-12-14T03:43:29.697Z] [rent] 전북특별자치도 김제시 2025-10: API(96) > DB(89), 차이 7건 → 복구 시작
[2025-12-14T03:43:32.148Z] [rent] 전북특별자치도 남원시 2025-10: API(133) > DB(129), 차이 4건 → 복구 시작
[2025-12-14T03:43:36.157Z] [rent] 전북특별자치도 부안군 2025-10: API(10) > DB(8), 차이 2건 → 복구 시작
[2025-12-14T03:43:36.942Z] [deal] 전북특별자치도 순창군 2025-10: API(5) > DB(4), 차이 1건 → 복구 시작
[2025-12-14T03:43:37.807Z] [deal] 전북특별자치도 완주군 2025-10: API(125) > DB(122), 차이 3건 → 복구 시작
[2025-12-14T03:43:40.633Z] [rent] 전북특별자치도 완주군 2025-10: API(35) > DB(34), 차이 1건 → 복구 시작
[2025-12-14T03:43:41.728Z] [deal] 전북특별자치도 익산시 2025-10: API(227) > DB(221), 차이 6건 → 복구 시작
[2025-12-14T03:43:47.216Z] [rent] 전북특별자치도 익산시 2025-10: API(514) > DB(465), 차이 49건 → 복구 시작
[2025-12-14T03:43:59.528Z] [deal] 전북특별자치도 전주시 덕진구 2025-10: API(451) > DB(439), 차이 12건 → 복구 시작
[2025-12-14T03:44:10.447Z] [rent] 전북특별자치도 전주시 덕진구 2025-10: API(306) > DB(296), 차이 10건 → 복구 시작
[2025-12-14T03:44:16.774Z] [deal] 전북특별자치도 전주시 완산구 2025-10: API(434) > DB(419), 차이 15건 → 복구 시작
[2025-12-14T03:44:26.230Z] [rent] 전북특별자치도 전주시 완산구 2025-10: API(214) > DB(208), 차이 6건 → 복구 시작
[2025-12-14T03:44:30.775Z] [deal] 전북특별자치도 정읍시 2025-10: API(75) > DB(71), 차이 4건 → 복구 시작
[2025-12-14T03:44:32.988Z] [rent] 전북특별자치도 정읍시 2025-10: API(21) > DB(20), 차이 1건 → 복구 시작
